

        **********************************************************
        ** PROGRAM FullProf.2k (Version 5.60 - Jan2015-ILL JRC) **
        **********************************************************
                       M U L T I -- P A T T E R N                 
            Rietveld, Profile Matching & Integrated Intensity     
                 Refinement of X-ray and/or Neutron Data


    Date: 28/09/2015  Time: 14:40:57.606                              

 => PCR file code: Y2O3
 => DAT file code: Y2O3.dat             -> Relative contribution: 1.0000                                                            

 ==> CONDITIONS OF THIS RUN FOR PATTERN No.:  1

 => Global Refinement of X-ray powder diffraction data                                                                              
 => Global Refinement of X-ray powder diffraction data                                                                              
    Bragg-Brentano(X-rays) or Debye-Scherrer geometry(Neutrons)
 => Title:   O3 Y2

 => Number of phases:    1
 => Number of excluded regions:    2
 => Number of scattering factors supplied:    0
 => March-Dollase model for preferred orientation
 => Conventional weights: w=1.0/Variance(yobs)
 => Asymmetry correction as in J.Appl.Cryst. 26,128(1993)
 => Background refined by polynomial function
 => The    5th default profile function was selected
 => Pseudo-Voigt function (ETA variable)
                 X-parameter correspond to: ETA=ETA0+X*2theta
                       pV(x)= ETA*L(x)+(1-ETA)*G(x)

 ==> INPUT/OUTPUT OPTIONS:

 => Generate file *.PRF for plot
 => Output Integrated Intensities
 => Generate new input file *.PCR

 => X-Y type of data: 2theta/TOF/E(Kev) Intens sigma for pattern:  1
 => Plot pattern at each cycle
 => Wavelengths:  1.54056 1.54439
 => Alpha2/Alpha1 ratio:   0.5000
 => Cos(Monochromator angle)=   0.9100
 => Asymmetry correction for angles lower than   60.000 degrees
 => Absorption correction (AC), muR-eff =   0.0000  0.0000
 => Base of peaks: 2.0*HW*    8.00

 => Number of cycles:   10
 => Relaxation factors ==>    for coordinates:  1.00
 => for anisotropic temperature factors:  1.00
 => for halfwidth/strain/size parameters:  1.00
 => for lattice constants and propagation vectors:  1.00
 => EPS-value for convergence:    0.1

 => Excluded regions for Pattern#  1
    From     to
      1.0000     20.0000
    100.0000    160.0000

 => Number of Least-Squares parameters varied:     0

 =>--------------------------->
 =>------->  PATTERN number:  1
 =>--------------------------->
 => Global parameters and codes ==>
 => Zero-point:    -0.0414    0.0000
 => Background parameters and codes ==>
 => Origin of polynomial at 2theta/TOF/E(KeV):   40.000  
  586.30     -48.232      56.161     -60.643      20.070      2.7760    
        0.00        0.00        0.00        0.00        0.00        0.00
 => Displacement peak-shift parameter and code:     0.00    0.00
 => Transparency peak-shift parameter and code:     0.05    0.00

 => Reading Intensity data  =>>

 -> No recognizable heading in input data file X,Y,sigma
    First 6 lines are considered as COMMENTS (except for TSAMP keyword)
 -> COMMENT:   3.000    1643.000                                                                                                                 
 -> COMMENT:   3.020    1571.000                                                                                                                 
 -> COMMENT:   3.040    1569.000                                                                                                                 
 -> COMMENT:   3.060    1619.000                                                                                                                 
 -> COMMENT:   3.080    1554.000                                                                                                                 
 -> COMMENT:   3.100    1531.000                                                                                                                 
 ==> Angular range, step and number of points:
     2Thmin:       3.120000  2Thmax:     150.000000  Step:       0.020004  No. of points:   7345
 --------------------------------------------------------------------------------
 => Phase  No. 1
      O3 Y2                                                                 
 --------------------------------------------------------------------------------
 =>-------> Pattern#  1
 => Crystal Structure Refinement
 => The    7th profile function was selected for phase no.  1
 => Preferred orientation vector:   0.0000  0.0000  1.0000

 =>-------> Data for PHASE: 1
 => Number of atoms:    3
 => Number of distance  constraints:    0
 => Number of angle     constraints:    0

 => Symmetry information on space group: I a -3              
 -> The multiplicity of the general position is:  48
 -> The space group is Centric (-1 at origin)   
 -> Lattice type  I: { 000; 1/2 1/2 1/2 }+                         
 -> Reduced set of symmetry operators:

  No.  IT   Symmetry symbol    Rotation part     Associated Translation
   1: ( 1)   1            -->     ( x, y, z) + {  0.0000  0.0000  0.0000}
   2: ( 4)   2 ( x, 0, 0) -->     ( x,-y,-z) + {  0.5000  0.5000  0.0000}
   3: ( 3)   2 ( 0, y, 0) -->     (-x, y,-z) + {  0.0000  0.5000  0.5000}
   4: ( 2)   2 ( 0, 0, z) -->     (-x,-y, z) + {  0.5000  0.0000  0.5000}
   5: ( 9)  3- ( x, x, x) -->     ( y, z, x) + {  0.0000  0.0000  0.0000}
   6: (12)  3- (-x, x,-x) -->     (-y,-z, x) + {  0.5000  0.0000  0.5000}
   7: (11)  3- (-x,-x, x) -->     ( y,-z,-x) + {  0.5000  0.5000  0.0000}
   8: (10)  3- ( x,-x,-x) -->     (-y, z,-x) + {  0.0000  0.5000  0.5000}
   9: ( 5)  3+ ( x, x, x) -->     ( z, x, y) + {  0.0000  0.0000  0.0000}
  10: ( 8)  3+ (-x,-x, x) -->     (-z, x,-y) + {  0.0000  0.5000  0.5000}
  11: ( 7)  3+ ( x,-x,-x) -->     (-z,-x, y) + {  0.5000  0.0000  0.5000}
  12: ( 6)  3+ (-x, x,-x) -->     ( z,-x,-y) + {  0.5000  0.5000  0.0000}


        Information on Space Group: 
        --------------------------- 

 =>   Number of Space group: 206
 =>  Hermann-Mauguin Symbol: I a -3
 =>             Hall Symbol: -I 2b 2c 3
 =>            Setting Type: IT (Generated from Hermann-Mauguin symbol)
 =>          Crystal System: Cubic
 =>              Laue Class: m-3
 =>             Point Group: m-3
 =>         Bravais Lattice: I
 =>          Lattice Symbol: cI
 =>  Reduced Number of S.O.:  12
 =>    General multiplicity:  48
 =>          Centrosymmetry: Centric (-1 at origin)
 =>  Generators (exc. -1&L):   3
 =>         Asymmetric unit:  0.000 <= x <=  0.500
                              0.000 <= y <=  0.500
                              0.000 <= z <=  0.250

 => List of S.O. without inversion and lattice centring translations
 => SYMM(  1): x,y,z                               => SYMM(  2): x+1/2,-y+1/2,-z
 => SYMM(  3): -x,y+1/2,-z+1/2                     => SYMM(  4): -x+1/2,-y,z+1/2
 => SYMM(  5): y,z,x                               => SYMM(  6): -y+1/2,-z,x+1/2
 => SYMM(  7): y+1/2,-z+1/2,-x                     => SYMM(  8): -y,z+1/2,-x+1/2
 => SYMM(  9): z,x,y                               => SYMM( 10): -z,x+1/2,-y+1/2
 => SYMM( 11): -z+1/2,-x,y+1/2                     => SYMM( 12): z+1/2,-x+1/2,-y


 => Initial parameters ==>
 Atom    Ntyp                  X         Y         Z         B         occ.         in  fin  Spc  Mult
                             B11       B22       B33       B12       B13       B23
 Y1     Y                  0.25000   0.25000   0.25000   6.77872   0.16595           0    0    0    8
                 Codes:    0.00000   0.00000   0.00000   0.00000   0.00000
                 Betas:   -0.00148  -0.00554  -0.00554   0.00000   0.00000   0.00000
                 Codes:    0.00000   0.00000   0.00000   0.00000   0.00000   0.00000
 Y2     Y                  0.96766   0.00000   0.25000   4.83652   0.50000           0    0    0   24
                 Codes:    0.00000   0.00000   0.00000   0.00000   0.00000
                 Betas:   -0.00010  -0.00001   0.00007   0.00000   0.00000  -0.00003
                 Codes:    0.00000   0.00000   0.00000   0.00000   0.00000   0.00000
 O1     O                  0.39128   0.15278   0.38049   5.34872   1.07731           0    0    0   48
                 Codes:    0.00000   0.00000   0.00000   0.00000   0.00000
                 Betas:   -0.00019   0.00000  -0.00007   0.00045   0.00000   0.00093
                 Codes:    0.00000   0.00000   0.00000   0.00000   0.00000   0.00000

 => IT IS ASSUMED THAT THE FIRST GIVEN SITE IS FULLY OCCUPIED 
    OR THE FIRST AND SECOND ATOMS ARE IN THE SAME SITE WITH TOTAL FULL OCCUPATION
  (If this is not the case, change the order of atoms to obtain correct values for the content of the unit cell)
    The given occupation factors have been obtained mutiplying m/M by   0.9957
      -> Atom: Y   ,  Chemical element: Y   Atomic Mass:    88.9059
      -> Atom: Y   ,  Chemical element: Y   Atomic Mass:    88.9059
      -> Atom: O   ,  Chemical element: O   Atomic Mass:    15.9994
 => The given value of ATZ is       3653.50 the program has calculated:        3653.50
    The value of ATZ given in the input PCR file will be used for quantitative analysis
 => The chemical content of the unit cell is: 
       8.0000 Y    +  24.1036 Y    +  51.9342 O      
 => The normalized site occupation numbers in % are: 
     100.0000 Y1     :      100.4319 Y2     :      108.1962 O1       
 => The density (volumic mass) of the compound is:    5.133 g/cm3

 =>-------> PROFILE PARAMETERS FOR PATTERN:  1

 => Overall scale factor:   0.102530E-03
 => ETA (p-Voigt) OR M (Pearson VII):   0.0000
 => Overall temperature factor:     -4.47932
 => Halfwidth U,V,W:      0.01243    -0.01908     0.00753
 => X and Y parameters:       0.0162      0.0455
 => Direct cell parameters:   10.6031  10.6031  10.6031  90.0000  90.0000  90.0000
 => Preferred orientation parameters:   1.0000  1.0000
 => Asymmetry parameters     :     -0.22034    -0.04880     0.58154     0.16385
 => Strain parameters        :      0.00000     0.00000     0.00000
 => Size   parameters        :      0.00164     0.00000
 => Further shape parameters (S_L and D_L):   0.00000   0.00000
    S_L is source width/detector distance
    D_L is detector width/detector distance

 ==> CODEWORDS FOR PROFILE PARAMETERS of PATTERN#  1

 => Overall scale factor:    0.000
 => ETA (p-Voigt) OR M (Pearson VII):    0.000
 => Overall temperature factor:    0.000
 => Halfwidth U,V,W:    0.000   0.000   0.000
 => X and Y parameters:    0.000   0.000
 => Direct cell parameters:    0.000   0.000   0.000   0.000   0.000   0.000
 => Preferred orientation parameters:    0.000   0.000
 => Asymmetry parameters     :    0.000   0.000   0.000   0.000
 => Strain parameters        :    0.000   0.000   0.000
 => Size   parameters        :    0.000   0.000

 => Cell constraints according to Laue symmetry: m-3  

        Metric information:
        -------------------

 => Direct cell parameters:

         a =      10.6031      b =      10.6031      c =      10.6031
     alpha =       90.000   beta =       90.000  gamma =       90.000
                        Direct Cell Volume =    1192.0686

 => Reciprocal cell parameters:

         a*=     0.094312      b*=     0.094312      c*=     0.094312
     alpha*=       90.000   beta*=       90.000  gamma*=       90.000
                    Reciprocal Cell Volume =   0.00083888

 => Direct and Reciprocal Metric Tensors:

                   GD                                       GR
    112.4262      0.0000      0.0000          0.008895    0.000000    0.000000
      0.0000    112.4262      0.0000          0.000000    0.008895    0.000000
      0.0000      0.0000    112.4262          0.000000    0.000000    0.008895

 =>  Cartesian frame: x // a; y is in the ab-plane; z is x ^ y   

     Crystal_to_Orthonormal_Matrix              Orthonormal_to_Crystal Matrix
              Cr_Orth_cel                               Orth_Cr_cel  
     10.6031      0.0000      0.0000          0.094312    0.000000    0.000000
      0.0000     10.6031      0.0000          0.000000    0.094312    0.000000
      0.0000      0.0000     10.6031          0.000000    0.000000    0.094312

     Busing-Levy B-matrix: Hc=B.H            Inverse of the Busing-Levy B-matrix
                BL_M                                      BL_Minv  
    0.094312    0.000000    0.000000           10.6031      0.0000      0.0000
    0.000000    0.094312    0.000000            0.0000     10.6031      0.0000
    0.000000    0.000000    0.094312            0.0000      0.0000     10.6031

 => Laue symmetry m-3   will be used to generate HKL for pattern#   1
 => Reflections generated between S(1/d)min:  0.0353 A-1 and S(1/d)max:  1.2585 A-1
 =>                                    dmax: 28.3647 A   and      dmin:  0.7946 A
 => The number of reflections generated is:    211
 => The max. scatt. variable (gen.ref.) is:       151.5901
 => Scattering coefficients from internal table


 => X-ray scattering coeff. (A1, B1, A2,...C, f(0), Z, Dfp,Dfpp)

 Y      17.7760   1.4029  10.2946  12.8006   5.7263   0.1256   3.2659 104.3540   1.9121  38.9749  39.0000  -0.3860   2.0250
 O       3.0485  13.2771   2.2868   5.7011   1.5463   0.3239   0.8670  32.9089   0.2508   7.9994   8.0000   0.0470   0.0320
  
 
 => No optimization for routine tasks
 ++++++++++++++++++++++++++++++++++++++++++++++++++++++++++++++++++++++++++++++++++++++++++++++++++++++++++++++++++++++++

 => CYCLE No.:    1
 ---------------------------------------------------------------------------------------
 => Phase  1 Name: O3 Y2                                                                 
 ---------------------------------------------------------------------------------------
 => New parameters, shifts, and standard deviations

 Atom        x       dx      sx       y       dy      sy       z       dz      sz       B       dB      sB      occ.    docc.   socc.

 Y1       0.25000 0.00000 0.00000  0.25000 0.00000 0.00000  0.25000 0.00000 0.00000  6.77872 0.00000 0.00000  0.16595 0.00000 0.00000
 Y2       0.96766 0.00000 0.00000  0.00000 0.00000 0.00000  0.25000 0.00000 0.00000  4.83652 0.00000 0.00000  0.50000 0.00000 0.00000
 O1       0.39128 0.00000 0.00000  0.15278 0.00000 0.00000  0.38049 0.00000 0.00000  5.34872 0.00000 0.00000  1.07731 0.00000 0.00000

 Atom         B11      DB11      SB11       B22      DB22      SB22       B33      DB33      SB33
              B12      DB12      SB12       B13      DB13      SB13       B23      DB23      SB23
 Y1     -0.001480  0.000000  0.000000 -0.005540  0.000000  0.000000 -0.005540  0.000000  0.000000
         0.000000  0.000000  0.000000  0.000000  0.000000  0.000000  0.000000  0.000000  0.000000
 Y2     -0.000100  0.000000  0.000000 -0.000010  0.000000  0.000000  0.000070  0.000000  0.000000
         0.000000  0.000000  0.000000  0.000000  0.000000  0.000000 -0.000030  0.000000  0.000000
 O1     -0.000190  0.000000  0.000000  0.000000  0.000000  0.000000 -0.000070  0.000000  0.000000
         0.000450  0.000000  0.000000  0.000000  0.000000  0.000000  0.000930  0.000000  0.000000

 ==> PROFILE PARAMETERS FOR PATTERN#  1

 => Overall scale factor:      0.000102530     0.000000000     0.000000000
 => Eta(p-Voigt) or m(Pearson VII):   0.000000  0.000000  0.000000
 => Overall tem. factor:    -4.479320    0.000000    0.000000
 => Halfwidth parameters: 
         0.012426    0.000000    0.000000
        -0.019081    0.000000    0.000000
         0.007526    0.000000    0.000000
 => Cell parameters: 
       10.603122    0.000000    0.000000
       10.603122    0.000000    0.000000
       10.603122    0.000000    0.000000
       90.000000    0.000000    0.000000
       90.000000    0.000000    0.000000
       90.000000    0.000000    0.000000
 => Preferred orientation: 
         1.000000    0.000000    0.000000
         1.000000    0.000000    0.000000
 => Asymmetry parameters: 
        -0.220340    0.000000    0.000000
        -0.048800    0.000000    0.000000
         0.581540    0.000000    0.000000
         0.163850    0.000000    0.000000
 => X and Y parameters: 
         0.016194    0.000000    0.000000
         0.045519    0.000000    0.000000
 => Strain parameters: 
         0.000000    0.000000    0.000000
         0.000000    0.000000    0.000000
         0.000000    0.000000    0.000000
 => Size   parameters (G,L): 
         0.001642    0.000000    0.000000
         0.000000    0.000000    0.000000
 => Further shape parameters (S_L and D_L): 
       0.000000  0.000000  0.000000
       0.000000  0.000000  0.000000

 ==> GLOBAL PARAMETERS FOR PATTERN#  1


 => Zero-point:    -0.0414    0.0000    0.0000
 => Background Polynomial Parameters ==>
       586.30      0.0000      0.0000    
      -48.232      0.0000      0.0000    
       56.161      0.0000      0.0000    
      -60.643      0.0000      0.0000    
       20.070      0.0000      0.0000    
       2.7760      0.0000      0.0000    

 => Cos( theta)-shift parameter :   0.0000  0.0000  0.0000
 => Sin(2theta)-shift parameter :   0.0478  0.0000  0.0000

 ==> RELIABILITY FACTORS WITH ALL NON-EXCLUDED POINTS FOR PATTERN:  1

 => R-Factors:   3.35      4.59     Chi2:  2.53     DW-Stat.:  0.9475   Patt#:  1
 => Expected :            2.89                                1.9018
 => Deviance : 0.103E+05     Dev*:   2.563    
 => GoF-index:  1.6         Sqrt(Residual/N)
 => N-P+C:  3999

 =>    SumYdif       SumYobs      SumYcal      SumwYobsSQ     Residual    Condition
     0.1610E+06    0.4798E+07    0.4788E+07    0.4798E+07    0.1012E+05     0.000    


 => Conventional Rietveld Rp,Rwp,Re and Chi2:   6.44      7.02      4.41      2.529    
 => (Values obtained using Ynet, but true sigma(y))
 =>  SumYnet, Sum(w Ynet**2):     0.2499E+07    0.2054E+07


 ==> RELIABILITY FACTORS FOR POINTS WITH BRAGG CONTRIBUTIONS FOR PATTERN:  1

 => R-Factors:   3.21      4.37     Chi2:  2.51     DW-Stat.:  1.1392   Patt#:
 => Expected :            2.76                                1.8928
 => Deviance : 0.844E+04     Dev*:   2.514    
 => GoF-index:  1.6         Sqrt(Residual/N)
 => N-P+C:  3358

 =>    SumYdif       SumYobs      SumYcal      SumwYobsSQ     Residual    Condition
     0.1418E+06    0.4413E+07    0.4407E+07    0.4413E+07     8413.         0.000    


 => Conventional Rietveld Rp,Rwp,Re and Chi2:   5.69      6.40      4.04      2.505    
 => (Values obtained using Ynet, but true sigma(y))
 =>  SumYnet, Sum(w Ynet**2):     0.2494E+07    0.2053E+07


 => Global user-weigthed Chi2 (Bragg contrib.):   3.01    

 => ---------> Pattern#  1
 => Phase:  1
 =>    Bragg R-factor:  1.98    
 =>    RF-factor     :  1.68    


   Standard deviations have to be multiplied by: 2.2777
   (correlated residuals) See references:
  -J.F.Berar & P.Lelann, J. Appl. Cryst. 24, 1-5 (1991) 
  -J.F.Berar, Acc. in Pow. Diff. II,NIST Sp.Pub. 846, 63(1992) 

 ++++++++++++++++++++++++++++++++++++++++++++++++++++++++++++++++++++++++++++++++++++++++++++++++++++++++++++++++++++++++

 => CYCLE No.:    1
 =>  Convergence reached at this CYCLE !!!!
 =>  Parameter shifts set to zero
 ---------------------------------------------------------------------------------------
 => Phase  1 Name: O3 Y2                                                                 
 ---------------------------------------------------------------------------------------
 => New parameters, shifts, and standard deviations

 Atom        x       dx      sx       y       dy      sy       z       dz      sz       B       dB      sB      occ.    docc.   socc.

 Y1       0.25000 0.00000 0.00000  0.25000 0.00000 0.00000  0.25000 0.00000 0.00000  6.77872 0.00000 0.00000  0.16595 0.00000 0.00000
 Y2       0.96766 0.00000 0.00000  0.00000 0.00000 0.00000  0.25000 0.00000 0.00000  4.83652 0.00000 0.00000  0.50000 0.00000 0.00000
 O1       0.39128 0.00000 0.00000  0.15278 0.00000 0.00000  0.38049 0.00000 0.00000  5.34872 0.00000 0.00000  1.07731 0.00000 0.00000

 Atom         B11      DB11      SB11       B22      DB22      SB22       B33      DB33      SB33
              B12      DB12      SB12       B13      DB13      SB13       B23      DB23      SB23
 Y1     -0.001480  0.000000  0.000000 -0.005540  0.000000  0.000000 -0.005540  0.000000  0.000000
         0.000000  0.000000  0.000000  0.000000  0.000000  0.000000  0.000000  0.000000  0.000000

    U-Eigen Value (A**2) ----      Eigen vector(Orth. syst.)
       -0.00843          ----    1.00000    0.00000    0.00000
       -0.03155          ----    0.00000    0.70711    0.70711
       -0.03155          ----    0.00000    0.70711   -0.70711

   -> Matrix U non-positive definite! 

   -> Matrix U non-positive definite! 

   -> Matrix U non-positive definite! 

    Isotropic temperature factor Uequiv(A**2):  -0.0238
    Isotropic temperature factor Bequiv(A**2):  -1.8828

 Y2     -0.000100  0.000000  0.000000 -0.000010  0.000000  0.000000  0.000070  0.000000  0.000000
         0.000000  0.000000  0.000000  0.000000  0.000000  0.000000 -0.000030  0.000000  0.000000

    U-Eigen Value (A**2) ----      Eigen vector(Orth. syst.)
       -0.00057          ----    1.00000    0.00000    0.00000
       -0.00011          ----    0.00000    0.94868    0.31623
        0.00046          ----    0.00000    0.31623   -0.94868

   -> Matrix U non-positive definite! 

   -> Matrix U non-positive definite! 

    Isotropic temperature factor Uequiv(A**2):  -0.0001
    Isotropic temperature factor Bequiv(A**2):  -0.0060

 O1     -0.000190  0.000000  0.000000  0.000000  0.000000  0.000000 -0.000070  0.000000  0.000000
         0.000450  0.000000  0.000000  0.000000  0.000000  0.000000  0.000930  0.000000  0.000000

    U-Eigen Value (A**2) ----      Eigen vector(Orth. syst.)
       -0.00616          ----    0.34824   -0.69017    0.63435
        0.00563          ----   -0.27571   -0.72218   -0.63438
       -0.00095          ----   -0.89594   -0.04602    0.44178

   -> Matrix U non-positive definite! 

   -> Matrix U non-positive definite! 

    Isotropic temperature factor Uequiv(A**2):  -0.0005
    Isotropic temperature factor Bequiv(A**2):  -0.0390


 ==> PROFILE PARAMETERS FOR PATTERN#  1

 => Overall scale factor:      0.000102530     0.000000000     0.000000000
 => Eta(p-Voigt) or m(Pearson VII):   0.000000  0.000000  0.000000
 => Overall tem. factor:    -4.479320    0.000000    0.000000
 => Halfwidth parameters: 
         0.012426    0.000000    0.000000
        -0.019081    0.000000    0.000000
         0.007526    0.000000    0.000000
 => Cell parameters: 
       10.603122    0.000000    0.000000
       10.603122    0.000000    0.000000
       10.603122    0.000000    0.000000
       90.000000    0.000000    0.000000
       90.000000    0.000000    0.000000
       90.000000    0.000000    0.000000
 => Preferred orientation: 
         1.000000    0.000000    0.000000
         1.000000    0.000000    0.000000
 => Asymmetry parameters: 
        -0.220340    0.000000    0.000000
        -0.048800    0.000000    0.000000
         0.581540    0.000000    0.000000
         0.163850    0.000000    0.000000
 => X and Y parameters: 
         0.016194    0.000000    0.000000
         0.045519    0.000000    0.000000
 => Strain parameters: 
         0.000000    0.000000    0.000000
         0.000000    0.000000    0.000000
         0.000000    0.000000    0.000000
 => Size   parameters (G,L): 
         0.001642    0.000000    0.000000
         0.000000    0.000000    0.000000
 => Further shape parameters (S_L and D_L): 
       0.000000  0.000000  0.000000
       0.000000  0.000000  0.000000

 ==> GLOBAL PARAMETERS FOR PATTERN#  1


 => Zero-point:    -0.0414    0.0000    0.0000
 => Background Polynomial Parameters ==>
       586.30      0.0000      0.0000    
      -48.232      0.0000      0.0000    
       56.161      0.0000      0.0000    
      -60.643      0.0000      0.0000    
       20.070      0.0000      0.0000    
       2.7760      0.0000      0.0000    

 => Cos( theta)-shift parameter :   0.0000  0.0000  0.0000
 => Sin(2theta)-shift parameter :   0.0478  0.0000  0.0000

 ==> RELIABILITY FACTORS WITH ALL NON-EXCLUDED POINTS FOR PATTERN:  1

 => R-Factors:   3.35      4.59     Chi2:  2.53     DW-Stat.:  0.9475   Patt#:  1
 => Expected :            2.89                                1.9018
 => Deviance : 0.103E+05     Dev*:   2.563    
 => GoF-index:  1.6         Sqrt(Residual/N)
 => N-P+C:  3999

 =>    SumYdif       SumYobs      SumYcal      SumwYobsSQ     Residual    Condition
     0.1610E+06    0.4798E+07    0.4788E+07    0.4798E+07    0.1012E+05     0.000    


 => Conventional Rietveld Rp,Rwp,Re and Chi2:   6.44      7.02      4.41      2.529    
 => (Values obtained using Ynet, but true sigma(y))
 =>  SumYnet, Sum(w Ynet**2):     0.2499E+07    0.2054E+07

 => N-sigma of the GoF:   68.392

 ==> RELIABILITY FACTORS FOR POINTS WITH BRAGG CONTRIBUTIONS FOR PATTERN:  1

 => R-Factors:   3.21      4.37     Chi2:  2.51     DW-Stat.:  1.1392   Patt#:
 => Expected :            2.76                                1.8928
 => Deviance : 0.844E+04     Dev*:   2.514    
 => GoF-index:  1.6         Sqrt(Residual/N)
 => N-P+C:  3358

 =>    SumYdif       SumYobs      SumYcal      SumwYobsSQ     Residual    Condition
     0.1418E+06    0.4413E+07    0.4407E+07    0.4413E+07     8413.         0.000    


 => Conventional Rietveld Rp,Rwp,Re and Chi2:   5.69      6.40      4.04      2.505    
 => (Values obtained using Ynet, but true sigma(y))
 =>  SumYnet, Sum(w Ynet**2):     0.2494E+07    0.2053E+07

 => N-sigma of the GoF:       61.682

 => Global user-weigthed Chi2 (Bragg contrib.):   3.01    

 => ---------> Pattern#  1
 => Phase:  1
 =>    Bragg R-factor:  1.98    
 =>    RF-factor     :  1.68    

 --------------------------------------------------------------------------------------------------------------
 Pattern#  1 Phase No:   1 Phase name: O3 Y2                         
 --------------------------------------------------------------------------------------------------------------

   No.  Code     H   K   L  Mult     Hw         2theta      Icalc       Iobs      Sigma      HwG     HwL       ETA       d-hkl        CORR

      1   1      2   1   1    24  0.107740      20.500     1163.0     1154.2      9.706  0.078597  0.049186  0.534747  4.328706    780.514526
      2   1      2   2   0    12  0.105800      23.715        3.4       18.9     83.423  0.076039  0.049911  0.549901  3.748770    300.204163
      3   1      2   2   2     8  0.102725      29.151    10019.6    10083.2     63.857  0.071817  0.051243  0.576488  3.060858    140.413452
      4   1      2   3   1    24  0.101462      31.545       29.9       38.9     11.784  0.070006  0.051874  0.588525  2.833803    370.480225
      5   1      3   2   1    24  0.101462      31.545        4.9        6.4      1.946  0.070006  0.051874  0.588525  2.833803    370.480225
      6   1      4   0   0     6  0.100337      33.786     2435.2     2387.5     46.140  0.068343  0.052490  0.599938  2.650780     83.169983
      7   1      4   1   1    24  0.099329      35.903      489.7      487.0      4.877  0.066803  0.053095  0.610821  2.499180    303.532898
      8   1      2   4   0    12  0.098424      37.917       41.8       37.4      3.998  0.065371  0.053693  0.621238  2.370930    140.228104
      9   1      4   2   0    12  0.098424      37.917       67.7       60.7      6.476  0.065371  0.053693  0.621238  2.370930    140.228104
     10   1      3   3   2    24  0.097612      39.844      619.3      601.1     17.747  0.064034  0.054286  0.631233  2.260593    261.807373
     11   1      4   2   2    24  0.096883      41.696       90.1       81.9      7.938  0.062783  0.054875  0.640837  2.164353    246.492096
     12   1      3   4   1    24  0.096233      43.484      470.8      470.2      2.683  0.061611  0.055463  0.650072  2.079443    233.753754
     13   1      4   3   1    24  0.096233      43.484      382.8      382.2      2.181  0.061611  0.055463  0.650072  2.079443    233.753754
     14   1      2   5   1    24  0.095153      46.894      151.3      157.9      6.988  0.059486  0.056639  0.667489  1.935856    213.995071
     15   1      5   2   1    24  0.095153      46.894      129.9      135.5      5.997  0.059486  0.056639  0.667489  1.935856    213.995071
     16   1      4   4   0    12  0.094718      48.529     4403.5     4429.2     26.722  0.058527  0.057230  0.675685  1.874385    103.142639
     17   1      4   3   3    24  0.094349      50.124      226.7      254.5     30.606  0.057633  0.057823  0.683542  1.818420    199.698822
     18   1      4   4   2    24  0.094046      51.682        5.3        5.6      0.518  0.056803  0.058419  0.691061  1.767187    194.062134
     19   1      6   0   0     6  0.094046      51.682       39.3       42.0      3.861  0.056803  0.058419  0.691061  1.767187     48.515533
     20   1      3   5   2    24  0.093809      53.208       84.6       89.8      5.806  0.056038  0.059020  0.698238  1.720053    189.239304
     21   1      5   3   2    24  0.093809      53.208       98.3      104.3      6.742  0.056038  0.059020  0.698238  1.720053    189.239304
     22   1      6   1   1    24  0.093809      53.208      349.6      371.2     23.987  0.056038  0.059020  0.698237  1.720054    189.239288
     23   1      2   6   0    12  0.093636      54.704       71.5       72.7      2.307  0.055336  0.059626  0.705068  1.676501     92.561264
     24   1      6   2   0    12  0.093636      54.704       43.4       44.1      1.399  0.055336  0.059626  0.705068  1.676501     92.561264
     25   1      4   5   1    24  0.093528      56.173      247.3      265.0     18.610  0.054697  0.060237  0.711548  1.636097    181.625671
     26   1      5   4   1    24  0.093528      56.173      181.0      194.0     13.623  0.054697  0.060237  0.711548  1.636097    181.625671
     27   1      6   2   2    24  0.093486      57.617     2909.8     3000.4     91.233  0.054122  0.060854  0.717670  1.598481    178.679718
     28   1      3   6   1    24  0.093510      59.038      322.3      337.5     15.592  0.053612  0.061478  0.723428  1.563345    176.228424
     29   1      6   3   1    24  0.093510      59.038      304.9      319.3     14.751  0.053612  0.061478  0.723428  1.563345    176.228424
     30   1      4   4   4     8  0.093600      60.438      483.1      505.9     23.472  0.053167  0.062110  0.728817  1.530429     58.075542
     31   1      4   5   3    24  0.093757      61.820       73.4       73.5      1.141  0.052789  0.062750  0.733830  1.499508    172.637375
     32   1      5   4   3    24  0.093757      61.820      129.6      129.7      2.016  0.052789  0.062750  0.733830  1.499508    172.637375
     33   1      4   6   0    12  0.093983      63.183      104.7      103.4      2.784  0.052479  0.063398  0.738461  1.470388     85.715477
     34   1      6   4   0    12  0.093983      63.183       17.6       17.4      0.469  0.052479  0.063398  0.738461  1.470388     85.715477
     35   1      2   7   1    24  0.094277      64.531       86.8       82.2      4.285  0.052238  0.064055  0.742705  1.442902    170.583435
     36   1      5   5   2    24  0.094277      64.531        6.0        5.7      0.295  0.052238  0.064055  0.742705  1.442902    170.583435
     37   1      6   3   3    24  0.094277      64.531      103.1       97.7      5.089  0.052238  0.064055  0.742705  1.442902    170.583435
     38   1      7   2   1    24  0.094277      64.531      142.9      135.4      7.057  0.052238  0.064055  0.742705  1.442902    170.583435
     39   1      4   6   2    24  0.094643      65.863       22.3       21.8      0.656  0.052067  0.064722  0.746559  1.416902    170.075775
     40   1      6   4   2    24  0.094643      65.863      124.2      121.5      3.656  0.052067  0.064722  0.746559  1.416902    170.075775
     41   1      3   7   2    24  0.096173      69.782        0.6        0.6      0.019  0.051991  0.066788  0.755746  1.346598    170.462173
     42   1      5   6   1    24  0.096173      69.782      111.7      108.7      3.300  0.051991  0.066788  0.755746  1.346598    170.462173
     43   1      6   5   1    24  0.096173      69.782       98.2       95.6      2.901  0.051991  0.066788  0.755746  1.346598    170.462173
     44   1      7   3   2    24  0.096173      69.782        1.4        1.4      0.042  0.051991  0.066788  0.755746  1.346598    170.462173
     45   1      8   0   0     6  0.096832      71.066      449.1      453.8      5.962  0.052117  0.067500  0.758016  1.325390     42.800114
     46   1      4   7   1    24  0.097568      72.340       78.6       78.5      0.739  0.052319  0.068226  0.759891  1.305154    172.237076
     47   1      5   5   4    24  0.097568      72.340       60.8       60.8      0.571  0.052319  0.068226  0.759891  1.305154    172.237106
     48   1      7   4   1    24  0.097568      72.340       63.9       63.8      0.600  0.052319  0.068226  0.759891  1.305154    172.237076
     49   1      8   1   1    24  0.097568      72.340      174.1      173.8      1.635  0.052319  0.068226  0.759891  1.305154    172.237106
     50   1      2   8   0    12  0.098382      73.605       56.2       56.0      0.874  0.052601  0.068964  0.761376  1.285817     86.785866
     51   1      6   4   4    24  0.098382      73.605       45.6       45.4      0.709  0.052601  0.068964  0.761376  1.285817    173.571732
     52   1      8   2   0    12  0.098382      73.605       89.8       89.5      1.396  0.052601  0.068964  0.761376  1.285817     86.785866
     53   1      5   6   3    24  0.099275      74.862      107.7      107.2      1.583  0.052962  0.069718  0.762477  1.267315    175.206482
     54   1      6   5   3    24  0.099275      74.862      113.4      112.9      1.667  0.052962  0.069718  0.762477  1.267315    175.206482
     55   1      6   6   0    12  0.100249      76.111        1.8        1.9      0.087  0.053405  0.070486  0.763198  1.249590     88.572624
     56   1      8   2   2    24  0.100249      76.111      128.6      134.2      6.225  0.053405  0.070486  0.763198  1.249590    177.145248
     57   1      7   4   3    24  0.101306      77.354       62.8       64.6      1.829  0.053930  0.071270  0.763548  1.232588    179.394226
     58   1      8   3   1    24  0.101306      77.354      119.4      122.7      3.476  0.053930  0.071270  0.763548  1.232588    179.394241
     59   1      3   8   1    24  0.101306      77.354       98.8      101.5      2.877  0.053930  0.071270  0.763548  1.232588    179.394211
     60   1      4   7   3    24  0.101306      77.354       63.0       64.8      1.834  0.053930  0.071270  0.763548  1.232588    179.394196

   No.  Code     H   K   L  Mult     Hw         2theta      Icalc       Iobs      Sigma      HwG     HwL       ETA       d-hkl        CORR

     61   1      6   6   2    24  0.102446      78.591      786.5      787.7      4.656  0.054538  0.072071  0.763538  1.216262    181.961380
     62   1      5   7   2    24  0.103671      79.822        1.5        2.6      1.868  0.055230  0.072889  0.763175  1.200567    184.856522
     63   1      7   5   2    24  0.103671      79.822        6.3       10.8      7.758  0.055230  0.072889  0.763175  1.200567    184.856522
     64   1      4   8   0    12  0.104984      81.049      256.2      259.7      4.481  0.056008  0.073726  0.762474  1.185465     94.045807
     65   1      8   4   0    12  0.104984      81.049      256.0      259.5      4.478  0.056008  0.073726  0.762474  1.185465     94.045807
     66   1      8   3   3    24  0.106384      82.271      102.0      103.5      2.875  0.056872  0.074582  0.761444  1.170919    191.680466
     67   1      4   8   2    24  0.107875      83.490       61.8       63.1      1.914  0.057822  0.075459  0.760101  1.156895    195.638947
     68   1      8   4   2    24  0.107875      83.490       51.8       52.9      1.604  0.057822  0.075459  0.760101  1.156895    195.638947
     69   1      2   9   1    24  0.109458      84.706        4.1        4.2      0.085  0.058861  0.076358  0.758457  1.143364    199.984802
     70   1      6   5   5    24  0.109458      84.706      123.8      125.7      2.544  0.058861  0.076358  0.758457  1.143364    199.984802
     71   1      6   7   1    24  0.109458      84.706       56.8       57.7      1.167  0.058861  0.076358  0.758457  1.143364    199.984802
     72   1      7   6   1    24  0.109458      84.706       42.8       43.5      0.880  0.058861  0.076358  0.758457  1.143364    199.984802
     73   1      9   2   1    24  0.109458      84.706        8.6        8.7      0.177  0.058861  0.076358  0.758457  1.143364    199.984802
     74   1      6   6   4    24  0.111134      85.920       18.8       20.2      2.432  0.059989  0.077279  0.756526  1.130297    204.738235
     75   1      5   7   4    24  0.112907      87.131       63.3       63.0      0.967  0.061206  0.078224  0.754324  1.117667    209.921463
     76   1      7   5   4    24  0.112907      87.131       42.6       42.4      0.651  0.061206  0.078224  0.754324  1.117667    209.921463
     77   1      5   8   1    24  0.112907      87.131       83.1       82.7      1.269  0.061206  0.078224  0.754324  1.117667    209.921463
     78   1      8   5   1    24  0.112907      87.131       58.4       58.1      0.892  0.061206  0.078224  0.754324  1.117667    209.921463
     79   1      3   9   2    24  0.116750      89.552       12.8       13.4      0.622  0.063916  0.080191  0.749163  1.093629    221.679214
     80   1      6   7   3    24  0.116750      89.552      108.8      113.8      5.294  0.063916  0.080191  0.749163  1.093629    221.679245
     81   1      7   6   3    24  0.116750      89.552      126.2      132.0      6.139  0.063916  0.080191  0.749163  1.093629    221.679245
     82   1      9   3   2    24  0.116750      89.552       14.3       15.0      0.698  0.063916  0.080191  0.749163  1.093629    221.679214
     83   1      8   4   4    24  0.118826      90.761      570.0      588.0     18.432  0.065411  0.081216  0.746234  1.082177    228.311203
     84   1      4   9   1    24  0.121009      91.971       25.4       26.4      1.085  0.067002  0.082271  0.743092  1.071077    235.488342
     85   1      5   8   3    24  0.121009      91.971       75.8       78.9      3.244  0.067002  0.082271  0.743092  1.071077    235.488312
     86   1      8   5   3    24  0.121009      91.971      114.8      119.5      4.912  0.067002  0.082271  0.743092  1.071077    235.488312
     87   1      9   4   1    24  0.121009      91.971       46.3       48.2      1.980  0.067002  0.082271  0.743092  1.071077    235.488342
     88   1      6   8   0    12  0.123301      93.182       12.0       12.2      0.283  0.068690  0.083357  0.739751  1.060312    121.623390
     89   1      8   6   0    12  0.123301      93.182      110.1      111.9      2.607  0.068690  0.083357  0.739751  1.060312    121.623390
     90   1     10   0   0     6  0.123301      93.182       37.6       38.2      0.891  0.068690  0.083357  0.739751  1.060312     60.811695
     91   1      7   7   2    24  0.125707      94.394       35.6       38.6      3.253  0.070477  0.084477  0.736225  1.049865    251.626556
     92   1     10   1   1    24  0.125707      94.394       48.3       52.3      4.412  0.070477  0.084477  0.736225  1.049865    251.626556
     93   1      2  10   0    12  0.128231      95.608       64.3       65.0      0.928  0.072367  0.085632  0.732527  1.039722    130.335587
     94   1      6   8   2    24  0.128231      95.608      208.9      211.2      3.017  0.072367  0.085632  0.732527  1.039722    260.671173
     95   1      8   6   2    24  0.128231      95.608       21.0       21.2      0.303  0.072367  0.085632  0.732527  1.039722    260.671173
     96   1     10   2   0    12  0.128231      95.608       77.1       77.9      1.113  0.072367  0.085632  0.732527  1.039722    130.335587
     97   1      4   9   3    24  0.130878      96.825       60.9       64.4      3.856  0.074361  0.086825  0.728672  1.029866    270.428192
     98   1      9   4   3    24  0.130878      96.825       33.6       35.5      2.125  0.074361  0.086825  0.728672  1.029866    270.428192
     99   1      6   6   6     8  0.133651      98.045       90.3       90.5      0.719  0.076464  0.088057  0.724670  1.020286     93.650032
    100   1     10   2   2    24  0.133651      98.045      417.1      417.9      3.318  0.076464  0.088057  0.724670  1.020286    280.950104
    101   1      3  10   1    24  0.136557      99.268       61.1       61.0      0.592  0.078678  0.089332  0.720533  1.010968    292.294189
    102   1      5   9   2    24  0.136557      99.268       22.4       22.3      0.217  0.078678  0.089332  0.720533  1.010968    292.294189
    103   1      6   7   5    24  0.136557      99.268       77.9       77.8      0.756  0.078678  0.089332  0.720533  1.010968    292.294189
    104   1      7   6   5    24  0.136557      99.268       85.6       85.5      0.830  0.078678  0.089332  0.720533  1.010968    292.294189
    105   1      9   5   2    24  0.136557      99.268       30.0       30.0      0.291  0.078678  0.089332  0.720533  1.010968    292.294189
    106   1     10   3   1    24  0.136557      99.268       59.4       59.3      0.576  0.078678  0.089332  0.720533  1.010968    292.294189

     -----------------------------------------------------
     BRAGG R-Factors and weight fractions for Pattern #  1
     -----------------------------------------------------

 => Phase:  1     O3 Y2
 => Bragg R-factor:   1.98       Vol: 1192.069( 0.000)  Fract(%):  100.00( 0.00)
 => Rf-factor=  1.68             ATZ:        3653.496   Brindley:  1.0000

     -----------------------------------------------------------------
      SYMBOLIC NAMES AND FINAL VALUES AND SIGMA OF REFINED PARAMETERS:
     -----------------------------------------------------------------


 ------------------------------------------------------------------
 => Number of bytes for floating point variables: 4
 => Dimensions of dynamic allocated arrays in this run of FullProf:
 ------------------------------------------------------------------

 => Total approximate array memory (dynamic + static): 107719993 bytes

    MaxPOINT=    60000 Max.num. of points(+int. Inten.)/diffraction pattern       
    MaxREFLT=    20000 Max.num. of reflections/diffraction pattern               
    MaxPARAM=      300 Max.num. of refinable parameters                          
    MaxOVERL=     2096 Max.num. of overlapping reflections                       

 ----------------------------------------------------------
 => Number of bytes for floating point arrays: 4
 => Dimensions of fixed arrays in this release of FullProf:
 ----------------------------------------------------------

    NPATT   =       80 Max.num. of powder diffraction patterns                    
    NATS    =      830 Max.num. of atoms (all kind) in asymmetric unit            
    MPAR    =     1800 Max.num. of non atomic parameters/phase                    
    IEXCL   =       30 Max.num. of excluded regions                               
    IBACP   =      277 Max.num. of background points for interpolation            
    NPHT    =       16 Max.num. of phases                                         
    NMAGM   =        8 Max.num. of rotation-matrices sets for magnetic structure  
    NBASIS  =       12 Max.num. of basis functions associated to a single atom    
    NIREPS  =        9 Max.num. of irreducible representations to be combined     
    N_EQ    =      384 Max.num. of user-supplied symmetry operators/propagation vectors
    NGL     =      300 Max.num. of global parameters/diffraction pattern          
    N_LINC  =       30 Max.num. of global linear restraints                        
    NAT_P   =       64 Max.num. of atomic parameters per atom                     
    NCONST  =      500 Max.num. of slack constraints per phase                    
    N_SPE   =       16 Max.num. of different chemical species                     
    N_FORM  =       60 Max.num. of scattering factor values in a table            
    NPR     =      150 Max.num. of points defining a numerical profile            
    INPR    =       25 Max.num. of different numerical peak shapes                
    NPRC    =      150 Max.num. of terms in the table for correcting intensities  
    NSOL    =       10 Max.num. of solutions to be stored in Montecarlo searchs   

 
              CPU Time:     0.070 seconds
                            0.001 minutes

 => Run finished at:     Date: 28/09/2015  Time: 14:40:57.682                              
