

        **********************************************************
        ** PROGRAM FullProf.2k (Version 5.60 - Jan2015-ILL JRC) **
        **********************************************************
                       M U L T I -- P A T T E R N                 
            Rietveld, Profile Matching & Integrated Intensity     
                 Refinement of X-ray and/or Neutron Data


    Date: 03/06/2016  Time: 17:05:37.421                              

 => PCR file code: pbso4a
 => DAT file code: pbso4a.dat           -> Relative contribution: 1.0000                                                            

 ==> CONDITIONS OF THIS RUN FOR PATTERN No.:  1

 => Global Refinement of neutron powder data                                                                                        
 => Title:  PbSO4 D1A(ILL),Rietveld Round Robin, R.J. Hill,JApC 25,589(1992)

 => Number of phases:    1
 => Number of excluded regions:    2
 => Number of scattering factors supplied:    0
 => March-Dollase model for preferred orientation
 => Conventional weights: w=1.0/Variance(yobs)
 => Asymmetry correction as in J.Appl.Cryst. 26,128(1993)
 => Background refined by polynomial function
 => The    7th default profile function was selected
 => T-C-H Pseudo-Voigt function 
    This function is convoluted with asymmetry due to axial 
    divergence as formulated by: 
    van Laar and Yelon, J. Appl. Cryst. 17, 47(1984).
    and using the method of:
    Finger, Cox and Jephcoat, J. Appl. Cryst. 27, 892 (1994).
    Fortran 90 module adapted from function PROFVAL (in F77) : 
    L.W. Finger, J. Appl. Cryst. 31, 111 (1998).


 ==> INPUT/OUTPUT OPTIONS:

 => Output Obs and Calc intensities on last cycle
 => Generate bacground file *.bac
 => Generate file *.PRF for plot
 => Output Integrated Intensities
 => Generate new input file *.PCR

 => Data in D1A,D2B format as prepared by D1A(D2B)SUM for pattern:  1
 => Plot pattern at each cycle
 => Wavelengths:  1.91200 1.91200
 => Alpha2/Alpha1 ratio:   1.0000
 => Cos(Monochromator angle)=   0.0000
 => Asymmetry correction for angles lower than  160.000 degrees
 => Absorption correction (AC), muR-eff =   0.0000  0.0000
 => Base of peaks: 2.0*HW*    6.00

 => Number of cycles:   10
 => Relaxation factors ==>    for coordinates:  1.00
 => for anisotropic temperature factors:  1.00
 => for halfwidth/strain/size parameters:  1.00
 => for lattice constants and propagation vectors:  1.00
 => EPS-value for convergence:    0.1

 => Excluded regions for Pattern#  1
    From     to
      0.0000     10.0000
    154.0000    180.0000

 => Number of Least-Squares parameters varied:     0

 =>--------------------------->
 =>------->  PATTERN number:  1
 =>--------------------------->
 => Global parameters and codes ==>
 => Zero-point:    -0.0906    0.0000
 => Background parameters and codes ==>
 => Origin of polynomial at 2theta/TOF/E(KeV):   70.000  
  209.37      43.787      43.456     -39.885     -44.143      26.153    
        0.00        0.00        0.00        0.00        0.00        0.00
 => Perpendicular Displacement parameter and code:     0.00    0.00
 => Parallel      Displacement parameter and code:     0.00    0.00

 => Reading Intensity data  =>>

 -> Heading of input data:

   ->   Title:  PbSO4 D1A(ILL)(Rietveld Refinement Round Robin, R.J. Hill, JApC 25, 589 (1992)                                                     

   ->    Step:  0.050
   ->   Thmin:   10.000
   -> Monitors:   10000.  10000.
 ==> Angular range, step and number of points:
     2Thmin:      10.000000  2Thmax:     155.449997  Step:       0.050000  No. of points:   2910
 --------------------------------------------------------------------------------
 => Phase  No. 1
      PbSO4                                                                 
 --------------------------------------------------------------------------------
 =>-------> Pattern#  1
 => Crystal Structure Refinement
 => Preferred orientation vector:   0.0000  0.0000  1.0000

 =>-------> Data for PHASE: 1
 => Number of atoms:    5
 => Number of distance  constraints:    0
 => Number of angle     constraints:    0

 => Symmetry information on space group: P n m a             
 -> The multiplicity of the general position is:   8
 -> The space group is Centric (-1 at origin)   
 -> Lattice type  P: { 000 }                                       
 -> Reduced set of symmetry operators:

  No.  IT   Symmetry symbol    Rotation part     Associated Translation
   1: ( 1)   1            -->     ( x, y, z) + {  0.0000  0.0000  0.0000}
   2: ( 4)   2 ( x, 0, 0) -->     ( x,-y,-z) + {  0.5000  0.5000  0.5000}
   3: ( 3)   2 ( 0, y, 0) -->     (-x, y,-z) + {  0.0000  0.5000  0.0000}
   4: ( 2)   2 ( 0, 0, z) -->     (-x,-y, z) + {  0.5000  0.0000  0.5000}


        Information on Space Group: 
        --------------------------- 

 =>   Number of Space group:  62
 =>  Hermann-Mauguin Symbol: P n m a
 =>             Hall Symbol: -P 2ac 2n
 =>            Setting Type: IT (Generated from Hermann-Mauguin symbol)
 =>          Crystal System: Orthorhombic
 =>              Laue Class: mmm
 =>             Point Group: mmm
 =>         Bravais Lattice: P
 =>          Lattice Symbol: oP
 =>  Reduced Number of S.O.:   4
 =>    General multiplicity:   8
 =>          Centrosymmetry: Centric (-1 at origin)
 =>  Generators (exc. -1&L):   2
 =>         Asymmetric unit:  0.000 <= x <=  0.500
                              0.000 <= y <=  0.250
                              0.000 <= z <=  1.000

 => List of S.O. without inversion and lattice centring translations
 => SYMM(  1): x,y,z                               => SYMM(  2): x+1/2,-y+1/2,-z+1/2
 => SYMM(  3): -x,y+1/2,-z                         => SYMM(  4): -x+1/2,-y,z+1/2


 => Initial parameters ==>
 Atom    Ntyp                  X         Y         Z         B         occ.         in  fin  Spc  Mult
                             B11       B22       B33       B12       B13       B23
 Pb     PB                 0.18791   0.25000   0.16709   1.44373   0.49963           0    0    0    4
                 Codes:    0.00000   0.00000   0.00000   0.00000   0.00000
                 Betas:    0.00367   0.01768   0.00693   0.00000   0.00026   0.00000
                 Codes:    0.00000   0.00000   0.00000   0.00000   0.00000   0.00000
 S      S                  0.06458   0.25000   0.68555   0.93158   0.46878           0    0    0    4
                 Codes:    0.00000   0.00000   0.00000   0.00000   0.00000
                 Betas:    0.00211   0.00821   0.00469   0.00000   0.00063   0.00000
                 Codes:    0.00000   0.00000   0.00000   0.00000   0.00000   0.00000
 O1     O                  0.90867   0.25000   0.59556   1.69709   0.50753           0    0    0    4
                 Codes:    0.00000   0.00000   0.00000   0.00000   0.00000
                 Betas:    0.00355   0.02323   0.00961   0.00000  -0.00402   0.00000
                 Codes:    0.00000   0.00000   0.00000   0.00000   0.00000   0.00000
 O2     O                  0.19295   0.25000   0.54277   1.72436   0.51070           0    0    0    4
                 Codes:    0.00000   0.00000   0.00000   0.00000   0.00000
                 Betas:    0.00472   0.01590   0.00649   0.00000   0.00278   0.00000
                 Codes:    0.00000   0.00000   0.00000   0.00000   0.00000   0.00000
 O3     O                  0.08077   0.02733   0.80832   1.50693   1.00238           0    0    0    8
                 Codes:    0.00000   0.00000   0.00000   0.00000   0.00000
                 Betas:    0.00490   0.00917   0.00743   0.00084   0.00088   0.00297
                 Codes:    0.00000   0.00000   0.00000   0.00000   0.00000   0.00000

 => IT IS ASSUMED THAT THE FIRST GIVEN SITE IS FULLY OCCUPIED 
    OR THE FIRST AND SECOND ATOMS ARE IN THE SAME SITE WITH TOTAL FULL OCCUPATION
  (If this is not the case, change the order of atoms to obtain correct values for the content of the unit cell)
    The phase contains sites partially occupied
      -> Atom: PB  ,  Chemical element: PB  Atomic Mass:   207.2000
      -> Atom: S   ,  Chemical element: S   Atomic Mass:    32.0600
      -> Atom: O   ,  Chemical element: O   Atomic Mass:    15.9994
      -> Atom: O   ,  Chemical element: O   Atomic Mass:    15.9994
      -> Atom: O   ,  Chemical element: O   Atomic Mass:    15.9994
 => The given value of ATZ is       1206.15 the program has calculated:        1206.15
    The value of ATZ given in the input PCR file will be used for quantitative analysis
 => The chemical content of the unit cell is: 
       4.0000 PB   +   3.7530 S    +   4.0632 O    +   4.0886 O    +   8.0250 O      
 => The normalized site occupation numbers in % are: 
     100.0000 Pb     :       93.8254 S      :      101.5812 O1     :      102.2156 O2     :      100.3122 O3       
 => The density (volumic mass) of the compound is:    6.299 g/cm3

 =>-------> PROFILE PARAMETERS FOR PATTERN:  1

 => Overall scale factor:    1.47810    
 => ETA (p-Voigt) OR M (Pearson VII):   0.0000
 => Overall temperature factor:     -1.46652
 => Halfwidth U,V,W:      0.11261    -0.47127     0.37628
 => X and Y parameters:       0.0000      0.0833
 => Direct cell parameters:    8.4790   5.3971   6.9585  90.0000  90.0000  90.0000
 => Preferred orientation parameters:   0.9937  1.0000
 => Asymmetry parameters     :      0.32497     0.03105    -0.20292     0.03035
 => Strain parameters        :      0.00000     0.00000     0.00000
 => Size   parameters        :      0.05124     0.00000
 => Further shape parameters (S_L and D_L):   0.00000   0.00000
    S_L is source width/detector distance
    D_L is detector width/detector distance

 ==> CODEWORDS FOR PROFILE PARAMETERS of PATTERN#  1

 => Overall scale factor:    0.000
 => ETA (p-Voigt) OR M (Pearson VII):    0.000
 => Overall temperature factor:    0.000
 => Halfwidth U,V,W:    0.000   0.000   0.000
 => X and Y parameters:    0.000   0.000
 => Direct cell parameters:    0.000   0.000   0.000   0.000   0.000   0.000
 => Preferred orientation parameters:    0.000   0.000
 => Asymmetry parameters     :    0.000   0.000   0.000   0.000
 => Strain parameters        :    0.000   0.000   0.000
 => Size   parameters        :    0.000   0.000

 => Cell constraints according to Laue symmetry: mmm  

        Metric information:
        -------------------

 => Direct cell parameters:

         a =       8.4790      b =       5.3971      c =       6.9585
     alpha =       90.000   beta =       90.000  gamma =       90.000
                        Direct Cell Volume =     318.4343

 => Reciprocal cell parameters:

         a*=     0.117939      b*=     0.185284      c*=     0.143709
     alpha*=       90.000   beta*=       90.000  gamma*=       90.000
                    Reciprocal Cell Volume =   0.00314037

 => Direct and Reciprocal Metric Tensors:

                   GD                                       GR
     71.8928      0.0000      0.0000          0.013910    0.000000    0.000000
      0.0000     29.1288      0.0000          0.000000    0.034330    0.000000
      0.0000      0.0000     48.4208          0.000000    0.000000    0.020652

 =>  Cartesian frame: x // a; y is in the ab-plane; z is x ^ y   

     Crystal_to_Orthonormal_Matrix              Orthonormal_to_Crystal Matrix
              Cr_Orth_cel                               Orth_Cr_cel  
      8.4790      0.0000      0.0000          0.117939    0.000000    0.000000
      0.0000      5.3971      0.0000          0.000000    0.185284    0.000000
      0.0000      0.0000      6.9585          0.000000    0.000000    0.143709

     Busing-Levy B-matrix: Hc=B.H            Inverse of the Busing-Levy B-matrix
                BL_M                                      BL_Minv  
    0.117939    0.000000    0.000000            8.4790      0.0000      0.0000
    0.000000    0.185284    0.000000            0.0000      5.3971      0.0000
    0.000000    0.000000    0.143709            0.0000      0.0000      6.9585

 => Laue symmetry mmm   will be used to generate HKL for pattern#   1
 => Reflections generated between S(1/d)min:  0.0912 A-1 and S(1/d)max:  1.0315 A-1
 =>                                    dmax: 10.9689 A   and      dmin:  0.9695 A
 => The number of reflections generated is:    207
 => The max. scatt. variable (gen.ref.) is:       160.8656
 => Scattering coefficients from internal table

 => Scattering lengths:

 PB     0.9405
 S      0.2847
 O      0.5803
  
 
 => Optimizations for routine tasks applied:
 => Calculation mode for patter#:   1  CM_PSEUDO_VOIGT
 


   Standard deviations have to be multiplied by: 2.1582
   (correlated residuals) See references:
  -J.F.Berar & P.Lelann, J. Appl. Cryst. 24, 1-5 (1991) 
  -J.F.Berar, Acc. in Pow. Diff. II,NIST Sp.Pub. 846, 63(1992) 

 ++++++++++++++++++++++++++++++++++++++++++++++++++++++++++++++++++++++++++++++++++++++++++++++++++++++++++++++++++++++++

 => CYCLE No.:    1
 =>  Convergence reached at this CYCLE !!!!
 =>  Parameter shifts set to zero
 ---------------------------------------------------------------------------------------
 => Phase  1 Name: PbSO4                                                                 
 ---------------------------------------------------------------------------------------
 => New parameters, shifts, and standard deviations

 Atom        x       dx      sx       y       dy      sy       z       dz      sz       B       dB      sB      occ.    docc.   socc.

 Pb       0.18791 0.00000 0.00000  0.25000 0.00000 0.00000  0.16709 0.00000 0.00000  1.44373 0.00000 0.00000  0.49963 0.00000 0.00000
 S        0.06458 0.00000 0.00000  0.25000 0.00000 0.00000  0.68555 0.00000 0.00000  0.93158 0.00000 0.00000  0.46878 0.00000 0.00000
 O1       0.90867 0.00000 0.00000  0.25000 0.00000 0.00000  0.59556 0.00000 0.00000  1.69709 0.00000 0.00000  0.50753 0.00000 0.00000
 O2       0.19295 0.00000 0.00000  0.25000 0.00000 0.00000  0.54277 0.00000 0.00000  1.72436 0.00000 0.00000  0.51070 0.00000 0.00000
 O3       0.08077 0.00000 0.00000  0.02733 0.00000 0.00000  0.80832 0.00000 0.00000  1.50693 0.00000 0.00000  1.00238 0.00000 0.00000

 Atom         B11      DB11      SB11       B22      DB22      SB22       B33      DB33      SB33
              B12      DB12      SB12       B13      DB13      SB13       B23      DB23      SB23
 Pb      0.003670  0.000000  0.000000  0.017680  0.000000  0.000000  0.006930  0.000000  0.000000
         0.000000  0.000000  0.000000  0.000260  0.000000  0.000000  0.000000  0.000000  0.000000

    U-Eigen Value (A**2) ----      Eigen vector(Orth. syst.)
        0.01321          ----    0.97964    0.00000   -0.20076
        0.02609          ----    0.00000    1.00000    0.00000
        0.01716          ----   -0.20076    0.00000   -0.97964

    Isotropic temperature factor Uequiv(A**2):   0.0188
    Isotropic temperature factor Bequiv(A**2):   1.4859

     R.M.S. in ANGSTROMS ------       Angles with A, B, C
        0.11492          ----     11.582     90.000    101.582
        0.16152          ----     90.000      0.000     90.000
        0.13099          ----    101.582     90.000    168.418
 
 S       0.002110  0.000000  0.000000  0.008210  0.000000  0.000000  0.004690  0.000000  0.000000
         0.000000  0.000000  0.000000  0.000630  0.000000  0.000000  0.000000  0.000000  0.000000

    U-Eigen Value (A**2) ----      Eigen vector(Orth. syst.)
        0.00691          ----    0.92523    0.00000   -0.37941
        0.01212          ----    0.00000    1.00000    0.00000
        0.01228          ----   -0.37941    0.00000   -0.92523

    Isotropic temperature factor Uequiv(A**2):   0.0104
    Isotropic temperature factor Bequiv(A**2):   0.8239

     R.M.S. in ANGSTROMS ------       Angles with A, B, C
        0.08314          ----     22.297     90.000    112.297
        0.11007          ----     90.000      0.000     90.000
        0.11080          ----    112.297     90.000    157.703
 
 O1      0.003550  0.000000  0.000000  0.023230  0.000000  0.000000  0.009610  0.000000  0.000000
         0.000000  0.000000  0.000000 -0.004020  0.000000  0.000000  0.000000  0.000000  0.000000

    U-Eigen Value (A**2) ----      Eigen vector(Orth. syst.)
        0.00511          ----    0.83814    0.00000    0.54545
        0.03428          ----    0.00000    1.00000    0.00000
        0.03139          ----    0.54545    0.00000   -0.83814

    Isotropic temperature factor Uequiv(A**2):   0.0236
    Isotropic temperature factor Bequiv(A**2):   1.8629

     R.M.S. in ANGSTROMS ------       Angles with A, B, C
        0.07148          ----     33.055     90.000     56.945
        0.18515          ----     90.000      0.000     90.000
        0.17718          ----     56.945     90.000    146.945
 
 O2      0.004720  0.000000  0.000000  0.015900  0.000000  0.000000  0.006490  0.000000  0.000000
         0.000000  0.000000  0.000000  0.002780  0.000000  0.000000  0.000000  0.000000  0.000000

    U-Eigen Value (A**2) ----      Eigen vector(Orth. syst.)
        0.02489          ----    0.73357    0.00000    0.67962
        0.02346          ----    0.00000    1.00000    0.00000
        0.00822          ----    0.67962    0.00000   -0.73357

    Isotropic temperature factor Uequiv(A**2):   0.0189
    Isotropic temperature factor Bequiv(A**2):   1.4890

     R.M.S. in ANGSTROMS ------       Angles with A, B, C
        0.15776          ----     42.814     90.000     47.186
        0.15318          ----     90.000      0.000     90.000
        0.09067          ----     47.186     90.000    137.186
 
 O3      0.004900  0.000000  0.000000  0.009170  0.000000  0.000000  0.007430  0.000000  0.000000
         0.000840  0.000000  0.000000  0.000880  0.000000  0.000000  0.002970  0.000000  0.000000

    U-Eigen Value (A**2) ----      Eigen vector(Orth. syst.)
        0.02379          ----    0.48172    0.49105    0.72582
        0.00976          ----   -0.02209    0.83479   -0.55012
        0.01605          ----   -0.87605    0.24897    0.41299

    Isotropic temperature factor Uequiv(A**2):   0.0165
    Isotropic temperature factor Bequiv(A**2):   1.3055

     R.M.S. in ANGSTROMS ------       Angles with A, B, C
        0.15426          ----     61.202     60.590     43.463
        0.09878          ----     91.266     33.406    123.375
        0.12670          ----    151.169     75.583     65.608
 

 ==> PROFILE PARAMETERS FOR PATTERN#  1

 => Overall scale factor:      1.478099942     0.000000000     0.000000000
 => Eta(p-Voigt) or m(Pearson VII):   0.000000  0.000000  0.000000
 => Overall tem. factor:    -1.466520    0.000000    0.000000
 => Halfwidth parameters: 
         0.112615    0.000000    0.000000
        -0.471268    0.000000    0.000000
         0.376275    0.000000    0.000000
 => Cell parameters: 
        8.478960    0.000000    0.000000
        5.397108    0.000000    0.000000
        6.958508    0.000000    0.000000
       90.000000    0.000000    0.000000
       90.000000    0.000000    0.000000
       90.000000    0.000000    0.000000
 => Preferred orientation: 
         0.993720    0.000000    0.000000
         1.000000    0.000000    0.000000
 => Asymmetry parameters: 
         0.324970    0.000000    0.000000
         0.031050    0.000000    0.000000
        -0.202920    0.000000    0.000000
         0.030350    0.000000    0.000000
 => X and Y parameters: 
         0.000000    0.000000    0.000000
         0.083313    0.000000    0.000000
 => Strain parameters: 
         0.000000    0.000000    0.000000
         0.000000    0.000000    0.000000
         0.000000    0.000000    0.000000
 => Size   parameters (G,L): 
         0.051236    0.000000    0.000000
         0.000000    0.000000    0.000000
 => Further shape parameters (S_L and D_L): 
       0.000000  0.000000  0.000000
       0.000000  0.000000  0.000000

 ==> GLOBAL PARAMETERS FOR PATTERN#  1


 => Zero-point:    -0.0906    0.0000    0.0000
 => Background Polynomial Parameters ==>
       209.37      0.0000      0.0000    
       43.787      0.0000      0.0000    
       43.456      0.0000      0.0000    
      -39.885      0.0000      0.0000    
      -44.143      0.0000      0.0000    
       26.153      0.0000      0.0000    

 => Cos(2theta)-shift parameter :   0.0000  0.0000  0.0000
 => Sin(2theta)-shift parameter :   0.0000  0.0000  0.0000

 ==> RELIABILITY FACTORS WITH ALL NON-EXCLUDED POINTS FOR PATTERN:  1

 => R-Factors:   2.26      2.66     Chi2:  1.88     DW-Stat.:  0.6967   Patt#:  1
 => Expected :            1.94                                1.8842
 => Deviance : 0.108E+04     Dev*:  0.3764    
 => GoF-index:  1.4         Sqrt(Residual/N)
 => N-P+C:  2880

 =>    SumYdif       SumYobs      SumYcal      SumwYobsSQ     Residual    Condition
     0.2451E+05    0.1086E+07    0.1085E+07    0.7634E+07     5411.         0.000    


 => Conventional Rietveld Rp,Rwp,Re and Chi2:   5.38      4.98      3.63      1.879    
 => (Values obtained using Ynet, but true sigma(y))
 =>  SumYnet, Sum(w Ynet**2):     0.4554E+06    0.2180E+07

 => N-sigma of the GoF:   33.345

 ==> RELIABILITY FACTORS FOR POINTS WITH BRAGG CONTRIBUTIONS FOR PATTERN:  1

 => R-Factors:   2.18      2.63     Chi2:  1.91     DW-Stat.:  0.7179   Patt#:
 => Expected :            1.90                                1.8814
 => Deviance :  952.         Dev*:  0.3462    
 => GoF-index:  1.4         Sqrt(Residual/N)
 => N-P+C:  2749

 =>    SumYdif       SumYobs      SumYcal      SumwYobsSQ     Residual    Condition
     0.2313E+05    0.1059E+07    0.1059E+07    0.7589E+07     5251.         0.000    


 => Conventional Rietveld Rp,Rwp,Re and Chi2:   5.09      4.91      3.55      1.910    
 => (Values obtained using Ynet, but true sigma(y))
 =>  SumYnet, Sum(w Ynet**2):     0.4544E+06    0.2180E+07

 => N-sigma of the GoF:       33.740

 => Global user-weigthed Chi2 (Bragg contrib.):   1.97    

 --------------------------------------------------------------------------------------------------------------
 Pattern#  1 Phase No:   1 Phase name: PbSO4                         
 --------------------------------------------------------------------------------------------------------------

   No.  Code     H   K   L  Mult     Hw         2theta      Icalc       Iobs      Sigma      HwG     HwL       ETA       d-hkl        CORR

      1   1      1   0   1     4  0.635185      20.475       40.4       17.0     10.900  0.589697  0.084661  0.173858  5.378997     65.992256
      2   1      0   1   1     4  0.618481      25.908       10.1        0.0      2.056  0.572520  0.085489  0.179994  4.264689     42.520054
      3   1      2   0   0     2  0.617998      26.064        2.5        0.0      0.618  0.572022  0.085516  0.180182  4.239480     21.026167
      4   1      1   1   1     8  0.608749      29.064       34.7       26.6      6.558  0.562459  0.086067  0.183909  3.809912     69.029480
      5   1      2   0   1     4  0.603938      30.622       67.2       64.7      2.939  0.557469  0.086379  0.185941  3.620464     31.450802
      6   1      0   0   2     2  0.599991      31.897      198.9      203.2      4.778  0.553369  0.086648  0.187659  3.479254     14.635577
      7   1      2   1   0     4  0.595557      33.327      437.9      444.5      7.165  0.548754  0.086965  0.189643  3.333912     27.120977
      8   1      1   0   2     4  0.591741      34.556       99.9       97.4      2.877  0.544775  0.087250  0.191398  3.218802     25.485447
      9   1      2   1   1     8  0.583878      37.080      659.1      659.0      3.121  0.536555  0.087873  0.195157  3.006638     45.256233
     10   1      1   1   2     8  0.573282      40.463      637.7      642.3      5.317  0.525433  0.088791  0.200540  2.764488     39.237354
     11   1      0   2   0     2  0.570031      41.497      272.3      271.8      1.691  0.522010  0.089091  0.202267  2.698554      9.423175
     12   1      2   0   2     4  0.569570      41.643       99.3       99.1      0.746  0.521525  0.089134  0.202515  2.689499     18.741877
     13   1      3   0   1     4  0.565840      42.826        3.7        3.0      0.720  0.517590  0.089490  0.204548  2.618567     17.936853
     14   1      1   2   1     8  0.553552      46.700      417.2      430.9     14.163  0.504579  0.090745  0.211602  2.412034     31.459856
     15   1      2   1   2     8  0.553234      46.800      110.3      113.2      3.008  0.504241  0.090779  0.211792  2.407174     31.360996
     16   1      3   1   1     8  0.549784      47.881      155.8      153.6      2.613  0.500574  0.091155  0.213879  2.355917     30.332499
     17   1      2   2   0     4  0.544080      49.662      401.2      398.7      3.071  0.494497  0.091800  0.217432  2.276495     14.395448
     18   1      1   0   3     4  0.541090      50.593      279.4      279.2      1.519  0.491304  0.092149  0.219348  2.237299     14.026887
     19   1      3   0   2     4  0.537617      51.671      602.7      604.2      2.439  0.487589  0.092565  0.221619  2.193724     13.626507
     20   1      2   2   1     8  0.535123      52.443      960.7      960.0      2.555  0.484917  0.092870  0.223282  2.163651     26.712040
     21   1      0   2   2     4  0.532437      53.274      166.2      167.4      1.445  0.482036  0.093205  0.225102  2.132345     13.079564
     22   1      0   1   3     4  0.532322      53.309      145.4      146.2      0.981  0.481913  0.093220  0.225181  2.131035     13.068114
     23   1      4   0   0     2  0.531328      53.616       76.4       75.9      0.766  0.480846  0.093345  0.225863  2.119740      6.484875
     24   1      1   2   2     8  0.526603      55.070      574.0      577.4      3.574  0.475765  0.093956  0.229166  2.067953     25.055437
     25   1      1   1   3     8  0.526490      55.105      722.6      725.1      2.912  0.475644  0.093970  0.229246  2.066758     25.035391
     26   1      2   0   3     4  0.523430      56.044      113.3      114.0      0.696  0.472345  0.094377  0.231441  2.034855     12.253049
     27   1      3   1   2     8  0.523175      56.122      426.6      428.7      2.353  0.472071  0.094411  0.231625  2.032261     24.463564
     28   1      4   0   1     4  0.522731      56.258      565.3      565.2      1.448  0.471591  0.094471  0.231948  2.027743     12.194838
     29   1      4   1   0     4  0.517150      57.964      430.5      437.4      7.168  0.465560  0.095240  0.236082  1.973020     11.756761
     30   1      2   2   2     8  0.509653      60.245       48.0       54.3      7.000  0.457426  0.096321  0.241875  1.904956     22.473751
     31   1      2   1   3     8  0.509545      60.277       15.4       17.2      2.074  0.457309  0.096336  0.241961  1.904022     22.459887
     32   1      4   1   1     8  0.508871      60.482       33.3       37.1      4.187  0.456575  0.096437  0.242496  1.898192     22.373549
     33   1      3   2   1     8  0.506644      61.156        1.6        3.4      3.801  0.454151  0.096770  0.244281  1.879248     22.096031
     34   1      4   0   2     4  0.498033      63.756       16.0       16.1      0.612  0.444745  0.098110  0.251433  1.810232     10.562435
     35   1      3   0   3     4  0.495752      64.442      240.2      248.1      8.291  0.442245  0.098479  0.253397  1.792999     10.446263
     36   1      0   3   1     4  0.488628      66.579       54.3       51.8      2.447  0.434411  0.099668  0.259725  1.741766     10.113566
     37   1      0   0   4     2  0.488319      66.671       17.5       16.9      0.666  0.434071  0.099720  0.260006  1.739627      5.050051
     38   1      1   2   3     8  0.485786      67.429      141.9      140.8      1.428  0.431275  0.100158  0.262335  1.722344     19.985218
     39   1      4   1   2     8  0.484880      67.700       77.3       76.2      1.183  0.430274  0.100317  0.263178  1.716266     19.910725
     40   1      1   3   1     8  0.483352      68.157        0.1        0.1      0.007  0.428583  0.100587  0.264611  1.706140     19.787935
     41   1      1   0   4     4  0.483045      68.249        0.1        0.1      0.006  0.428244  0.100641  0.264900  1.704129      9.881875
     42   1      3   2   2     8  0.482755      68.336        0.6        0.5      0.034  0.427922  0.100693  0.265175  1.702225     19.740908
     43   1      3   1   3     8  0.482653      68.366       68.3       64.1      4.067  0.427809  0.100711  0.265271  1.701559     19.732924
     44   1      4   2   0     4  0.477214      69.989        4.5        2.9      1.176  0.421774  0.101700  0.270520  1.666956      9.664342
     45   1      2   3   0     4  0.475446      70.516        7.1        6.2      1.078  0.419808  0.102029  0.272269  1.656094      9.603009
     46   1      5   0   1     4  0.474039      70.936        0.7        0.3      0.295  0.418240  0.102295  0.273677  1.647573      9.555627
     47   1      1   1   4     8  0.470229      72.072        1.8        1.4      0.337  0.413985  0.103027  0.277559  1.625047     18.867117
     48   1      2   2   3     8  0.470172      72.089        5.0        3.9      0.884  0.413921  0.103038  0.277618  1.624717     18.863609
     49   1      4   2   1     8  0.469545      72.275       11.9       10.1      1.546  0.413220  0.103161  0.278267  1.621090     18.825207
     50   1      2   3   1     8  0.467800      72.795       53.8       51.5      2.345  0.411266  0.103505  0.280089  1.611095     18.720695
     51   1      2   0   4     4  0.467502      72.884        0.3        0.3      0.016  0.410931  0.103564  0.280403  1.609401      9.351585
     52   1      5   1   1     8  0.461412      74.700        0.1        0.1      0.008  0.404084  0.104804  0.286959  1.575785     18.367434
     53   1      1   3   2     8  0.460406      75.000      437.1      422.9     13.641  0.402948  0.105014  0.288071  1.570396     18.315798
     54   1      4   0   3     4  0.459341      75.318      244.2      240.8      3.464  0.401746  0.105238  0.289256  1.564748      9.131177
     55   1      2   1   4     8  0.455014      76.611       12.9        9.4      2.573  0.396846  0.106170  0.294172  1.542290     18.056890
     56   1      5   0   2     4  0.451450      77.680       56.7       52.3      4.139  0.392792  0.106962  0.298345  1.524367      8.950668
     57   1      4   2   2     8  0.447134      78.977       35.5       32.2      2.948  0.387861  0.107953  0.303555  1.503319     17.728804
     58   1      4   1   3     8  0.447038      79.006       11.3       10.4      0.880  0.387751  0.107976  0.303673  1.502860     17.725166
     59   1      2   3   2     8  0.445460      79.482        0.3        0.3      0.008  0.385941  0.108348  0.305625  1.495337     17.666386
     60   1      3   2   3     8  0.445051      79.606      366.8      362.8      4.220  0.385473  0.108445  0.306134  1.493406     17.651535

   No.  Code     H   K   L  Mult     Hw         2theta      Icalc       Iobs      Sigma      HwG     HwL       ETA       d-hkl        CORR

     61   1      3   3   1     8  0.442790      80.290        6.1        6.2      0.131  0.382872  0.108989  0.308984  1.482806     17.571882
     62   1      3   0   4     4  0.442506      80.376       32.1       32.0      0.609  0.382544  0.109058  0.309346  1.481485      8.781090
     63   1      5   1   2     8  0.439345      81.337       67.1       64.7      2.364  0.378894  0.109840  0.313430  1.466977     17.458876
     64   1      0   2   4     4  0.438276      81.663       53.7       52.7      1.232  0.377657  0.110110  0.314835  1.462142      8.712916
     65   1      1   2   4     8  0.433488      83.132      246.4      247.5      1.909  0.372085  0.111353  0.321298  1.440876     17.289125
     66   1      3   1   4     8  0.430668      84.006        8.2        7.9      0.404  0.368784  0.112114  0.325235  1.428640     17.217175
     67   1      0   3   3     4  0.429016      84.520      101.0      102.9      2.115  0.366843  0.112570  0.327589  1.421563      8.588960
     68   1      6   0   0     2  0.427035      85.141       45.0       46.1      1.328  0.364508  0.113129  0.330461  1.413160      4.283412
     69   1      5   2   1     8  0.425379      85.663      102.0      102.2      0.761  0.362549  0.113605  0.332905  1.406202     17.098972
     70   1      1   3   3     8  0.424372      85.982      148.7      150.5      2.071  0.361354  0.113900  0.334411  1.401995     17.078907
     71   1      3   3   2     8  0.421736      86.823      174.5      176.8      2.674  0.358215  0.114688  0.338426  1.391080     17.030102
     72   1      6   0   1     4  0.420228      87.309        0.3        0.3      0.035  0.356411  0.115150  0.340774  1.384890      8.502295
     73   1      2   2   4     8  0.419581      87.518        2.0        2.2      0.151  0.355635  0.115352  0.341793  1.382244     16.994181
     74   1      1   0   5     4  0.417388      88.233      153.2      152.7      0.795  0.352995  0.116047  0.345301  1.373325      8.480664
     75   1      4   3   0     4  0.416970      88.370      390.9      391.9      1.569  0.352490  0.116182  0.345980  1.371632      8.477745
     76   1      5   0   3     4  0.416307      88.589       46.1       46.1      0.153  0.351688  0.116398  0.347063  1.368951      8.473258
     77   1      6   1   0     4  0.415842      88.742      225.7      225.1      1.136  0.351125  0.116550  0.347827  1.367075      8.470214
     78   1      4   2   3     8  0.412498      89.860       37.6       37.1      0.640  0.347053  0.117678  0.353448  1.353646     16.901741
     79   1      0   4   0     2  0.411406      90.230      433.3      435.0      2.120  0.345714  0.118060  0.355336  1.349277      4.222765
     80   1      2   3   3     8  0.411039      90.356        0.8        0.8      0.004  0.345262  0.118190  0.355977  1.347810     16.887693
     81   1      0   1   5     4  0.410991      90.372      135.2      135.6      0.627  0.345204  0.118207  0.356060  1.347620      8.443633
     82   1      4   3   1     8  0.410519      90.534        0.5        0.5      0.003  0.344623  0.118375  0.356888  1.345737     16.883121
     83   1      4   0   4     4  0.410272      90.619        6.9        6.8      0.058  0.344318  0.118464  0.357324  1.344749      8.440514
     84   1      6   1   1     8  0.409440      90.905      271.5      272.6      1.663  0.343291  0.118764  0.358801  1.341432     16.874353
     85   1      1   1   5     8  0.406801      91.829        0.1        0.1      0.003  0.340012  0.119749  0.363601  1.330914     16.857138
     86   1      5   2   2     8  0.405881      92.156        3.6        3.6      0.060  0.338862  0.120104  0.365316  1.327247     16.852594
     87   1      5   1   3     8  0.405802      92.185       80.2       81.4      1.447  0.338763  0.120135  0.365465  1.326931     16.852236
     88   1      2   0   5     4  0.404637      92.605       24.8       26.6      2.010  0.337297  0.120594  0.367677  1.322278      8.423841
     89   1      6   0   2     4  0.401397      93.801       47.4       50.1      2.907  0.333182  0.121934  0.374045  1.309283      8.420970
     90   1      1   4   1     8  0.401260      93.853        5.6        5.9      0.304  0.333007  0.121992  0.374322  1.308731     16.841928
     91   1      4   1   4     8  0.400302      94.218       34.1       35.0      0.992  0.331775  0.122410  0.376280  1.304856     16.842440
     92   1      3   2   4     8  0.398777      94.808      469.8      478.4      8.732  0.329801  0.123095  0.379467  1.298653     16.845348
     93   1      2   4   0     4  0.395652      96.069        0.9        1.0      0.024  0.325691  0.124592  0.386319  1.285730      8.430066
     94   1      2   1   5     8  0.395311      96.211      190.0      198.9      9.241  0.325236  0.124765  0.387097  1.284296     16.862537
     95   1      4   3   2     8  0.393374      97.040        0.1        0.1      0.007  0.322629  0.125782  0.391636  1.276050     16.879459
     96   1      6   1   2     8  0.392529      97.415        1.5        1.5      0.059  0.321475  0.126250  0.393694  1.272379     16.888752
     97   1      3   3   3     8  0.391980      97.662      243.8      250.3      6.704  0.320721  0.126562  0.395055  1.269971     16.895460
     98   1      2   4   1     8  0.390717      98.249       11.1       12.2      1.194  0.318964  0.127308  0.398281  1.264329     16.913120
     99   1      0   4   2     4  0.389339      98.918       43.3       45.0      1.832  0.317013  0.128175  0.401963  1.257992      8.468163
    100   1      6   2   0     4  0.388060      99.573      129.1      132.7      3.765  0.315163  0.129040  0.405563  1.251892      8.481101
    101   1      3   0   5     4  0.387381      99.937       15.0       16.1      1.240  0.314161  0.129527  0.407560  1.248544      8.488968
    102   1      1   4   2     8  0.386558     100.396       40.0       44.4      4.845  0.312927  0.130148  0.410072  1.244371     16.999130
    103   1      1   3   4     8  0.385216     101.197       64.5       68.4      4.142  0.310854  0.131253  0.414440  1.237193     17.039848
    104   1      6   2   1     8  0.384328     101.774       10.8       11.1      0.470  0.309429  0.132065  0.417566  1.232111     17.072096
    105   1      1   2   5     8  0.383027     102.719       64.4       63.3      1.146  0.307229  0.133422  0.422636  1.223946     17.130196
    106   1      5   2   3     8  0.382578     103.084      827.6      820.9      6.908  0.306428  0.133956  0.424572  1.220846     17.154379
    107   1      3   1   5     8  0.381986     103.610       94.3       92.3      2.052  0.305320  0.134737  0.427345  1.216419     17.191042
    108   1      5   3   1     8  0.381813     103.777        3.7        3.5      0.152  0.304983  0.134986  0.428214  1.215034     17.203043
    109   1      5   0   4     4  0.381725     103.864       13.0       12.3      0.675  0.304808  0.135118  0.428670  1.214307      8.604723
    110   1      6   0   3     4  0.380923     104.776       10.8       10.6      0.282  0.303089  0.136510  0.433370  1.206821      8.639807
    111   1      2   4   2     8  0.380850     104.876       35.3       35.4      0.606  0.302915  0.136663  0.433874  1.206017     17.287628
    112   1      4   2   4     8  0.380642     105.177       15.1       15.9      0.963  0.302399  0.137133  0.435397  1.203587     17.312412
    113   1      2   3   4     8  0.380348     105.692        7.3        8.5      1.465  0.301571  0.137944  0.437965  1.199479     17.356331
    114   1      3   4   1     8  0.380344     105.700        0.9        1.1      0.184  0.301559  0.137957  0.438006  1.199413     17.357056
    115   1      7   0   1     4  0.380051     106.474        3.3        3.8      0.620  0.300451  0.139201  0.441780  1.193335      8.713485
    116   1      2   2   5     8  0.379946     107.244      148.6      150.4      2.136  0.299518  0.140469  0.445424  1.187395     17.501213
    117   1      5   1   4     8  0.379964     107.600       63.2       64.7      1.668  0.299149  0.141064  0.447063  1.184692     17.537041
    118   1      4   3   3     8  0.380073     108.138       15.0       14.5      0.579  0.298666  0.141976  0.449487  1.180647     17.593138
    119   1      6   2   2     8  0.380205     108.500      118.3      116.8      1.876  0.298395  0.142598  0.451077  1.177958     17.632143
    120   1      6   1   3     8  0.380218     108.530        5.1        5.0      0.085  0.298375  0.142650  0.451207  1.177737     17.635412

   No.  Code     H   K   L  Mult     Hw         2theta      Icalc       Iobs      Sigma      HwG     HwL       ETA       d-hkl        CORR

    121   1      7   1   1     8  0.381561     110.263       27.0       26.4      0.682  0.297737  0.145729  0.458312  1.165193     17.837341
    122   1      4   0   5     4  0.381864     110.520      257.9      260.7      3.129  0.297739  0.146202  0.459292  1.163373      8.934744
    123   1      5   3   2     8  0.381929     110.572        1.1        1.1      0.010  0.297742  0.146297  0.459486  1.163009     17.875990
    124   1      0   0   6     2  0.382560     111.038       68.2       68.6      0.845  0.297823  0.147162  0.461195  1.159751      4.483928
    125   1      1   4   3     8  0.383562     111.666       93.8       93.3      1.109  0.298075  0.148347  0.463380  1.155421     18.019073
    126   1      3   4   2     8  0.385331     112.572      220.0      222.1      2.527  0.298742  0.150101  0.466282  1.149288     18.145355
    127   1      1   0   6     4  0.385408     112.607        8.3        8.3      0.059  0.298775  0.150170  0.466388  1.149053      9.075207
    128   1      7   0   2     4  0.387245     113.380      243.0      240.5      2.869  0.299655  0.151707  0.468602  1.143937      9.131977
    129   1      3   3   4     8  0.387368     113.427        4.0        4.0      0.055  0.299718  0.151803  0.468730  1.143626     18.271107
    130   1      4   4   0     4  0.389704     114.257       29.6       27.8      1.807  0.301006  0.153499  0.470818  1.138247      9.199668
    131   1      4   1   5     8  0.390182     114.412        3.3        3.2      0.159  0.301286  0.153822  0.471177  1.137252     18.424063
    132   1      3   2   5     8  0.392324     115.060       42.8       45.3      2.799  0.302593  0.155187  0.472560  1.133139     18.529648
    133   1      2   4   3     8  0.397744     116.453       57.4       59.6      2.238  0.306179  0.158221  0.474889  1.124523     18.769917
    134   1      1   1   6     8  0.398215     116.562        1.5        1.5      0.018  0.306505  0.158464  0.475032  1.123864     18.789431
    135   1      4   4   1     8  0.398612     116.652      326.0      324.2      2.465  0.306781  0.158666  0.475147  1.123318     18.805719
    136   1      7   1   2     8  0.401903     117.360      136.2      134.2      2.256  0.309115  0.160273  0.475914  1.119077     18.936380
    137   1      2   0   6     4  0.402256     117.432        7.9        7.8      0.137  0.309370  0.160438  0.475979  1.118649      9.474976
    138   1      6   3   0     4  0.408970     118.689      152.5      151.7      1.612  0.314344  0.163400  0.476699  1.111304      9.597869
    139   1      5   2   4     8  0.413125     119.382      101.9      101.5      1.238  0.317520  0.165086  0.476763  1.107359     19.338097
    140   1      6   2   3     8  0.419864     120.401       38.5       38.2      0.502  0.322790  0.167644  0.476429  1.101673     19.557255
    141   1      0   3   5     4  0.421013     120.564      150.9      146.1      4.688  0.323701  0.168062  0.476329  1.100777      9.796697
    142   1      6   3   1     8  0.425572     121.186       32.2       31.3      0.947  0.327344  0.169676  0.475826  1.097397     19.733814
    143   1      6   0   4     4  0.426329     121.285        1.3        1.3      0.017  0.327953  0.169937  0.475728  1.096862      9.878341
    144   1      2   1   6     8  0.428489     121.563      272.6      275.0      2.890  0.329697  0.170675  0.475430  1.095368     19.821381
    145   1      1   3   5     8  0.434256     122.271       14.6       14.6      0.126  0.334393  0.172585  0.474503  1.091616     19.990072
    146   1      7   2   1     8  0.434628     122.315      117.3      117.3      0.961  0.334698  0.172705  0.474437  1.091386     20.000750
    147   1      5   3   3     8  0.437879     122.693      154.8      152.1      2.949  0.337369  0.173745  0.473839  1.089415     20.093346
    148   1      4   4   2     8  0.451856     124.182        9.5        9.8      0.519  0.349003  0.177993  0.470849  1.081825     20.476114
    149   1      3   4   3     8  0.459610     124.931      184.9      186.7      2.291  0.355541  0.180222  0.468978  1.078113     20.679729
    150   1      4   3   4     8  0.461842     125.139       24.7       25.1      0.427  0.357432  0.180850  0.468419  1.077099     20.737389
    151   1      5   0   5     4  0.464777     125.406       61.5       62.5      1.156  0.359925  0.181667  0.467672  1.075799     10.406306
    152   1      6   1   4     8  0.466886     125.595       17.6       17.6      0.162  0.361719  0.182248  0.467129  1.074888     20.866261
    153   1      7   0   3     4  0.469719     125.843      100.6       99.7      1.275  0.364134  0.183022  0.466390  1.073693     10.468914
    154   1      3   0   6     4  0.471555     126.002       42.7       42.0      0.825  0.365702  0.183519  0.465907  1.072934     10.491965
    155   1      4   2   5     8  0.483403     126.981      274.0      270.4      3.872  0.375867  0.186655  0.462714  1.068324     21.276377
    156   1      0   5   1     4  0.487972     127.339       48.6       46.8      1.697  0.379806  0.187834  0.461459  1.066664     10.693538
    157   1      0   4   4     4  0.489358     127.446        8.6        8.2      0.394  0.381003  0.188189  0.461076  1.066172     10.710234
    158   1      0   2   6     4  0.491228     127.589        0.7        0.7      0.044  0.382618  0.188666  0.460558  1.065518     10.732670
    159   1      2   3   5     8  0.491428     127.604      110.7      103.5      6.685  0.382791  0.188716  0.460503  1.065448     21.470133
    160   1      8   0   0     2  0.508523     128.844      255.5      251.0      4.628  0.397629  0.192970  0.455728  1.059870      5.468337
    161   1      6   3   2     8  0.512670     129.128        0.9        0.8      0.009  0.401244  0.193977  0.454566  1.058614     21.969482
    162   1      1   5   1     8  0.513651     129.195        7.6        7.6      0.086  0.402100  0.194214  0.454291  1.058323     21.992123
    163   1      1   4   4     8  0.515279     129.305        1.5        1.5      0.017  0.403521  0.194606  0.453834  1.057842     22.029652
    164   1      1   2   6     8  0.517474     129.451      203.8      201.9      2.301  0.405438  0.195133  0.453220  1.057203     22.080103
    165   1      5   1   5     8  0.525116     129.950       20.5       19.5      0.914  0.412123  0.196951  0.451083  1.055044     22.254602
    166   1      7   2   2     8  0.531888     130.378      199.6      197.1      2.730  0.418059  0.198541  0.449199  1.053215     22.407818
    167   1      7   1   3     8  0.532486     130.415      117.5      116.2      1.510  0.418583  0.198681  0.449033  1.053057     22.421278
    168   1      3   1   6     8  0.535221     130.584       17.7       17.2      0.437  0.420984  0.199317  0.448275  1.052341     22.482771
    169   1      8   0   1     4  0.553702     131.678       24.5       23.8      0.812  0.437246  0.203550  0.443210  1.047786     11.446814
    170   1      2   5   0     4  0.561271     132.105      177.7      175.3      3.078  0.443925  0.205253  0.441169  1.046048     11.529912
    171   1      5   4   1     8  0.571096     132.641        1.3        1.3      0.068  0.452608  0.207441  0.438554  1.043890     23.273945
    172   1      8   1   0     4  0.590071     133.626        3.5        3.4      0.404  0.469413  0.211598  0.433618  1.040006     11.841516
    173   1      2   5   1     8  0.620563     135.091      197.1      202.0      5.260  0.496503  0.218128  0.426029  1.034425     24.330357
    174   1      2   4   4     8  0.623196     135.212        1.3        1.3      0.022  0.498847  0.218684  0.425394  1.033976     24.385769
    175   1      2   2   6     8  0.626747     135.373      135.5      135.2      1.407  0.502007  0.219433  0.424543  1.033379     24.460369
    176   1      8   1   1     8  0.657242     136.694       13.6       13.9      0.581  0.529191  0.225790  0.417476  1.028582     25.096403
    177   1      3   3   5     8  0.677214     137.504      326.2      325.3      2.676  0.547026  0.229891  0.413079  1.025727     25.509043
    178   1      1   5   2     8  0.694551     138.177       16.8       16.3      0.446  0.562524  0.233419  0.409407  1.023409     25.865149
    179   1      4   4   3     8  0.706895     138.640      252.5      253.7      3.024  0.573566  0.235914  0.406872  1.021841     26.117655
    180   1      4   0   6     4  0.744588     139.977        1.3        1.2      0.093  0.607318  0.243458  0.399520  1.017428     13.442102

   No.  Code     H   K   L  Mult     Hw         2theta      Icalc       Iobs      Sigma      HwG     HwL       ETA       d-hkl        CORR

    181   1      6   2   4     8  0.756576     140.381       20.6       21.8      1.652  0.618063  0.245837  0.397300  1.016130     27.126783
    182   1      8   0   2     4  0.778549     141.096       42.0       46.3      4.914  0.637765  0.250175  0.393369  1.013871     13.785044
    183   1      5   4   2     8  0.815967     142.246       47.6       52.0      5.116  0.671340  0.257506  0.387066  1.010341     28.321737
    184   1      5   3   4     8  0.861747     143.551        0.6        0.9      0.335  0.712451  0.266394  0.379966  1.006488     29.236876
    185   1      6   3   3     8  0.919792     145.066       30.1       30.6      0.794  0.764614  0.277563  0.371823  1.002213     30.391977
    186   1      2   5   2     8  0.926575     145.234      129.7      132.2      3.421  0.770712  0.278862  0.370928  1.001752     30.526640
    187   1      4   1   6     8  0.956300     145.949        5.6        5.4      0.211  0.797438  0.284542  0.367137  0.999817     31.116213
    188   1      5   2   5     8  0.964338     146.137      125.9      120.8      5.027  0.804666  0.286075  0.366146  0.999317     31.275501
    189   1      3   5   1     8  0.986929     146.653       73.1       71.8      1.438  0.824983  0.290376  0.363438  0.997958     31.722792
    190   1      7   2   3     8  0.992606     146.780       71.1       70.6      0.851  0.830089  0.291455  0.362774  0.997627     31.835100
    191   1      3   4   4     8  0.993854     146.808       21.4       21.3      0.232  0.831212  0.291692  0.362629  0.997555     31.859837
    192   1      3   2   6     8  1.003244     147.016      191.1      193.1      2.871  0.839658  0.293476  0.361549  0.997019     32.045582
    193   1      8   1   2     8  1.013561     147.240       12.2       12.4      0.249  0.848938  0.295433  0.360382  0.996442     32.249599
    194   1      7   3   1     8  1.051101     148.031       11.6       11.1      0.496  0.882711  0.302543  0.356307  0.994449     32.991287
    195   1      7   0   4     4  1.058982     148.192       50.3       48.7      1.993  0.889802  0.304033  0.355484  0.994050     16.573454
    196   1      6   0   5     4  1.110867     149.209       75.2       78.6      4.249  0.936491  0.313821  0.350328  0.991581     17.085260
    197   1      1   0   7     4  1.215452     151.064        0.0        0.0      0.001  1.030622  0.333466  0.341155  0.987310     18.115471
    198   1      8   2   0     4  1.237561     151.426      160.9      170.8     11.461  1.050524  0.337607  0.339398  0.986510     18.333092

     -----------------------------------------------------
     BRAGG R-Factors and weight fractions for Pattern #  1
     -----------------------------------------------------

 => Phase:  1     PbSO4
 => Bragg R-factor:   1.66       Vol:  318.434( 0.000)  Fract(%):  100.00( 0.00)
 => Rf-factor=  1.39             ATZ:        1206.155   Brindley:  1.0000

     -----------------------------------------------------------------
      SYMBOLIC NAMES AND FINAL VALUES AND SIGMA OF REFINED PARAMETERS:
     -----------------------------------------------------------------


 ------------------------------------------------------------------
 => Number of bytes for floating point variables: 4
 => Dimensions of dynamic allocated arrays in this run of FullProf:
 ------------------------------------------------------------------

 => Total approximate array memory (dynamic + static): 107719993 bytes

    MaxPOINT=    60000 Max.num. of points(+int. Inten.)/diffraction pattern       
    MaxREFLT=    20000 Max.num. of reflections/diffraction pattern               
    MaxPARAM=      300 Max.num. of refinable parameters                          
    MaxOVERL=     2096 Max.num. of overlapping reflections                       

 ----------------------------------------------------------
 => Number of bytes for floating point arrays: 4
 => Dimensions of fixed arrays in this release of FullProf:
 ----------------------------------------------------------

    NPATT   =       80 Max.num. of powder diffraction patterns                    
    NATS    =      830 Max.num. of atoms (all kind) in asymmetric unit            
    MPAR    =     1800 Max.num. of non atomic parameters/phase                    
    IEXCL   =       30 Max.num. of excluded regions                               
    IBACP   =      277 Max.num. of background points for interpolation            
    NPHT    =       16 Max.num. of phases                                         
    NMAGM   =        8 Max.num. of rotation-matrices sets for magnetic structure  
    NBASIS  =       12 Max.num. of basis functions associated to a single atom    
    NIREPS  =        9 Max.num. of irreducible representations to be combined     
    N_EQ    =      384 Max.num. of user-supplied symmetry operators/propagation vectors
    NGL     =      300 Max.num. of global parameters/diffraction pattern          
    N_LINC  =       30 Max.num. of global linear restraints                        
    NAT_P   =       64 Max.num. of atomic parameters per atom                     
    NCONST  =      500 Max.num. of slack constraints per phase                    
    N_SPE   =       16 Max.num. of different chemical species                     
    N_FORM  =       60 Max.num. of scattering factor values in a table            
    NPR     =      150 Max.num. of points defining a numerical profile            
    INPR    =       25 Max.num. of different numerical peak shapes                
    NPRC    =      150 Max.num. of terms in the table for correcting intensities  
    NSOL    =       10 Max.num. of solutions to be stored in Montecarlo searchs   

 
              CPU Time:     0.516 seconds
                            0.009 minutes

 => Run finished at:     Date: 03/06/2016  Time: 17:05:37.985                              
