

        **********************************************************
        ** PROGRAM FullProf.2k (Version 5.40 - Mar2014-ILL JRC) **
        **********************************************************
                       M U L T I -- P A T T E R N                 
            Rietveld, Profile Matching & Integrated Intensity     
                 Refinement of X-ray and/or Neutron Data


    Date: 10/05/2014  Time: 21:28:19.665                              

 => PCR file code: lmo
 => DAT file code: lmo.dat              -> Relative contribution: 1.0000                                                            

 ==> CONDITIONS OF THIS RUN FOR PATTERN No.:  1

 => Global Refinement of neutron powder data                                                                                        
 => Title:  LaMnO3 (Pbnm) 3t2-RT  (Crushed single X-tal, Diam=4 mm, H=10mm)

 => Number of phases:    1
 => Number of excluded regions:    2
 => Number of scattering factors supplied:    0
 => Maximum Likelihood weighting scheme ( w=1/(calculated variance) )
 => Asymmetry correction as in J.Appl.Cryst. 26,128(1993)
 => Background refined by polynomial function
 => The    7th default profile function was selected
 => T-C-H Pseudo-Voigt function 
    This function is convoluted with asymmetry due to axial 
    divergence as formulated by: 
    van Laar and Yelon, J. Appl. Cryst. 17, 47(1984).
    and using the method of:
    Finger, Cox and Jephcoat, J. Appl. Cryst. 27, 892 (1994).
    Fortran 90 module adapted from function PROFVAL (in F77) : 
    L.W. Finger, J. Appl. Cryst. 31, 111 (1998).


 ==> INPUT/OUTPUT OPTIONS:

 => Generate file *.PRF for plot
 => Output Integrated Intensities
 => Generate new input file *.PCR

 => Data in D1A,D2B format as prepared by D1A(D2B)SUM for pattern:  1
 => Plot pattern at each cycle
 => Wavelengths:  1.22720 1.22720
 => Alpha2/Alpha1 ratio:   0.0000
 => Cos(Monochromator angle)=   0.0000
 => Asymmetry correction for angles lower than   35.000 degrees
 => Absorption correction (AC), muR-eff =   0.0000  0.0000
 => Base of peaks: 2.0*HW*   10.00

 => Number of cycles:    5
 => Relaxation factors ==>    for coordinates:  0.85
 => for anisotropic temperature factors:  0.85
 => for halfwidth/strain/size parameters:  0.85
 => for lattice constants and propagation vectors:  0.85
 => EPS-value for convergence:    0.2

 => Excluded regions for Pattern#  1
    From     to
     -1.0000     11.0000
    125.0000    180.0000

 => Number of Least-Squares parameters varied:    32

 =>--------------------------->
 =>------->  PATTERN number:  1
 =>--------------------------->
 => Global parameters and codes ==>
 => Zero-point:     0.0003   51.0000
 => Background parameters and codes ==>
 => Origin of polynomial at 2theta/TOF/E(KeV):   50.000  
  20.208     -4.7970      16.907     -12.427      1.9700     0.97100    
      191.00      201.00      211.00      221.00      231.00      241.00
 => Perpendicular Displacement parameter and code:     0.00    0.00
 => Parallel      Displacement parameter and code:     0.00    0.00

 => Reading Intensity data  =>>

 -> Heading of input data:

   ->   Title: 20/04/1996    15:48:36  LaMnO3 (RT-3T2, Lambda: 1.2272 angstroms)                                                                   

   ->    Step:  0.050
   ->   Thmin:    0.000
   -> Monitors:   34000.  34000.
 ==> Angular range, step and number of points:
     2Thmin:       0.000000  2Thmax:     125.450005  Step:       0.050000  No. of points:   2510
 --------------------------------------------------------------------------------
 => Phase  No. 1
      LaMnO3              BKG brown                                         
 --------------------------------------------------------------------------------
 =>-------> Pattern#  1
 => Crystal Structure Refinement
 => Preferred orientation vector:   0.0000  0.0000  1.0000

 =>-------> Data for PHASE: 1
 => Number of atoms:    4
 => Number of distance  constraints:    3
 => Number of angle     constraints:    0

 => Symmetry information on space group: P b n m             
 -> The multiplicity of the general position is:   8
 -> The space group is Centric (-1 at origin)   
 -> Lattice type  P: { 000 }                                       
 -> Reduced set of symmetry operators:

  No.  IT   Symmetry symbol    Rotation part     Associated Translation
   1: ( 1)   1            -->     ( x, y, z) + {  0.0000  0.0000  0.0000}
   2: ( 4)   2 ( x, 0, 0) -->     ( x,-y,-z) + {  0.5000  0.5000  0.0000}
   3: ( 3)   2 ( 0, y, 0) -->     (-x, y,-z) + {  0.5000  0.5000  0.5000}
   4: ( 2)   2 ( 0, 0, z) -->     (-x,-y, z) + {  0.0000  0.0000  0.5000}


        Information on Space Group: 
        --------------------------- 

 =>  Number of Space group:  62
 => Hermann-Mauguin Symbol: P b n m
 =>            Hall Symbol: -P 2c 2ab
 =>   Table Setting Choice: cab
 =>           Setting Type: IT (Generated from Hermann-Mauguin symbol)
 =>         Crystal System: Orthorhombic
 =>             Laue Class: mmm
 =>            Point Group: mmm
 =>        Bravais Lattice: P
 =>         Lattice Symbol: oP
 => Reduced Number of S.O.:   4
 =>   General multiplicity:   8
 =>         Centrosymmetry: Centric (-1 at origin)
 => Generators (exc. -1&L):   2
 =>        Asymmetric unit:  0.000 <= x <=  1.000
                             0.000 <= y <=  0.500
                             0.000 <= z <=  0.250

 => List of S.O. without inversion and lattice centring translations
 => SYMM(  1): x,y,z                               => SYMM(  2): x+1/2,-y+1/2,-z
 => SYMM(  3): -x+1/2,y+1/2,-z+1/2                 => SYMM(  4): -x,-y,z+1/2


 => Initial parameters ==>
 Atom    Ntyp                  X         Y         Z         B         occ.         in  fin  Spc  Mult
                             B11       B22       B33       B12       B13       B23
 La     LA                -0.00771   0.04904   0.25000   0.35160   0.50000           0    0    1    4
                 Codes:  111.00000 121.00000   0.00000 181.00000   0.00000
 Mn     MN                 0.50000   0.00000   0.00000   0.21122   0.50000           0    0    2    4
                 Codes:    0.00000   0.00000   0.00000 151.00000   0.00000
 O1     O                  0.07432   0.48744   0.25000   0.50111   0.50000           0    0    3    4
                 Codes:   91.00000 101.00000   0.00000 141.00000   0.00000
 O2     O                  0.72553   0.30639   0.03831   0.43960   1.00000           0    0    3    8
                 Codes:   71.00000  81.00000  61.00000 171.00000   0.00000

 => IT IS ASSUMED THAT THE FIRST GIVEN SITE IS FULLY OCCUPIED 
    OR THE FIRST AND SECOND ATOMS ARE IN THE SAME SITE WITH TOTAL FULL OCCUPATION
  (If this is not the case, change the order of atoms to obtain correct values for the content of the unit cell)
    The given occupation factors have been obtained mutiplying m/M by   1.0000
      -> Atom: LA  ,  Chemical element: LA  Atomic Mass:   138.9055
      -> Atom: MN  ,  Chemical element: MN  Atomic Mass:    54.9380
      -> Atom: O   ,  Chemical element: O   Atomic Mass:    15.9994
      -> Atom: O   ,  Chemical element: O   Atomic Mass:    15.9994
 => The given value of ATZ is        967.37 the program has calculated:         967.37
    The value of ATZ given in the input PCR file will be used for quantitative analysis
 => The chemical content of the unit cell is: 
       4.0000 LA   +   4.0000 MN   +   4.0000 O    +   8.0000 O      
 => The normalized site occupation numbers in % are: 
     100.0000 La     :      100.0000 Mn     :      100.0000 O1     :      100.0000 O2       
 => The density (volumic mass) of the compound is:    6.563 g/cm3

 =>-------> PROFILE PARAMETERS FOR PATTERN:  1

 => Overall scale factor:   0.869270E-01
 => ETA (p-Voigt) OR M (Pearson VII):   0.0000
 => Overall temperature factor:      0.00000
 => Halfwidth U,V,W:      0.17600    -0.19781     0.09145
 => X and Y parameters:       0.0000      0.0301
 => Direct cell parameters:    5.5365   5.7471   7.6926  90.0000  90.0000  90.0000
 => Preferred orientation parameters:   0.0000  0.0000
 => Asymmetry parameters     :      0.09395     0.03215     0.00000     0.00000
 => Strain parameters        :      0.00000     0.00000     0.00000
 => Size   parameters        :      0.00000     0.00000
 => Further shape parameters (S_L and D_L):   0.00000   0.00000
    S_L is source width/detector distance
    D_L is detector width/detector distance

 ==> CODEWORDS FOR PROFILE PARAMETERS of PATTERN#  1

 => Overall scale factor:   11.000
 => ETA (p-Voigt) OR M (Pearson VII):    0.000
 => Overall temperature factor:    0.000
 => Halfwidth U,V,W:  251.000 261.000 271.000
 => X and Y parameters:    0.000 281.000
 => Direct cell parameters:   21.000  31.000  41.000   0.000   0.000   0.000
 => Preferred orientation parameters:    0.000   0.000
 => Asymmetry parameters     :  161.000 131.000   0.000   0.000
 => Strain parameters        :    0.000   0.000   0.000
 => Size   parameters        :    0.000   0.000

 => Cell constraints according to Laue symmetry: mmm  

        Metric information:
        -------------------

 => Direct cell parameters:

         a =       5.5365      b =       5.7471      c =       7.6926
     alpha =       90.000   beta =       90.000  gamma =       90.000
                        Direct Cell Volume =     244.7686

 => Reciprocal cell parameters:

         a*=     0.180620      b*=     0.174000      c*=     0.129996
     alpha*=       90.000   beta*=       90.000  gamma*=       90.000
                    Reciprocal Cell Volume =   0.00408549

 => Direct and Reciprocal Metric Tensors:

                   GD                                       GR
     30.6526      0.0000      0.0000          0.032624    0.000000    0.000000
      0.0000     33.0295      0.0000          0.000000    0.030276    0.000000
      0.0000      0.0000     59.1755          0.000000    0.000000    0.016899

 =>  Cartesian frame: x // a; y is in the ab-plane; z is x ^ y   

     Crystal_to_Orthonormal_Matrix              Orthonormal_to_Crystal Matrix
              Cr_Orth_cel                               Orth_Cr_cel  
      5.5365      0.0000      0.0000          0.180620    0.000000    0.000000
      0.0000      5.7471      0.0000          0.000000    0.174000    0.000000
      0.0000      0.0000      7.6926          0.000000    0.000000    0.129996

     Busing-Levy B-matrix: Hc=B.H            Inverse of the Busing-Levy B-matrix
                BL_M                                      BL_Minv  
    0.180620    0.000000    0.000000            5.5365      0.0000      0.0000
    0.000000    0.174000    0.000000            0.0000      5.7471      0.0000
    0.000000    0.000000    0.129996            0.0000      0.0000      7.6926

 => Constraints on distances for phase  1

    Distance between La   and Mn   is   3.34780 with standard error:   0.00090
 -> The following operation will be applied to the second atom:
    ITnum  Rotation part       Associated Translation
     ( 1)     ( x, y, z) + { -1.0000  0.0000  0.0000}
    Distance between La   and Mn   is   3.41740 with standard error:   0.00090
 -> The following operation will be applied to the second atom:
    ITnum  Rotation part       Associated Translation
     ( 1)     ( x, y, z) + {  0.0000  0.0000  0.0000}
    Distance between La   and Mn   is   3.22740 with standard error:   0.00080
 -> The following operation will be applied to the second atom:
    ITnum  Rotation part       Associated Translation
     ( 4)     ( x,-y,-z) + { -0.5000  0.5000  0.0000}

 => Laue symmetry mmm   will be used to generate HKL for pattern#   1
 => Reflections generated between S(1/d)min:  0.0020 A-1 and S(1/d)max:  1.4749 A-1
 =>                                    dmax:500.0000 A   and      dmin:  0.6780 A
 => The number of reflections generated is:    438
 => The max. scatt. variable (gen.ref.) is:       129.6395
 => Scattering coefficients from internal table

 => Scattering lengths:

 LA     0.8240
 MN    -0.3730
 O      0.5803

     --------------------------------------------------------------
      SYMBOLIC NAMES AND INITIAL VALUES OF PARAMETERS TO BE VARIED:
     --------------------------------------------------------------

      ->  Parameter number    1   -> Symbolic Name:       Scale_ph1_pat1    0.86926997E-01
      ->  Parameter number    2   -> Symbolic Name:      Cell_A_ph1_pat1     5.5364819    
      ->  Parameter number    3   -> Symbolic Name:      Cell_B_ph1_pat1     5.7471280    
      ->  Parameter number    4   -> Symbolic Name:      Cell_C_ph1_pat1     7.6925611    
      ->  Parameter number    5   -> Symbolic Name:            Zero_pat1    0.29000000E-03
      ->  Parameter number    6   -> Symbolic Name:             Z_O2_ph1    0.38309999E-01
      ->  Parameter number    7   -> Symbolic Name:             X_O2_ph1    0.72553003    
      ->  Parameter number    8   -> Symbolic Name:             Y_O2_ph1    0.30638999    
      ->  Parameter number    9   -> Symbolic Name:             X_O1_ph1    0.74320003E-01
      ->  Parameter number   10   -> Symbolic Name:             Y_O1_ph1    0.48743999    
      ->  Parameter number   11   -> Symbolic Name:             X_La_ph1   -0.77100000E-02
      ->  Parameter number   12   -> Symbolic Name:             Y_La_ph1    0.49040001E-01
      ->  Parameter number   13   -> Symbolic Name:       Asym2_ph1_pat1    0.32150000E-01
      ->  Parameter number   14   -> Symbolic Name:          Biso_O1_ph1    0.50111002    
      ->  Parameter number   15   -> Symbolic Name:          Biso_Mn_ph1    0.21122000    
      ->  Parameter number   16   -> Symbolic Name:       Asym1_ph1_pat1    0.93950003E-01
      ->  Parameter number   17   -> Symbolic Name:          Biso_O2_ph1    0.43959999    
      ->  Parameter number   18   -> Symbolic Name:          Biso_La_ph1    0.35159999    
      ->  Parameter number   19   -> Symbolic Name:           Bck_0_pat1     20.208000    
      ->  Parameter number   20   -> Symbolic Name:           Bck_1_pat1    -4.7969999    
      ->  Parameter number   21   -> Symbolic Name:           Bck_2_pat1     16.907000    
      ->  Parameter number   22   -> Symbolic Name:           Bck_3_pat1    -12.427000    
      ->  Parameter number   23   -> Symbolic Name:           Bck_4_pat1     1.9700000    
      ->  Parameter number   24   -> Symbolic Name:           Bck_5_pat1    0.97100002    
      ->  Parameter number   25   -> Symbolic Name:      U-Cagl_ph1_pat1    0.17600200    
      ->  Parameter number   26   -> Symbolic Name:      V-Cagl_ph1_pat1   -0.19780600    
      ->  Parameter number   27   -> Symbolic Name:      W-Cagl_ph1_pat1    0.91452003E-01
      ->  Parameter number   28   -> Symbolic Name:       Y-cos_ph1_pat1    0.30076001E-01
      ->  Parameter number   29   -> Symbolic Name:        DHG2_ref1 ..?   -0.12906000E-01
      ->  Parameter number   30   -> Symbolic Name:        DHLo_ref1 ..?    0.38260002E-01
      ->  Parameter number   31   -> Symbolic Name:        DHG2_ref2 ..?    0.27468000E-03
      ->  Parameter number   32   -> Symbolic Name:        DHLo_ref2 ..?   -0.58400002E-02
  
 
 => No optimization for routine tasks
 ++++++++++++++++++++++++++++++++++++++++++++++++++++++++++++++++++++++++++++++++++++++++++++++++++++++++++++++++++++++++

 => CYCLE No.:    1
 ---------------------------------------------------------------------------------------
 => Phase  1 Name: LaMnO3              BKG brown                                         
 ---------------------------------------------------------------------------------------
 => New parameters, shifts, and standard deviations

 Atom        x       dx      sx       y       dy      sy       z       dz      sz       B       dB      sB      occ.    docc.   socc.

 La      -0.00771 0.00000 0.00011  0.04904 0.00000 0.00012  0.25000 0.00000 0.00000  0.35160 0.00000 0.01672  0.50000 0.00000 0.00000
 Mn       0.50000 0.00000 0.00000  0.00000 0.00000 0.00000  0.00000 0.00000 0.00000  0.21122 0.00000 0.02934  0.50000 0.00000 0.00000
 O1       0.07432 0.00000 0.00023  0.48744 0.00000 0.00023  0.25000 0.00000 0.00000  0.50110-0.00001 0.02433  0.50000 0.00000 0.00000
 O2       0.72553 0.00000 0.00017  0.30639 0.00000 0.00017  0.03831 0.00000 0.00012  0.43960 0.00000 0.01746  1.00000 0.00000 0.00000

 => Distance  restraints:      Dobs     Dcalc  diff/sigma

    (La   - Mn  ):          3.34780   3.34762     0.20160
    (La   - Mn  ):          3.41740   3.41749    -0.09616
    (La   - Mn  ):          3.22740   3.22759    -0.23574

 => Restraints(dist):
         Sum{W(Dobs-Dcal)**2}/  3 =   0.764E-01     SM/S2 =     0.00010
    SM= Chi2*Sum{W(Dobs-Dcal)**2} =   0.498    
    S2=      Sum{w(yobs-ycal)**2} =   0.480E+04
   Rms=Sqrt{Sum[Dobs-Dcal]**2/  3}=    0.0002

 ==> PROFILE PARAMETERS FOR PATTERN#  1

 => Overall scale factor:      0.086926721    -0.000000274     0.000381752
 => Eta(p-Voigt) or m(Pearson VII):   0.000000  0.000000  0.000000
 => Overall tem. factor:   0.000000  0.000000  0.000000
 => Halfwidth parameters: 
       0.176001 -0.000001  0.004986
      -0.197806  0.000000  0.006326
       0.091452  0.000000  0.002164
 => Cell parameters: 
       5.536482   0.000000   0.000049
       5.747128   0.000000   0.000053
       7.692561   0.000000   0.000070
      90.000000   0.000000   0.000000
      90.000000   0.000000   0.000000
      90.000000   0.000000   0.000000
 => Preferred orientation: 
       0.000000  0.000000  0.000000
       0.000000  0.000000  0.000000
 => Asymmetry parameters: 
       0.093945 -0.000005  0.005631
       0.032150  0.000000  0.002141
       0.000000  0.000000  0.000000
       0.000000  0.000000  0.000000
 => X and Y parameters: 
       0.000000  0.000000  0.000000
       0.030076  0.000000  0.001616
 => Strain parameters: 
       0.000000  0.000000  0.000000
       0.000000  0.000000  0.000000
       0.000000  0.000000  0.000000
 => Size   parameters (G,L): 
       0.000000  0.000000  0.000000
       0.000000  0.000000  0.000000
 => Further shape parameters (S_L and D_L): 
       0.000000  0.000000  0.000000
       0.000000  0.000000  0.000000


 => Parameters of special reflections selected by the user:
   h   k   l  nvk      D-HG^2      Sigma       D-HL       Sigma       Shift       Sigma
   0   2   2    0    -0.01291     0.00182     0.03826     0.00388     0.00000     0.00000
   2   0   2    0     0.00028     0.00155    -0.00584     0.00311     0.00000     0.00000

 ==> GLOBAL PARAMETERS FOR PATTERN#  1


 => Zero-point:     0.0003    0.0000    0.0011
 => Background Polynomial Parameters ==>
       20.208     0.95114E-04 0.11597    
      -4.7969     0.71313E-04 0.34198    
       16.907    -0.33336E-03 0.94160    
      -12.427    -0.36947E-03 0.82383    
       1.9699    -0.13984E-03  1.7547    
      0.97097    -0.34614E-04 0.99871    

 => Cos(2theta)-shift parameter :   0.0000  0.0000  0.0000
 => Sin(2theta)-shift parameter :   0.0000  0.0000  0.0000

 ==> RELIABILITY FACTORS WITH ALL NON-EXCLUDED POINTS FOR PATTERN:  1

 => R-Factors:   4.94      5.79     Chi2:  2.14     DW-Stat.:  1.0293   Patt#:  1
 => Expected :            3.96                                1.8982
 => Deviance :  486.         Dev*:  0.2153    
 => GoF-index:  1.5         Sqrt(Residual/N)
 => N-P+C:  2247

 =>    SumYdif       SumYobs      SumYcal      SumwYobsSQ     Residual    Condition
      5871.        0.1188E+06    0.1190E+06    0.1433E+07     4801.        0.3504E+15


 => Conventional Rietveld Rp,Rwp,Re and Chi2:   9.07      8.89      6.08      2.137    
 => (Values obtained using Ynet, but true sigma(y))
 =>  SumYnet, Sum(w Ynet**2):     0.6470E+05    0.6069E+06


 ==> RELIABILITY FACTORS FOR POINTS WITH BRAGG CONTRIBUTIONS FOR PATTERN:  1

 => R-Factors:   4.93      5.78     Chi2:  2.16     DW-Stat.:  1.0366   Patt#:
 => Expected :            3.94                                1.8976
 => Deviance :  478.         Dev*:  0.2156    
 => GoF-index:  1.5         Sqrt(Residual/N)
 => N-P+C:  2209

 =>    SumYdif       SumYobs      SumYcal      SumwYobsSQ     Residual    Condition
      5784.        0.1174E+06    0.1175E+06    0.1426E+07     4767.        0.3504E+15


 => Conventional Rietveld Rp,Rwp,Re and Chi2:   8.94      8.86      6.03      2.158    
 => (Values obtained using Ynet, but true sigma(y))
 =>  SumYnet, Sum(w Ynet**2):     0.6472E+05    0.6068E+06


 => Global user-weigthed Chi2 (Bragg contrib.):   2.17    

 => ---------> Pattern#  1
 => Phase:  1
 =>    Bragg R-factor:  4.74    
 =>    RF-factor     :  3.05    


   Standard deviations have to be multiplied by: 1.8093
   (correlated residuals) See references:
  -J.F.Berar & P.Lelann, J. Appl. Cryst. 24, 1-5 (1991) 
  -J.F.Berar, Acc. in Pow. Diff. II,NIST Sp.Pub. 846, 63(1992) 

 ++++++++++++++++++++++++++++++++++++++++++++++++++++++++++++++++++++++++++++++++++++++++++++++++++++++++++++++++++++++++

 => CYCLE No.:    1
 =>  Convergence reached at this CYCLE !!!!
 =>  Parameter shifts set to zero
 ---------------------------------------------------------------------------------------
 => Phase  1 Name: LaMnO3              BKG brown                                         
 ---------------------------------------------------------------------------------------
 => New parameters, shifts, and standard deviations

 Atom        x       dx      sx       y       dy      sy       z       dz      sz       B       dB      sB      occ.    docc.   socc.

 La      -0.00771 0.00000 0.00011  0.04904 0.00000 0.00012  0.25000 0.00000 0.00000  0.35160 0.00000 0.01672  0.50000 0.00000 0.00000
 Mn       0.50000 0.00000 0.00000  0.00000 0.00000 0.00000  0.00000 0.00000 0.00000  0.21122 0.00000 0.02934  0.50000 0.00000 0.00000
 O1       0.07432 0.00000 0.00023  0.48744 0.00000 0.00023  0.25000 0.00000 0.00000  0.50110 0.00000 0.02433  0.50000 0.00000 0.00000
 O2       0.72553 0.00000 0.00017  0.30639 0.00000 0.00017  0.03831 0.00000 0.00012  0.43960 0.00000 0.01746  1.00000 0.00000 0.00000

 => Distance  restraints:      Dobs     Dcalc  diff/sigma

    (La   - Mn  ):          3.34780   3.34762     0.20160
    (La   - Mn  ):          3.41740   3.41749    -0.09616
    (La   - Mn  ):          3.22740   3.22759    -0.23574

 => Restraints(dist):
         Sum{W(Dobs-Dcal)**2}/  3 =   0.764E-01     SM/S2 =     0.00010
    SM= Chi2*Sum{W(Dobs-Dcal)**2} =   0.498    
    S2=      Sum{w(yobs-ycal)**2} =   0.480E+04
   Rms=Sqrt{Sum[Dobs-Dcal]**2/  3}=    0.0002

 ==> PROFILE PARAMETERS FOR PATTERN#  1

 => Overall scale factor:      0.086926721     0.000000000     0.000381752
 => Eta(p-Voigt) or m(Pearson VII):   0.000000  0.000000  0.000000
 => Overall tem. factor:   0.000000  0.000000  0.000000
 => Halfwidth parameters: 
       0.176001  0.000000  0.004986
      -0.197806  0.000000  0.006326
       0.091452  0.000000  0.002164
 => Cell parameters: 
       5.536482   0.000000   0.000049
       5.747128   0.000000   0.000053
       7.692561   0.000000   0.000070
      90.000000   0.000000   0.000000
      90.000000   0.000000   0.000000
      90.000000   0.000000   0.000000
 => Preferred orientation: 
       0.000000  0.000000  0.000000
       0.000000  0.000000  0.000000
 => Asymmetry parameters: 
       0.093945  0.000000  0.005631
       0.032150  0.000000  0.002141
       0.000000  0.000000  0.000000
       0.000000  0.000000  0.000000
 => X and Y parameters: 
       0.000000  0.000000  0.000000
       0.030076  0.000000  0.001616
 => Strain parameters: 
       0.000000  0.000000  0.000000
       0.000000  0.000000  0.000000
       0.000000  0.000000  0.000000
 => Size   parameters (G,L): 
       0.000000  0.000000  0.000000
       0.000000  0.000000  0.000000
 => Further shape parameters (S_L and D_L): 
       0.000000  0.000000  0.000000
       0.000000  0.000000  0.000000


 => Parameters of special reflections selected by the user:
   h   k   l  nvk      D-HG^2      Sigma       D-HL       Sigma       Shift       Sigma
   0   2   2    0    -0.01291     0.00182     0.03826     0.00388     0.00000     0.00000
   2   0   2    0     0.00028     0.00155    -0.00584     0.00311     0.00000     0.00000

 ==> GLOBAL PARAMETERS FOR PATTERN#  1


 => Zero-point:     0.0003    0.0000    0.0011
 => Background Polynomial Parameters ==>
       20.208      0.0000     0.11597    
      -4.7969      0.0000     0.34198    
       16.907      0.0000     0.94160    
      -12.427      0.0000     0.82383    
       1.9699      0.0000      1.7547    
      0.97097      0.0000     0.99871    

 => Cos(2theta)-shift parameter :   0.0000  0.0000  0.0000
 => Sin(2theta)-shift parameter :   0.0000  0.0000  0.0000

 ==> RELIABILITY FACTORS WITH ALL NON-EXCLUDED POINTS FOR PATTERN:  1

 => R-Factors:   4.94      5.79     Chi2:  2.14     DW-Stat.:  1.0293   Patt#:  1
 => Expected :            3.96                                1.8982
 => Deviance :  486.         Dev*:  0.2153    
 => GoF-index:  1.5         Sqrt(Residual/N)
 => N-P+C:  2247

 =>    SumYdif       SumYobs      SumYcal      SumwYobsSQ     Residual    Condition
      5871.        0.1188E+06    0.1190E+06    0.1433E+07     4801.        0.3504E+15


 => Conventional Rietveld Rp,Rwp,Re and Chi2:   9.07      8.89      6.08      2.137    
 => (Values obtained using Ynet, but true sigma(y))
 =>  SumYnet, Sum(w Ynet**2):     0.6470E+05    0.6069E+06

 => N-sigma of the GoF:   38.096

 ==> RELIABILITY FACTORS FOR POINTS WITH BRAGG CONTRIBUTIONS FOR PATTERN:  1

 => R-Factors:   4.93      5.78     Chi2:  2.16     DW-Stat.:  1.0366   Patt#:
 => Expected :            3.94                                1.8976
 => Deviance :  478.         Dev*:  0.2156    
 => GoF-index:  1.5         Sqrt(Residual/N)
 => N-P+C:  2209

 =>    SumYdif       SumYobs      SumYcal      SumwYobsSQ     Residual    Condition
      5784.        0.1174E+06    0.1175E+06    0.1426E+07     4767.        0.3504E+15


 => Conventional Rietveld Rp,Rwp,Re and Chi2:   8.94      8.86      6.03      2.158    
 => (Values obtained using Ynet, but true sigma(y))
 =>  SumYnet, Sum(w Ynet**2):     0.6472E+05    0.6068E+06

 => N-sigma of the GoF:       38.483

 => Global user-weigthed Chi2 (Bragg contrib.):   2.17    

 => ---------> Pattern#  1
 => Phase:  1
 =>    Bragg R-factor:  4.74    
 =>    RF-factor     :  3.05    

 --------------------------------------------------------------------------------------------------------------
 Pattern#  1 Phase No:   1 Phase name: LaMnO3              BKG brown 
 --------------------------------------------------------------------------------------------------------------

   No.  Code     H   K   L  Mult     Hw         2theta      Icalc       Iobs      Sigma      HwG     HwL       ETA       d-hkl        CORR

      1   1      1   0   1     4  0.276141      15.696        0.4        0.0      0.686  0.259866  0.030360  0.144568  4.493644    108.278862
      2   1      1   1   0     4  0.271102      17.705       58.1       56.2      2.069  0.254782  0.030439  0.147516  3.987274     85.470390
      3   1      0   0   2     2  0.269482      18.359       30.6       32.4      2.032  0.253146  0.030466  0.148498  3.846281     39.802391
      4   1      1   1   1     8  0.265557      19.963       11.6       13.3      2.112  0.249179  0.030538  0.150948  3.539995    135.181946
      5   1      0   2   0     2  0.254480      24.659        0.0        0.0      0.040  0.237960  0.030786  0.158470  2.873564     22.449409
      6   1      2   0   0     2  0.252311      25.613        2.8        3.5      0.916  0.235759  0.030843  0.160059  2.768241     20.872616
      7   1      1   1   2     8  0.252311      25.613        2.9        3.6      0.938  0.235759  0.030843  0.160060  2.768234     83.490059
      8   1      0   2   1     4  0.250651      26.352        2.3        2.0      0.405  0.234073  0.030889  0.161305  2.691882     39.532810
      9   1      1   2   0     4  0.247364      27.842       22.2       21.3      0.972  0.230730  0.030986  0.163847  2.550493     35.600353
     10   1      2   1   0     4  0.245967      28.485        5.3        5.0      0.414  0.229308  0.031030  0.164959  2.494002     34.088799
     11   1      1   2   1     8  0.244085      29.365       16.0       15.0      1.032  0.227391  0.031091  0.166490  2.420900     64.366692
     12   1      2   1   1     8  0.242788      29.978       26.7       27.4      0.854  0.226069  0.031135  0.167568  2.372432     61.902901
     13   1      1   0   3     4  0.241530      30.581       37.9       35.6      2.169  0.224785  0.031180  0.168631  2.326755     29.813494
     14   1      0   2   2     4  0.231948      30.918      222.7      216.7      5.908  0.193141  0.069465  0.369291  2.302049     29.207308
     15   1      2   0   2     4  0.236688      31.697      235.7      238.3      2.820  0.223061  0.025424  0.141368  2.246822     27.875824
     16   1      1   1   3     8  0.236513      33.059       11.0       10.7      0.355  0.219658  0.031373  0.173061  2.156708     51.546711
     17   1      1   2   2     8  0.235538      33.556       34.8       33.8      1.079  0.218660  0.031413  0.173961  2.125625     50.136711
     18   1      2   1   2     8  0.234482      34.102        5.0        5.3      0.382  0.217577  0.031459  0.174950  2.092591     48.660900
     19   1      2   2   0     4  0.231193      35.851       63.1       62.1      1.171  0.214202  0.031610  0.178137  1.993637     22.190231
     20   1      2   2   1     8  0.228977      37.078       19.2       21.0      1.896  0.211922  0.031722  0.180384  1.929879     41.734123
     21   1      0   0   4     2  0.228739      37.212       38.6       40.4      1.912  0.211676  0.031735  0.180631  1.923140     10.364892
     22   1      0   2   3     4  0.228386      37.412       21.1       20.4      0.671  0.211313  0.031753  0.180998  1.913218     20.528536
     23   1      1   3   0     4  0.224641      39.624        1.2        1.3      0.169  0.207445  0.031968  0.185053  1.810396     18.505640
     24   1      1   2   3     8  0.224563      39.672        5.9        6.5      0.656  0.207365  0.031973  0.185141  1.808293     36.930916
     25   1      3   0   1     4  0.224052      39.988       11.4       13.1      1.915  0.206835  0.032005  0.185719  1.794573     18.204504
     26   1      2   1   3     8  0.223800      40.145        9.8       11.0      1.368  0.206573  0.032021  0.186007  1.787824     36.153759
     27   1      2   2   2     8  0.223131      40.567       19.2       19.3      0.250  0.205880  0.032064  0.186777  1.769998     35.484375
     28   1      1   3   1     8  0.222839      40.753       29.2       28.7      0.614  0.205577  0.032084  0.187117  1.762251     35.195648
     29   1      3   1   0     4  0.222646      40.878       17.7       17.7      0.215  0.205376  0.032097  0.187343  1.757123     17.502615
     30   1      1   1   4     8  0.221702      41.493       20.9       21.5      0.661  0.204396  0.032161  0.188462  1.732185     34.087364
     31   1      3   1   1     8  0.220974      41.980        5.9        6.4      0.574  0.203638  0.032214  0.189343  1.713003     33.390587
     32   1      1   3   2     8  0.218123      43.999        2.3        1.9      0.406  0.200658  0.032438  0.192960  1.638018     30.743908
     33   1      3   1   2     8  0.216624      45.154        8.0        7.9      0.279  0.199083  0.032572  0.194989  1.598243     29.390123
     34   1      0   2   4     4  0.216623      45.154        2.5        2.4      0.086  0.199083  0.032572  0.194989  1.598239     14.694992
     35   1      2   0   4     4  0.215922      45.722        0.4        0.4      0.096  0.198343  0.032640  0.195976  1.579409     14.380607
     36   1      2   3   0     4  0.215769      45.849        0.3        0.1      0.088  0.198181  0.032655  0.196194  1.575285     14.312280
     37   1      2   2   3     8  0.215718      45.892        0.1        0.0      0.026  0.198127  0.032660  0.196268  1.573899     28.578711
     38   1      3   2   0     4  0.214946      46.551       12.3       12.2      0.265  0.197309  0.032741  0.197395  1.552832     13.943552
     39   1      2   3   1     8  0.214599      46.856        6.3        5.6      0.620  0.196941  0.032778  0.197913  1.543259     27.576113
     40   1      1   2   4     8  0.214322      47.106        4.5        3.7      0.679  0.196646  0.032809  0.198334  1.535539     27.326784
     41   1      2   1   4     8  0.213874      47.520        1.4        1.4      0.066  0.196169  0.032861  0.199025  1.522946     26.922913
     42   1      3   2   1     8  0.213845      47.547        2.6        2.6      0.134  0.196138  0.032865  0.199070  1.522129     26.896841
     43   1      3   0   3     4  0.213003      48.365        0.9        0.7      0.228  0.195236  0.032969  0.200418  1.497881     13.064798
     44   1      1   0   5     4  0.212479      48.905       11.6       11.0      0.637  0.194673  0.033039  0.201291  1.482343     12.822413
     45   1      1   3   3     8  0.212366      49.025       16.9       15.7      1.143  0.194550  0.033055  0.201484  1.478932     25.539141
     46   1      2   3   2     8  0.211680      49.785        1.2        0.6      0.323  0.193808  0.033156  0.202686  1.457760     24.888988
     47   1      3   1   3     8  0.211421      50.090        0.1        0.0      0.049  0.193525  0.033197  0.203160  1.449460     24.636862
     48   1      3   2   2     8  0.211128      50.445        5.9        5.1      0.679  0.193205  0.033246  0.203706  1.439912     24.348738
     49   1      0   4   0     2  0.211034      50.563        2.9        2.4      0.401  0.193102  0.033262  0.203885  1.436782      6.063684
     50   1      1   1   5     8  0.210992      50.616        0.6        0.4      0.101  0.193056  0.033269  0.203966  1.435366     24.212296
     51   1      0   4   1     4  0.210331      51.501       11.3        9.5      1.517  0.192326  0.033392  0.205287  1.412358     11.764430
     52   1      1   4   0     4  0.209761      52.362       22.1       20.8      1.265  0.191687  0.033514  0.206528  1.390715     11.448489
     53   1      4   0   0     2  0.209599      52.631       10.3       10.5      0.251  0.191502  0.033553  0.206906  1.384120      5.676642
     54   1      2   2   4     8  0.209599      52.631       34.5       35.3      0.842  0.191502  0.033553  0.206906  1.384117     22.706470
     55   1      1   4   1     8  0.209238      53.278        1.0        0.8      0.174  0.191089  0.033648  0.207794  1.368531     22.260412
     56   1      0   2   5     4  0.208981      53.795        1.3        1.3      0.118  0.190789  0.033724  0.208483  1.356344     10.957771
     57   1      0   4   2     4  0.208781      54.244       14.6       13.6      0.954  0.190550  0.033792  0.209067  1.345941     10.811936
     58   1      4   1   0     4  0.208775      54.257        5.3        4.9      0.338  0.190544  0.033794  0.209084  1.345645     10.807807
     59   1      2   3   3     8  0.208714      54.407       12.9       12.2      0.705  0.190470  0.033816  0.209274  1.342229     21.520416
     60   1      3   3   0     4  0.208497      54.990       19.8       20.6      0.806  0.190203  0.033906  0.210001  1.329091     10.578390

   No.  Code     H   K   L  Mult     Hw         2theta      Icalc       Iobs      Sigma      HwG     HwL       ETA       d-hkl        CORR

     61   1      3   2   3     8  0.208484      55.027       24.9       26.1      1.210  0.190187  0.033911  0.210047  1.328258     21.133865
     62   1      4   1   1     8  0.208444      55.151       10.7       11.4      0.758  0.190136  0.033930  0.210197  1.325518     21.058567
     63   1      1   3   4     8  0.208343      55.483        2.3        2.3      0.024  0.190006  0.033982  0.210595  1.318200     20.858385
     64   1      1   2   5     8  0.208333      55.520       27.2       27.2      0.265  0.189993  0.033988  0.210639  1.317387     20.836233
     65   1      3   3   1     8  0.208240      55.875        9.7        9.7      0.088  0.189869  0.034043  0.211053  1.309687     20.627089
     66   1      2   1   5     8  0.208237      55.888       10.6       10.6      0.094  0.189865  0.034045  0.211068  1.309409     20.619572
     67   1      1   4   2     8  0.208220      55.961       19.6       19.3      0.337  0.189842  0.034057  0.211151  1.307849     20.577379
     68   1      4   0   2     4  0.208165      56.217        0.5        0.5      0.017  0.189764  0.034098  0.211442  1.302360     10.214688
     69   1      3   1   4     8  0.208120      56.461       23.3       25.0      1.760  0.189697  0.034136  0.211713  1.297203     20.290974
     70   1      0   0   6     2  0.208025      57.187       16.4       17.2      0.915  0.189537  0.034254  0.212490  1.282094      4.972281
     71   1      2   4   0     4  0.208003      57.523        0.0        0.0      0.004  0.189484  0.034309  0.212833  1.275247      9.854404
     72   1      4   1   2     8  0.207995      57.775        7.2        7.7      0.611  0.189453  0.034350  0.213084  1.270155     19.575457
     73   1      2   4   1     8  0.208008      58.383        4.0        4.5      0.536  0.189410  0.034452  0.213665  1.258077     19.261560
     74   1      3   3   2     8  0.208014      58.478        3.4        3.8      0.449  0.189407  0.034468  0.213753  1.256206     19.213268
     75   1      0   4   3     4  0.208025      58.620        0.3        0.3      0.063  0.189405  0.034492  0.213882  1.253426      9.570827
     76   1      4   2   0     4  0.208061      58.952        4.1        4.4      0.287  0.189410  0.034548  0.214176  1.247001      9.488417
     77   1      4   2   1     8  0.208216      59.799        2.8        3.4      0.747  0.189484  0.034694  0.214879  1.230933     18.569040
     78   1      1   4   3     8  0.208338      60.255        2.7        2.7      0.095  0.189562  0.034774  0.215226  1.222489     18.357273
     79   1      1   1   6     8  0.208370      60.361        0.3        0.3      0.006  0.189584  0.034792  0.215304  1.220548     18.308834
     80   1      2   3   4     8  0.208403      60.465        0.1        0.1      0.003  0.189606  0.034811  0.215379  1.218642     18.261379
     81   1      2   2   5     8  0.208415      60.500       26.3       27.5      1.293  0.189614  0.034817  0.215404  1.218000     18.245409
     82   1      2   4   2     8  0.208563      60.918       27.8       26.7      1.082  0.189722  0.034891  0.215693  1.210450     18.058386
     83   1      3   2   4     8  0.208613      61.046        6.4        6.4      0.100  0.189759  0.034914  0.215778  1.208157     18.001863
     84   1      4   1   3     8  0.209051      61.990       15.2       17.1      2.181  0.190103  0.035086  0.216350  1.191537     17.596107
     85   1      4   2   2     8  0.209221      62.299       48.4       52.2      4.145  0.190241  0.035143  0.216516  1.186216     17.467655
     86   1      3   0   5     4  0.209375      62.562       20.5       21.7      1.273  0.190369  0.035192  0.216650  1.181729      8.679951
     87   1      3   3   3     8  0.209438      62.665       14.8       15.7      1.049  0.190421  0.035211  0.216699  1.179998     17.318483
     88   1      1   3   5     8  0.209735      63.120       15.2       15.2      0.150  0.190671  0.035297  0.216906  1.172357     17.136480
     89   1      0   2   6     4  0.209797      63.211       30.8       30.3      0.532  0.190725  0.035314  0.216945  1.170841      8.550288
     90   1      2   0   6     4  0.210127      63.664       28.8       28.7      0.314  0.191008  0.035400  0.217123  1.163377      8.462267
     91   1      3   1   5     8  0.210411      64.025       10.0       10.4      0.476  0.191253  0.035470  0.217249  1.157512     16.787210
     92   1      0   4   4     4  0.210751      64.429        2.8        3.1      0.360  0.191550  0.035548  0.217372  1.151025      8.318177
     93   1      1   2   6     8  0.211062      64.777        0.5        0.5      0.024  0.191825  0.035617  0.217463  1.145507     16.508904
     94   1      2   4   3     8  0.211282      65.011       37.8       36.2      1.519  0.192019  0.035663  0.217516  1.141832     16.424482
     95   1      2   1   6     8  0.211379      65.113        0.0        0.0      0.001  0.192105  0.035683  0.217537  1.140250     16.388231
     96   1      3   4   0     4  0.211802      65.535        5.1        5.6      0.573  0.192482  0.035768  0.217612  1.133711      8.119572
     97   1      1   4   4     8  0.212274      65.979       11.0       11.3      0.426  0.192906  0.035857  0.217669  1.126928     16.085703
     98   1      1   5   0     4  0.212384      66.079        0.1        0.1      0.005  0.193005  0.035878  0.217679  1.125427      8.025958
     99   1      4   0   4     4  0.212534      66.213        6.0        6.2      0.190  0.193140  0.035905  0.217690  1.123411      8.003307
    100   1      4   3   0     4  0.212647      66.312        1.0        1.0      0.035  0.193242  0.035925  0.217697  1.121924      7.986639
    101   1      3   4   1     8  0.212672      66.334        5.3        5.5      0.216  0.193265  0.035930  0.217698  1.121596     15.965923
    102   1      4   2   3     8  0.212685      66.345       15.3       16.0      0.674  0.193277  0.035932  0.217699  1.121423     15.962060
    103   1      1   5   1     8  0.213316      66.874       19.9       18.1      1.621  0.193848  0.036041  0.217714  1.113573     15.787171
    104   1      4   3   1     8  0.213605      67.105       10.8       10.4      0.407  0.194111  0.036089  0.217710  1.110179     15.712068
    105   1      4   1   4     8  0.214293      67.632        2.4        2.6      0.268  0.194740  0.036200  0.217679  1.102544     15.544290
    106   1      2   3   5     8  0.214471      67.764        0.8        0.8      0.048  0.194903  0.036228  0.217666  1.100663     15.503197
    107   1      5   0   1     4  0.214928      68.091        0.0        0.0      0.000  0.195322  0.036298  0.217625  1.096000      7.700876
    108   1      3   3   4     8  0.215193      68.277       19.6       21.0      1.452  0.195566  0.036338  0.217597  1.093384     15.345095
    109   1      3   2   5     8  0.215241      68.310        1.4        1.5      0.100  0.195610  0.036345  0.217591  1.092920     15.335073
    110   1      3   4   2     8  0.215821      68.701       25.1       26.0      0.938  0.196144  0.036429  0.217516  1.087455     15.217433
    111   1      5   1   0     4  0.215838      68.712       29.6       30.7      1.137  0.196160  0.036432  0.217514  1.087299      7.607041
    112   1      1   5   2     8  0.216646      69.232       17.0       16.1      0.874  0.196907  0.036545  0.217386  1.080139     15.061242
    113   1      2   2   6     8  0.216857      69.363       29.2       28.7      0.517  0.197102  0.036574  0.217349  1.078354     15.023371
    114   1      1   0   7     4  0.216910      69.396       15.8       15.7      0.186  0.197152  0.036582  0.217340  1.077909      7.506967
    115   1      4   3   2     8  0.217014      69.460        1.4        1.4      0.019  0.197248  0.036596  0.217321  1.077040     14.995555
    116   1      5   1   1     8  0.217067      69.493        0.0        0.0      0.000  0.197297  0.036603  0.217311  1.076598     14.986205
    117   1      2   4   4     8  0.218846      70.527        0.2        0.3      0.204  0.198952  0.036835  0.216934  1.062812     14.697478
    118   1      2   5   0     4  0.219020      70.623        0.0        0.0      0.002  0.199114  0.036857  0.216893  1.061553      7.335690
    119   1      1   1   7     8  0.219317      70.785        3.5        4.0      0.516  0.199391  0.036894  0.216822  1.059435     14.627597
    120   1      2   5   1     8  0.220469      71.394        4.2        3.9      0.327  0.200469  0.037034  0.216526  1.051588     14.466486

   No.  Code     H   K   L  Mult     Hw         2theta      Icalc       Iobs      Sigma      HwG     HwL       ETA       d-hkl        CORR

    121   1      0   4   5     4  0.220700      71.512       23.2       21.2      1.833  0.200685  0.037062  0.216464  1.050082      7.217896
    122   1      5   1   2     8  0.221293      71.811        4.6        4.5      0.119  0.201241  0.037132  0.216301  1.046296     14.358906
    123   1      4   2   4     8  0.221293      71.811        1.4        1.4      0.037  0.201241  0.037132  0.216301  1.046295     14.358884
    124   1      1   3   6     8  0.221294      71.811        2.2        2.1      0.056  0.201241  0.037132  0.216301  1.046293     14.358842
    125   1      3   4   3     8  0.222858      72.566        2.4        2.4      0.111  0.202710  0.037310  0.215844  1.036886     14.169656
    126   1      3   1   6     8  0.223064      72.662        1.7        1.6      0.103  0.202904  0.037333  0.215781  1.035700     14.146008
    127   1      5   2   0     4  0.223499      72.863        1.0        1.0      0.084  0.203314  0.037382  0.215647  1.033239      7.048529
    128   1      1   4   5     8  0.223778      72.990        0.1        0.1      0.006  0.203576  0.037412  0.215560  1.031689     14.066317
    129   1      1   5   3     8  0.223988      73.085       16.2       14.2      1.710  0.203774  0.037435  0.215494  1.030537     14.043520
    130   1      4   3   3     8  0.224487      73.307        0.9        0.9      0.018  0.204244  0.037489  0.215336  1.027845     13.990415
    131   1      0   2   7     4  0.224752      73.424       10.3       10.9      0.706  0.204494  0.037518  0.215251  1.026438      6.981370
    132   1      5   2   1     8  0.225210      73.624        2.4        2.5      0.155  0.204927  0.037567  0.215101  1.024043     13.915794
    133   1      2   5   2     8  0.225356      73.687        0.4        0.4      0.026  0.205064  0.037582  0.215054  1.023295     13.901155
    134   1      5   0   3     4  0.226706      74.257        4.5        4.8      0.427  0.206339  0.037723  0.214602  1.016562      6.885154
    135   1      4   1   5     8  0.227477      74.572        3.6        3.7      0.199  0.207068  0.037802  0.214338  1.012882     13.699386
    136   1      1   2   7     8  0.228264      74.888        6.3        6.0      0.344  0.207813  0.037881  0.214065  1.009240     13.629651
    137   1      3   3   5     8  0.229038      75.191        3.1        3.2      0.149  0.208546  0.037959  0.213792  1.005765     13.563510
    138   1      2   1   7     8  0.229066      75.202        2.6        2.7      0.132  0.208573  0.037961  0.213782  1.005639     13.561123
    139   1      5   1   3     8  0.230131      75.610        7.7        8.0      0.409  0.209582  0.038066  0.213402  1.001023     13.473901
    140   1      5   2   2     8  0.230884      75.891        6.5        6.8      0.310  0.210297  0.038139  0.213129  0.997862     13.414575
    141   1      4   4   0     4  0.231137      75.985        0.1        0.1      0.012  0.210537  0.038163  0.213037  0.996818      6.697534
    142   1      2   3   6     8  0.231737      76.205        0.1        0.1      0.015  0.211106  0.038220  0.212818  0.994379     13.349598
    143   1      3   2   6     8  0.233192      76.726        0.1        0.1      0.004  0.212489  0.038358  0.212280  0.988658     13.243777
    144   1      4   4   1     8  0.233219      76.735       16.3       15.5      0.808  0.212515  0.038360  0.212270  0.988553     13.241857
    145   1      2   4   5     8  0.235025      77.359        1.6        1.5      0.150  0.214233  0.038527  0.211594  0.981817     13.118732
    146   1      2   5   3     8  0.235300      77.452        0.6        0.5      0.080  0.214495  0.038552  0.211491  0.980824     13.100720
    147   1      3   4   4     8  0.236483      77.846        1.3        0.9      0.287  0.215621  0.038659  0.211043  0.976640     13.025187
    148   1      3   5   0     4  0.236765      77.939        0.2        0.1      0.063  0.215890  0.038684  0.210936  0.975662      6.503816
    149   1      1   5   4     8  0.238043      78.353        0.0        0.0      0.014  0.217108  0.038798  0.210448  0.971329     12.930239
    150   1      4   3   4     8  0.238726      78.571        0.5        0.4      0.082  0.217760  0.038858  0.210186  0.969074     12.890226
    151   1      4   2   5     8  0.238825      78.602        0.1        0.1      0.011  0.217854  0.038866  0.210149  0.968751     12.884511
    152   1      3   5   1     8  0.239085      78.683       10.1        8.6      1.282  0.218102  0.038889  0.210049  0.967908     12.869613
    153   1      4   4   2     8  0.240013      78.973        2.1        1.8      0.273  0.218987  0.038970  0.209693  0.964939     12.817350
    154   1      2   2   7     8  0.240821      79.221        1.1        1.0      0.121  0.219759  0.039040  0.209381  0.962409     12.773065
    155   1      0   0   8     2  0.241093      79.304        1.3        1.1      0.175  0.220018  0.039063  0.209276  0.961570      3.189609
    156   1      5   3   0     4  0.242046      79.591        2.2        1.9      0.270  0.220928  0.039145  0.208909  0.958673      6.354063
    157   1      5   2   3     8  0.242150      79.622        0.4        0.4      0.047  0.221028  0.039153  0.208869  0.958361     12.702717
    158   1      0   6   0     2  0.242319      79.673        0.8        0.7      0.078  0.221189  0.039168  0.208803  0.957855      3.173492
    159   1      0   4   6     4  0.242739      79.797        9.9        9.0      0.806  0.221590  0.039203  0.208641  0.956609      6.336235
    160   1      5   3   1     8  0.244569      80.332        5.9        5.7      0.215  0.223340  0.039357  0.207933  0.951315     12.581761
    161   1      0   6   1     4  0.244853      80.413        0.7        0.7      0.030  0.223611  0.039381  0.207823  0.950514      6.284074
    162   1      5   1   4     8  0.246305      80.825       40.5       43.0      2.602  0.224999  0.039501  0.207262  0.946497     12.500189
    163   1      3   5   2     8  0.246595      80.906        0.0        0.0      0.000  0.225277  0.039525  0.207149  0.945710     12.486946
    164   1      3   0   7     4  0.247152      81.061        2.4        2.3      0.110  0.225810  0.039571  0.206934  0.944213      6.230908
    165   1      1   6   0     4  0.247294      81.100        4.5        4.2      0.280  0.225946  0.039582  0.206879  0.943834      6.227736
    166   1      1   4   6     8  0.247743      81.225        0.0        0.0      0.000  0.226376  0.039619  0.206705  0.942642     12.435558
    167   1      4   0   6     4  0.248531      81.440        5.9        6.0      0.151  0.227130  0.039683  0.206401  0.940580      6.200624
    168   1      1   3   7     8  0.248984      81.563        6.7        6.7      0.156  0.227563  0.039720  0.206226  0.939411     12.381870
    169   1      1   6   1     8  0.250007      81.838        0.1        0.1      0.008  0.228543  0.039802  0.205832  0.936809     12.338926
    170   1      1   1   8     8  0.250822      82.054        6.0        6.0      0.196  0.229324  0.039868  0.205517  0.934772     12.305516
    171   1      3   1   7     8  0.252069      82.381        0.6        0.7      0.037  0.230519  0.039967  0.205038  0.931722     12.255803
    172   1      5   3   2     8  0.252697      82.544       16.0       16.2      0.346  0.231121  0.040017  0.204797  0.930214     12.231384
    173   1      0   6   2     4  0.253011      82.625        0.1        0.1      0.003  0.231422  0.040041  0.204676  0.929466      6.109650
    174   1      2   5   4     8  0.253053      82.635        0.0        0.0      0.001  0.231462  0.040045  0.204660  0.929368     12.217712
    175   1      4   4   3     8  0.253173      82.666        0.6        0.6      0.023  0.231577  0.040054  0.204614  0.929084     12.213133
    176   1      4   1   6     8  0.253535      82.759        0.1        0.1      0.007  0.231924  0.040083  0.204475  0.928231     12.199397
    177   1      6   0   0     2  0.255922      83.360        2.2        2.3      0.190  0.234213  0.040269  0.203564  0.922747      3.027959
    178   1      3   3   6     8  0.255923      83.360        0.0        0.0      0.002  0.234214  0.040270  0.203563  0.922745     12.111800
    179   1      1   6   2     8  0.258709      84.042       13.3       11.3      1.729  0.236887  0.040485  0.202506  0.916639     12.015874
    180   1      3   4   5     8  0.260590      84.490        5.2        5.1      0.154  0.238692  0.040628  0.201798  0.912681     11.954582

   No.  Code     H   K   L  Mult     Hw         2theta      Icalc       Iobs      Sigma      HwG     HwL       ETA       d-hkl        CORR

    181   1      3   5   3     8  0.260976      84.582       11.2       11.1      0.173  0.239063  0.040658  0.201653  0.911883     11.942317
    182   1      0   2   8     4  0.260982      84.583        8.5        8.4      0.130  0.239069  0.040658  0.201651  0.911871      5.971069
    183   1      6   1   0     4  0.261368      84.674        4.1        4.1      0.054  0.239440  0.040687  0.201506  0.911078      5.964989
    184   1      5   2   4     8  0.261804      84.775        0.2        0.2      0.004  0.239858  0.040720  0.201343  0.910191     11.916404
    185   1      1   5   5     8  0.262722      84.989       14.5       14.9      0.393  0.240740  0.040790  0.201000  0.908342     11.888240
    186   1      2   0   8     4  0.262727      84.990        8.6        8.8      0.232  0.240745  0.040790  0.200998  0.908332      5.944041
    187   1      4   3   5     8  0.263652      85.202       17.3       17.8      0.531  0.241633  0.040860  0.200654  0.906497     11.860294
    188   1      2   6   0     4  0.264315      85.354        5.2        5.2      0.062  0.242270  0.040909  0.200408  0.905198      5.920355
    189   1      6   1   1     8  0.264543      85.405        3.1        3.1      0.050  0.242489  0.040926  0.200323  0.904755     11.834051
    190   1      2   4   6     8  0.264857      85.477       13.1       12.8      0.331  0.242790  0.040950  0.200207  0.904146     11.824923
    191   1      2   3   7     8  0.266350      85.812        7.9        8.2      0.334  0.244225  0.041061  0.199656  0.901295     11.782366
    192   1      1   2   8     8  0.267174      85.995        1.3        1.3      0.023  0.245017  0.041122  0.199354  0.899749     11.759473
    193   1      2   6   1     8  0.267580      86.085        9.6        9.6      0.134  0.245407  0.041152  0.199205  0.898995     11.748348
    194   1      5   0   5     4  0.267724      86.117        2.0        2.0      0.031  0.245545  0.041163  0.199152  0.898729      5.872211
    195   1      5   3   3     8  0.268137      86.207        1.1        1.2      0.035  0.245943  0.041193  0.199001  0.897967     11.733215
    196   1      0   6   3     4  0.268504      86.288        9.0        9.3      0.380  0.246296  0.041220  0.198867  0.897294      5.861672
    197   1      6   0   2     4  0.268509      86.289       10.4       10.8      0.439  0.246300  0.041221  0.198865  0.897287      5.861617
    198   1      2   1   8     8  0.268559      86.300        0.1        0.1      0.006  0.246348  0.041224  0.198847  0.897195     11.721894
    199   1      3   2   7     8  0.268650      86.320       18.9       19.7      0.823  0.246436  0.041231  0.198814  0.897028     11.719447
    200   1      4   2   6     8  0.270382      86.695       12.4       12.7      0.399  0.248101  0.041358  0.198185  0.893912     11.674069
    201   1      5   1   5     8  0.273827      87.425        2.9        3.3      0.534  0.251414  0.041609  0.196947  0.887937     11.588461
    202   1      6   1   2     8  0.274654      87.597        8.3        8.9      0.643  0.252210  0.041669  0.196652  0.886546     11.568795
    203   1      1   6   3     8  0.275140      87.697        4.9        5.1      0.216  0.252677  0.041704  0.196480  0.885737     11.557401
    204   1      4   4   4     8  0.275585      87.789        0.5        0.5      0.023  0.253106  0.041737  0.196322  0.884999     11.547039
    205   1      4   5   0     4  0.276027      87.880        0.2        0.2      0.013  0.253531  0.041768  0.196166  0.884271      5.768428
    206   1      2   6   2     8  0.277969      88.275       11.7       10.8      0.849  0.255399  0.041908  0.195483  0.881126     11.493155
    207   1      6   2   0     4  0.279589      88.600        0.4        0.4      0.032  0.256959  0.042024  0.194918  0.878561      5.728970
    208   1      4   5   1     8  0.279637      88.609        1.5        1.4      0.111  0.257005  0.042027  0.194901  0.878486     11.456910
    209   1      5   4   0     4  0.280557      88.792        7.8        7.3      0.512  0.257890  0.042093  0.194582  0.877056      5.718715
    210   1      2   5   5     8  0.282725      89.217        6.6        6.1      0.483  0.259978  0.042246  0.193836  0.873749     11.392831
    211   1      6   2   1     8  0.283300      89.329        5.2        4.7      0.434  0.260532  0.042287  0.193639  0.872887     11.381315
    212   1      0   4   7     4  0.283302      89.329        1.6        1.4      0.132  0.260533  0.042287  0.193639  0.872884      5.690640
    213   1      5   4   1     8  0.284295      89.521        1.0        0.9      0.097  0.261490  0.042357  0.193300  0.871410     11.361680
    214   1      3   5   4     8  0.285193      89.693        0.0        0.0      0.007  0.262354  0.042420  0.192996  0.870094     11.344276
    215   1      2   2   8     8  0.287983      90.221        1.3        1.5      0.330  0.265041  0.042616  0.192058  0.866092     11.292031
    216   1      1   4   7     8  0.290763      90.737        1.9        2.5      0.789  0.267720  0.042810  0.191136  0.862234     11.242575
    217   1      4   5   2     8  0.291090      90.797        0.1        0.1      0.024  0.268034  0.042833  0.191028  0.861789     11.236934
    218   1      6   1   3     8  0.293543      91.243        0.5        0.5      0.020  0.270398  0.043003  0.190226  0.858498     11.195572
    219   1      5   3   4     8  0.293936      91.314        8.9        9.2      0.429  0.270777  0.043030  0.190099  0.857980     11.189121
    220   1      5   2   5     8  0.294107      91.345        7.9        8.3      0.416  0.270941  0.043042  0.190044  0.857756     11.186335
    221   1      0   6   4     4  0.294383      91.394        0.3        0.3      0.016  0.271208  0.043061  0.189954  0.857393      5.590918
    222   1      6   2   2     8  0.295066      91.517        0.1        0.1      0.003  0.271866  0.043108  0.189734  0.856502     11.170816
    223   1      5   4   2     8  0.296146      91.709        1.9        2.2      0.287  0.272906  0.043183  0.189387  0.855106     11.153675
    224   1      2   6   3     8  0.297347      91.921        0.0        0.0      0.005  0.274064  0.043265  0.189003  0.853573     11.134981
    225   1      4   1   7     8  0.299267      92.257        9.8       10.2      0.524  0.275915  0.043397  0.188394  0.851164     11.105930
    226   1      3   6   0     4  0.300075      92.397        8.9        9.1      0.243  0.276694  0.043452  0.188139  0.850164      5.546994
    227   1      3   4   6     8  0.300786      92.520        2.0        2.0      0.039  0.277379  0.043501  0.187916  0.849293     11.083638
    228   1      1   3   8     8  0.300848      92.530        2.6        2.5      0.053  0.277439  0.043505  0.187897  0.849217     11.082738
    229   1      1   6   4     8  0.302437      92.803        1.8        1.8      0.035  0.278970  0.043614  0.187401  0.847293     11.060075
    230   1      3   3   7     8  0.302741      92.855       10.0       10.0      0.171  0.279264  0.043634  0.187307  0.846928     11.055806
    231   1      1   5   6     8  0.303693      93.016        8.5        8.2      0.310  0.280182  0.043699  0.187012  0.845794     11.042599
    232   1      3   6   1     8  0.304349      93.127        4.9        4.7      0.204  0.280814  0.043744  0.186810  0.845019     11.033630
    233   1      1   0   9     4  0.304602      93.170        3.0        2.9      0.112  0.281058  0.043761  0.186733  0.844722      5.515099
    234   1      4   3   6     8  0.304958      93.230        0.0        0.0      0.001  0.281402  0.043785  0.186623  0.844304     11.025382
    235   1      3   1   8     8  0.305627      93.342       15.4       15.2      0.318  0.282047  0.043831  0.186419  0.843524     11.016438
    236   1      4   4   5     8  0.311793      94.356       32.4       30.6      1.780  0.287993  0.044247  0.184564  0.836574     10.938684
    237   1      4   5   3     8  0.312357      94.447        9.7        9.0      0.666  0.288537  0.044285  0.184398  0.835959     10.931985
    238   1      1   1   9     8  0.312556      94.479        0.3        0.3      0.020  0.288730  0.044299  0.184339  0.835743     10.929628
    239   1      2   4   7     8  0.315608      94.966       34.8       34.1      0.750  0.291673  0.044504  0.183446  0.832479     10.894598
    240   1      6   0   4     4  0.316122      95.047        1.5        1.5      0.038  0.292169  0.044538  0.183297  0.831939      5.444436

   No.  Code     H   K   L  Mult     Hw         2theta      Icalc       Iobs      Sigma      HwG     HwL       ETA       d-hkl        CORR

    241   1      6   3   0     4  0.316700      95.138        2.0        1.9      0.056  0.292726  0.044577  0.183130  0.831334      5.441251
    242   1      6   2   3     8  0.316895      95.169        0.7        0.7      0.020  0.292915  0.044590  0.183074  0.831130     10.880360
    243   1      3   6   2     8  0.317862      95.320        1.8        1.8      0.041  0.293848  0.044655  0.182796  0.830128     10.869873
    244   1      5   4   3     8  0.318127      95.362        1.8        1.8      0.044  0.294103  0.044672  0.182720  0.829855     10.867042
    245   1      5   1   6     8  0.318719      95.454        5.9        6.1      0.231  0.294674  0.044712  0.182551  0.829247     10.860735
    246   1      6   3   1     8  0.321414      95.871        0.2        0.2      0.021  0.297274  0.044892  0.181786  0.826522     10.832844
    247   1      4   2   7     8  0.323486      96.187       13.6       13.1      0.561  0.299274  0.045030  0.181206  0.824470     10.812259
    248   1      3   5   5     8  0.324018      96.268        6.6        6.2      0.377  0.299787  0.045065  0.181058  0.823950     10.807100
    249   1      6   1   4     8  0.324627      96.360        2.1        1.9      0.126  0.300376  0.045105  0.180889  0.823357     10.801240
    250   1      2   3   8     8  0.327349      96.768        0.1        0.1      0.023  0.303002  0.045286  0.180140  0.820746     10.775824
    251   1      0   2   9     4  0.328933      97.003        0.3        0.3      0.023  0.304530  0.045391  0.179710  0.819256      5.380791
    252   1      2   6   4     8  0.329197      97.042        4.8        5.1      0.368  0.304785  0.045408  0.179638  0.819009     10.759240
    253   1      2   5   6     8  0.330658      97.257        0.1        0.1      0.020  0.306195  0.045505  0.179244  0.817655     10.746508
    254   1      3   2   8     8  0.330804      97.278        0.1        0.1      0.012  0.306336  0.045515  0.179205  0.817520     10.745255
    255   1      5   3   5     8  0.335098      97.901        9.3        8.6      0.659  0.310481  0.045798  0.178066  0.813641     10.709758
    256   1      0   6   5     4  0.335663      97.982        0.7        0.6      0.050  0.311027  0.045835  0.177918  0.813140      5.352641
    257   1      6   3   2     8  0.336310      98.074        0.7        0.6      0.048  0.311651  0.045878  0.177749  0.812571     10.700213
    258   1      1   7   0     4  0.336805      98.145        1.9        1.8      0.134  0.312128  0.045910  0.177620  0.812137      5.348190
    259   1      1   2   9     8  0.338771      98.423        9.3        9.1      0.322  0.314026  0.046039  0.177111  0.810431     10.681468
    260   1      2   1   9     8  0.340960      98.731        4.2        4.1      0.159  0.316140  0.046183  0.176550  0.808563     10.665471
    261   1      1   7   1     8  0.342046      98.882        9.3        8.8      0.557  0.317188  0.046254  0.176275  0.807649     10.657770
    262   1      3   6   3     8  0.342862      98.995        0.3        0.3      0.026  0.317976  0.046308  0.176068  0.806967     10.652080
    263   1      1   6   5     8  0.345846      99.406        1.1        1.1      0.121  0.320857  0.046503  0.175322  0.804510     10.631981
    264   1      5   2   6     8  0.345854      99.407        0.7        0.7      0.072  0.320864  0.046504  0.175320  0.804504     10.631934
    265   1      4   5   4     8  0.347204      99.591        0.2        0.1      0.032  0.322168  0.046592  0.174986  0.803411     10.623200
    266   1      6   2   4     8  0.352645     100.321        0.0        0.0      0.001  0.327421  0.046947  0.173662  0.799122     10.590158
    267   1      0   4   8     4  0.352648     100.322        0.6        0.7      0.059  0.327424  0.046947  0.173661  0.799120      5.295071
    268   1      5   4   4     8  0.354121     100.516        6.5        6.4      0.176  0.328847  0.047043  0.173309  0.797988     10.581765
    269   1      5   5   0     4  0.354822     100.609       13.0       12.3      0.705  0.329523  0.047089  0.173143  0.797455      5.288932
    270   1      1   7   2     8  0.358611     101.103       15.2       12.5      2.186  0.333182  0.047335  0.172252  0.794617     10.557674
    271   1      5   5   1     8  0.360538     101.351        5.3        4.7      0.531  0.335042  0.047460  0.171805  0.793204     10.547977
    272   1      1   4   8     8  0.363706     101.756        0.8        0.9      0.162  0.338102  0.047666  0.171081  0.790923     10.532830
    273   1      6   3   3     8  0.363864     101.776        7.7        9.0      1.619  0.338255  0.047676  0.171045  0.790811     10.532096
    274   1      4   0   8     4  0.365429     101.973        0.0        0.0      0.003  0.339766  0.047778  0.170691  0.789704      5.262498
    275   1      3   4   7     8  0.366330     102.087        1.1        1.2      0.080  0.340636  0.047836  0.170489  0.789073     10.521012
    276   1      4   6   0     4  0.368393     102.344        0.4        0.4      0.023  0.342628  0.047969  0.170029  0.787643      5.256085
    277   1      2   7   0     4  0.369141     102.437        1.0        1.0      0.050  0.343351  0.048018  0.169864  0.787129      5.254531
    278   1      4   4   6     8  0.369403     102.470        2.7        2.6      0.125  0.343604  0.048035  0.169806  0.786950     10.507982
    279   1      7   0   1     4  0.369654     102.501        0.3        0.2      0.011  0.343846  0.048051  0.169750  0.786778      5.253479
    280   1      1   5   7     8  0.370409     102.594       10.4       10.1      0.382  0.344575  0.048100  0.169584  0.786264     10.503904
    281   1      2   2   9     8  0.371428     102.720       10.9       10.7      0.270  0.345560  0.048166  0.169361  0.785575     10.499863
    282   1      4   3   7     8  0.372184     102.813        0.0        0.0      0.000  0.346290  0.048215  0.169196  0.785067     10.496922
    283   1      6   1   5     8  0.373883     103.020        5.3        5.4      0.180  0.347931  0.048325  0.168828  0.783934     10.490497
    284   1      4   6   1     8  0.374471     103.092        4.8        5.0      0.191  0.348498  0.048362  0.168701  0.783546     10.488331
    285   1      7   1   0     4  0.374478     103.093        9.7       10.0      0.385  0.348506  0.048363  0.168700  0.783541      5.244152
    286   1      2   7   1     8  0.375239     103.185        0.9        0.9      0.029  0.349240  0.048412  0.168536  0.783040     10.485544
    287   1      4   1   8     8  0.376289     103.312        0.5        0.5      0.011  0.350255  0.048480  0.168312  0.782353     10.481813
    288   1      5   5   2     8  0.378616     103.592        5.3        5.3      0.090  0.352502  0.048630  0.167818  0.780848     10.473873
    289   1      2   6   5     8  0.379663     103.717       24.0       23.9      0.336  0.353513  0.048698  0.167598  0.780179     10.470441
    290   1      5   0   7     4  0.379937     103.749        5.4        5.3      0.081  0.353777  0.048715  0.167541  0.780005      5.234779
    291   1      7   1   1     8  0.380720     103.842        1.9        1.8      0.048  0.354534  0.048766  0.167377  0.779508     10.467062
    292   1      3   3   8     8  0.381430     103.927        4.5        4.3      0.183  0.355219  0.048811  0.167229  0.779060     10.464848
    293   1      3   6   4     8  0.383809     104.207        7.7        7.3      0.477  0.357517  0.048965  0.166737  0.777573     10.457698
    294   1      6   4   0     4  0.385688     104.427        2.8        2.8      0.107  0.359332  0.049086  0.166352  0.776416      5.226179
    295   1      3   5   6     8  0.385690     104.427        1.7        1.6      0.063  0.359335  0.049086  0.166352  0.776414     10.452351
    296   1      3   0   9     4  0.387051     104.585        8.4        8.4      0.179  0.360649  0.049174  0.166076  0.775585      5.224323
    297   1      1   7   3     8  0.389296     104.845       11.4       11.4      0.227  0.362818  0.049318  0.165623  0.774232     10.442828
    298   1      5   1   7     8  0.391508     105.098        9.5        9.6      0.249  0.364954  0.049460  0.165183  0.772918     10.437451
    299   1      1   3   9     8  0.391510     105.098        7.6        7.7      0.200  0.364956  0.049461  0.165182  0.772917     10.437446
    300   1      6   4   1     8  0.392235     105.181        6.0        6.1      0.207  0.365656  0.049507  0.165039  0.772491     10.435760

   No.  Code     H   K   L  Mult     Hw         2theta      Icalc       Iobs      Sigma      HwG     HwL       ETA       d-hkl        CORR

    301   1      4   6   2     8  0.393710     105.348        1.7        1.7      0.088  0.367081  0.049602  0.164749  0.771630     10.432438
    302   1      2   7   2     8  0.394543     105.443        0.1        0.1      0.004  0.367885  0.049656  0.164586  0.771147     10.430629
    303   1      0   0  10     2  0.397845     105.813       18.0       19.2      1.320  0.371075  0.049868  0.163946  0.769256      2.605977
    304   1      3   1   9     8  0.398977     105.939        4.4        4.6      0.269  0.372168  0.049940  0.163729  0.768617     10.421771
    305   1      7   1   2     8  0.400487     106.107       15.0       15.7      0.737  0.373627  0.050037  0.163441  0.767772     10.419048
    306   1      5   3   6     8  0.400489     106.107        3.1        3.2      0.152  0.373629  0.050038  0.163441  0.767771     10.419043
    307   1      2   4   8     8  0.400491     106.107        0.6        0.6      0.030  0.373631  0.050038  0.163441  0.767770     10.419040
    308   1      0   6   6     4  0.401246     106.191        1.8        1.9      0.074  0.374360  0.050086  0.163297  0.767350      5.208867
    309   1      4   5   5     8  0.402493     106.328        0.1        0.1      0.006  0.375565  0.050166  0.163062  0.766661     10.415653
    310   1      2   5   7     8  0.408328     106.962        0.1        0.1      0.017  0.381202  0.050541  0.161980  0.763506     10.407189
    311   1      6   3   4     8  0.409116     107.047        1.6        2.0      0.369  0.381962  0.050591  0.161836  0.763088     10.406203
    312   1      6   2   5     8  0.409414     107.079        9.5       11.2      2.019  0.382251  0.050610  0.161781  0.762931     10.405839
    313   1      7   2   0     4  0.410103     107.153        1.3        1.5      0.244  0.382916  0.050654  0.161656  0.762568      5.202508
    314   1      5   4   5     8  0.411294     107.280        0.4        0.5      0.062  0.384067  0.050731  0.161440  0.761944     10.403661
    315   1      5   5   3     8  0.412187     107.375        3.2        3.6      0.418  0.384929  0.050788  0.161280  0.761480     10.402699
    316   1      4   2   8     8  0.412200     107.376        1.3        1.4      0.164  0.384941  0.050789  0.161277  0.761473     10.402686
    317   1      6   4   2     8  0.412988     107.460        0.7        0.8      0.081  0.385703  0.050839  0.161136  0.761065     10.401874
    318   1      1   6   6     8  0.414897     107.662        0.8        0.8      0.108  0.387547  0.050962  0.160795  0.760084     10.400053
    319   1      7   2   1     8  0.417333     107.918        1.6        1.8      0.330  0.389900  0.051118  0.160365  0.758848     10.398020
    320   1      7   0   3     4  0.423519     108.557        2.5        3.5      1.266  0.395876  0.051514  0.159295  0.755789      5.197141
    321   1      1   1  10     8  0.424472     108.655        0.0        0.0      0.012  0.396796  0.051575  0.159132  0.755327     10.393886
    322   1      4   6   3     8  0.429521     109.166       19.6       18.9      0.766  0.401674  0.051898  0.158284  0.752923     10.392526
    323   1      5   2   7     8  0.429856     109.200        1.5        1.5      0.061  0.401997  0.051920  0.158228  0.752765     10.392479
    324   1      2   7   3     8  0.430479     109.262        2.3        2.2      0.096  0.402599  0.051959  0.158125  0.752474     10.392407
    325   1      2   3   9     8  0.433083     109.522        0.5        0.5      0.034  0.405115  0.052126  0.157697  0.751267     10.392312
    326   1      3   7   0     4  0.435558     109.767        0.2        0.2      0.011  0.407505  0.052284  0.157294  0.750135      5.196257
    327   1      7   1   3     8  0.437324     109.941        1.8        1.8      0.103  0.409212  0.052397  0.157010  0.749337     10.392830
    328   1      6   0   6     4  0.438209     110.028        3.0        3.0      0.164  0.410067  0.052454  0.156868  0.748941      5.196521
    329   1      3   2   9     8  0.438545     110.061        0.4        0.4      0.022  0.410392  0.052476  0.156815  0.748790     10.393130
    330   1      1   7   4     8  0.439960     110.199        3.0        2.8      0.184  0.411759  0.052566  0.156590  0.748161     10.393563
    331   1      7   2   2     8  0.440305     110.232        0.3        0.2      0.017  0.412091  0.052588  0.156535  0.748008     10.393681
    332   1      3   7   1     8  0.443531     110.544        7.1        7.0      0.298  0.415208  0.052794  0.156028  0.746594     10.395043
    333   1      3   6   5     8  0.449330     111.097       10.5       11.0      0.658  0.420810  0.053165  0.155134  0.744113     10.398606
    334   1      6   4   3     8  0.451755     111.326       18.9       20.1      1.292  0.423152  0.053320  0.154767  0.743098     10.400506
    335   1      0   2  10     4  0.451773     111.327        5.0        5.3      0.342  0.423170  0.053322  0.154764  0.743090      5.200260
    336   1      6   1   6     8  0.452808     111.424        0.3        0.3      0.020  0.424169  0.053388  0.154609  0.742661     10.401404
    337   1      2   0  10     4  0.456445     111.763        3.0        3.0      0.189  0.427683  0.053620  0.154068  0.741171      5.202422
    338   1      2   6   6     8  0.460695     112.154        2.9        2.9      0.228  0.431788  0.053892  0.153446  0.739466     10.409508
    339   1      4   4   7     8  0.463588     112.417        0.1        0.1      0.004  0.434583  0.054077  0.153029  0.738326     10.413070
    340   1      5   5   4     8  0.467962     112.812       15.1       14.1      0.956  0.438808  0.054357  0.152409  0.736635     10.419030
    341   1      1   2  10     8  0.468351     112.846        2.3        2.2      0.152  0.439184  0.054382  0.152354  0.736486     10.419594
    342   1      3   7   2     8  0.468935     112.899       14.9       13.9      1.014  0.439748  0.054419  0.152272  0.736264     10.420449
    343   1      2   1  10     8  0.472061     113.176        0.6        0.6      0.027  0.442768  0.054619  0.151838  0.735084     10.425228
    344   1      0   4   9     4  0.473425     113.297       12.0       11.9      0.341  0.444085  0.054706  0.151650  0.734575      5.213710
    345   1      3   4   8     8  0.476818     113.595        4.0        4.2      0.273  0.447363  0.054923  0.151187  0.733323     10.433141
    346   1      6   3   5     8  0.482177     114.059        1.7        1.8      0.134  0.452540  0.055266  0.150469  0.731389     10.442944
    347   1      7   3   0     4  0.483076     114.137       26.2       27.7      1.668  0.453408  0.055323  0.150351  0.731069      5.222340
    348   1      1   5   8     8  0.483082     114.137        0.1        0.1      0.004  0.453414  0.055324  0.150350  0.731067     10.444691
    349   1      7   2   3     8  0.483468     114.170        0.0        0.0      0.000  0.453786  0.055348  0.150299  0.730930     10.445443
    350   1      4   3   8     8  0.485815     114.371        0.1        0.1      0.004  0.456054  0.055499  0.149991  0.730104     10.450120
    351   1      3   5   7     8  0.487246     114.492        9.4        9.5      0.339  0.457436  0.055590  0.149805  0.729605     10.453053
    352   1      4   6   4     8  0.489342     114.670        2.5        2.6      0.213  0.459461  0.055724  0.149534  0.728880     10.457466
    353   1      2   7   4     8  0.490529     114.770        1.0        1.1      0.137  0.460607  0.055800  0.149382  0.728473     10.460024
    354   1      1   4   9     8  0.491349     114.839        0.1        0.1      0.011  0.461399  0.055853  0.149277  0.728193     10.461814
    355   1      4   5   6     8  0.492137     114.905        0.0        0.0      0.001  0.462160  0.055903  0.149177  0.727925     10.463552
    356   1      7   3   1     8  0.492537     114.938        1.5        1.8      0.293  0.462546  0.055929  0.149126  0.727790     10.464443
    357   1      7   1   4     8  0.499022     115.476       22.7       25.3      2.953  0.468811  0.056344  0.148313  0.725626     10.479521
    358   1      6   2   6     8  0.501767     115.700        2.3        2.6      0.236  0.471462  0.056520  0.147975  0.724730     10.486263
    359   1      5   6   0     4  0.502714     115.778        0.5        0.5      0.048  0.472377  0.056580  0.147860  0.724424      5.244318
    360   1      5   4   6     8  0.504391     115.914        0.4        0.5      0.041  0.473997  0.056688  0.147656  0.723884     10.492901

   No.  Code     H   K   L  Mult     Hw         2theta      Icalc       Iobs      Sigma      HwG     HwL       ETA       d-hkl        CORR

    361   1      5   3   7     8  0.509017     116.286        0.3        0.3      0.024  0.478466  0.056984  0.147101  0.722418     10.505056
    362   1      0   6   7     4  0.510138     116.376       11.5       12.2      0.825  0.479548  0.057056  0.146968  0.722068      5.254043
    363   1      4   1   9     8  0.512005     116.524        2.4        2.6      0.184  0.481351  0.057175  0.146748  0.721488     10.513206
    364   1      5   6   1     8  0.512832     116.590        0.9        1.0      0.071  0.482150  0.057228  0.146651  0.721233     10.515503
    365   1      5   1   8     8  0.515874     116.830       21.5       22.4      0.971  0.485088  0.057423  0.146297  0.720302     10.524100
    366   1      3   7   3     8  0.517002     116.919        2.3        2.3      0.068  0.486178  0.057495  0.146166  0.719960     10.527348
    367   1      6   4   4     8  0.517016     116.920        4.8        4.9      0.142  0.486191  0.057496  0.146165  0.719956     10.527387
    368   1      6   5   0     4  0.518316     117.022        0.6        0.6      0.013  0.487447  0.057580  0.146015  0.719564      5.265584
    369   1      3   3   9     8  0.520529     117.194        2.3        2.3      0.068  0.489584  0.057721  0.145763  0.718903     10.537700
    370   1      0   8   0     2  0.522255     117.328        7.2        6.9      0.291  0.491251  0.057832  0.145567  0.718391      2.635720
    371   1      1   7   5     8  0.522856     117.374        6.9        6.6      0.313  0.491832  0.057871  0.145499  0.718214     10.544702
    372   1      7   3   2     8  0.522868     117.375        0.3        0.3      0.014  0.491843  0.057871  0.145498  0.718210     10.544736
    373   1      2   2  10     8  0.524666     117.514       40.8       38.1      2.664  0.493580  0.057987  0.145296  0.717683     10.550234
    374   1      6   5   1     8  0.528976     117.843        1.5        1.3      0.148  0.497743  0.058263  0.144818  0.716437     10.563722
    375   1      1   6   7     8  0.530492     117.958        6.7        5.9      0.750  0.499207  0.058360  0.144652  0.716004     10.568566
    376   1      0   8   1     4  0.533055     118.151        0.4        0.3      0.077  0.501682  0.058525  0.144373  0.715279      5.288439
    377   1      2   5   8     8  0.542537     118.857        0.1        0.1      0.011  0.510840  0.059133  0.143363  0.712665     10.608894
    378   1      1   8   0     4  0.543453     118.924        1.3        1.4      0.120  0.511725  0.059192  0.143268  0.712419      5.306044
    379   1      5   6   2     8  0.545365     119.064        9.8       10.3      0.813  0.513571  0.059314  0.143069  0.711907     10.618813
    380   1      2   4   9     8  0.552617     119.588        0.4        0.3      0.056  0.520575  0.059780  0.142329  0.710002     10.645009
    381   1      1   8   1     8  0.555024     119.760        2.4        2.1      0.296  0.522900  0.059935  0.142088  0.709383     10.653939
    382   1      7   2   4     8  0.557024     119.902        1.2        1.1      0.127  0.524831  0.060063  0.141889  0.708873     10.661444
    383   1      3   6   6     8  0.558335     119.995        0.7        0.6      0.062  0.526097  0.060148  0.141759  0.708542     10.666406
    384   1      5   5   5     8  0.560494     120.147        6.7        6.1      0.643  0.528183  0.060286  0.141547  0.707999     10.674652
    385   1      1   3  10     8  0.560518     120.149        2.4        2.2      0.234  0.528206  0.060288  0.141545  0.707993     10.674745
    386   1      6   5   2     8  0.563333     120.346        0.0        0.0      0.000  0.530924  0.060469  0.141271  0.707293     10.685623
    387   1      0   8   2     4  0.567883     120.662        6.7        4.6      1.509  0.535318  0.060761  0.140834  0.706179      5.351763
    388   1      4   7   0     4  0.568059     120.675        0.7        0.5      0.161  0.535488  0.060773  0.140817  0.706136      5.352113
    389   1      4   2   9     8  0.572734     120.996        0.0        0.0      0.000  0.540003  0.061074  0.140375  0.705014     10.723026
    390   1      3   1  10     8  0.574126     121.091        0.3        0.2      0.066  0.541347  0.061163  0.140245  0.704684     10.728701
    391   1      5   2   8     8  0.577433     121.315        1.3        0.9      0.291  0.544540  0.061376  0.139939  0.703907     10.742315
    392   1      7   0   5     4  0.579538     121.457        0.1        0.1      0.022  0.546573  0.061511  0.139746  0.703418      5.375539
    393   1      4   7   1     8  0.580570     121.526        2.1        1.7      0.349  0.547570  0.061578  0.139652  0.703180     10.755404
    394   1      7   3   3     8  0.581123     121.563        6.8        5.7      1.114  0.548103  0.061613  0.139601  0.703053     10.757729
    395   1      6   1   7     8  0.588493     122.053        0.1        0.0      0.037  0.555220  0.062088  0.138940  0.701384     10.789199
    396   1      4   6   5     8  0.589743     122.135        0.2        0.1      0.066  0.556427  0.062169  0.138830  0.701105     10.794623
    397   1      2   7   5     8  0.591380     122.242        0.2        0.0      0.066  0.558008  0.062274  0.138686  0.700743     10.801769
    398   1      1   8   2     8  0.592468     122.313        0.2        0.0      0.060  0.559059  0.062344  0.138590  0.700504     10.806536
    399   1      3   7   4     8  0.600094     122.806        0.0        0.0      0.003  0.566423  0.062836  0.137933  0.698853     10.840510
    400   1      2   6   7     8  0.600862     122.856        0.7        0.7      0.077  0.567164  0.062885  0.137868  0.698690     10.843976
    401   1      7   1   5     8  0.603141     123.001       11.5       12.7      1.677  0.569364  0.063032  0.137675  0.698208     10.854327
    402   1      6   3   6     8  0.606379     123.206        0.1        0.1      0.009  0.572491  0.063241  0.137404  0.697530     10.869170
    403   1      5   6   3     8  0.608278     123.326        4.8        4.6      0.578  0.574325  0.063364  0.137246  0.697137     10.877947
    404   1      2   8   0     4  0.617039     123.872        0.3        0.3      0.051  0.582784  0.063930  0.136532  0.695358      5.459552
    405   1      4   7   2     8  0.621223     124.129        3.5        3.8      0.583  0.586823  0.064200  0.136198  0.694529     10.939146
    406   1      1   0  11     4  0.624901     124.353        2.7        2.6      0.361  0.590374  0.064437  0.135908  0.693811      5.478478
    407   1      6   4   5     8  0.628320     124.560        0.8        0.7      0.115  0.593676  0.064659  0.135642  0.693152     10.973680
    408   1      7   4   0     4  0.629746     124.646        0.4        0.3      0.054  0.595053  0.064751  0.135532  0.692880      5.490350
    409   1      6   5   3     8  0.630154     124.670        1.4        1.4      0.211  0.595447  0.064777  0.135500  0.692803     10.982713
    410   1      2   8   1     8  0.631571     124.755        0.5        0.5      0.074  0.596815  0.064869  0.135391  0.692534     10.989720
    411   1      8   0   0     2  0.634089     124.905        0.1        0.1      0.017  0.599245  0.065032  0.135199  0.692060      2.750560
    412   1      4   4   8     8  0.634098     124.906        0.7        0.7      0.092  0.599254  0.065032  0.135199  0.692059     11.002286

     -----------------------------------------------------
     BRAGG R-Factors and weight fractions for Pattern #  1
     -----------------------------------------------------

 => Phase:  1     LaMnO3              BKG brown
 => Bragg R-factor:   4.74       Vol:  244.769( 0.004)  Fract(%):  100.00( 0.62)
 => Rf-factor=  3.05             ATZ:         967.370   Brindley:  1.0000

     -----------------------------------------------------------------
      SYMBOLIC NAMES AND FINAL VALUES AND SIGMA OF REFINED PARAMETERS:
     -----------------------------------------------------------------

      ->  Parameter number    1 :       Scale_ph1_pat1    0.86926721E-01( +/-    0.38175157E-03 )
      ->  Parameter number    2 :      Cell_A_ph1_pat1     5.5364819    ( +/-    0.49071146E-04 )
      ->  Parameter number    3 :      Cell_B_ph1_pat1     5.7471275    ( +/-    0.53069365E-04 )
      ->  Parameter number    4 :      Cell_C_ph1_pat1     7.6925611    ( +/-    0.70263603E-04 )
      ->  Parameter number    5 :            Zero_pat1    0.28661705E-03( +/-    0.11194200E-02 )
      ->  Parameter number    6 :             Z_O2_ph1    0.38310744E-01( +/-    0.12134204E-03 )
      ->  Parameter number    7 :             X_O2_ph1    0.72552633    ( +/-    0.16780403E-03 )
      ->  Parameter number    8 :             Y_O2_ph1    0.30638847    ( +/-    0.16866061E-03 )
      ->  Parameter number    9 :             X_O1_ph1    0.74320279E-01( +/-    0.22930556E-03 )
      ->  Parameter number   10 :             Y_O1_ph1    0.48743778    ( +/-    0.22970728E-03 )
      ->  Parameter number   11 :             X_La_ph1   -0.77092033E-02( +/-    0.11299135E-03 )
      ->  Parameter number   12 :             Y_La_ph1    0.49038764E-01( +/-    0.11977783E-03 )
      ->  Parameter number   13 :       Asym2_ph1_pat1    0.32149713E-01( +/-    0.21407078E-02 )
      ->  Parameter number   14 :          Biso_O1_ph1    0.50109953    ( +/-    0.24325751E-01 )
      ->  Parameter number   15 :          Biso_Mn_ph1    0.21121985    ( +/-    0.29344015E-01 )
      ->  Parameter number   16 :       Asym1_ph1_pat1    0.93944505E-01( +/-    0.56314259E-02 )
      ->  Parameter number   17 :          Biso_O2_ph1    0.43959922    ( +/-    0.17461283E-01 )
      ->  Parameter number   18 :          Biso_La_ph1    0.35159579    ( +/-    0.16722417E-01 )
      ->  Parameter number   19 :           Bck_0_pat1     20.208096    ( +/-    0.11597328     )
      ->  Parameter number   20 :           Bck_1_pat1    -4.7969284    ( +/-    0.34198493     )
      ->  Parameter number   21 :           Bck_2_pat1     16.906666    ( +/-    0.94159698     )
      ->  Parameter number   22 :           Bck_3_pat1    -12.427369    ( +/-    0.82382649     )
      ->  Parameter number   23 :           Bck_4_pat1     1.9698602    ( +/-     1.7546921     )
      ->  Parameter number   24 :           Bck_5_pat1    0.97096539    ( +/-    0.99870896     )
      ->  Parameter number   25 :      U-Cagl_ph1_pat1    0.17600149    ( +/-    0.49861674E-02 )
      ->  Parameter number   26 :      V-Cagl_ph1_pat1   -0.19780582    ( +/-    0.63260202E-02 )
      ->  Parameter number   27 :      W-Cagl_ph1_pat1    0.91451585E-01( +/-    0.21644409E-02 )
      ->  Parameter number   28 :       Y-cos_ph1_pat1    0.30075790E-01( +/-    0.16156102E-02 )
      ->  Parameter number   29 :        DHG2_ref1 ..?   -0.12906417E-01( +/-    0.18187804E-02 )
      ->  Parameter number   30 :        DHLo_ref1 ..?    0.38258579E-01( +/-    0.38805432E-02 )
      ->  Parameter number   31 :        DHG2_ref2 ..?    0.27545905E-03( +/-    0.15512223E-02 )
      ->  Parameter number   32 :        DHLo_ref2 ..?   -0.58414363E-02( +/-    0.31098586E-02 )

 ------------------------------------------------------------------
 => Number of bytes for floating point variables: 4
 => Dimensions of dynamic allocated arrays in this run of FullProf:
 ------------------------------------------------------------------

 => Total approximate array memory (dynamic + static):  92105273 bytes

    MaxPOINT=    60000 Max.num. of points(+int. Inten.)/diffraction pattern       
    MaxREFLT=    20000 Max.num. of reflections/diffraction pattern               
    MaxPARAM=      300 Max.num. of refinable parameters                          
    MaxOVERL=     2096 Max.num. of overlapping reflections                       

 ----------------------------------------------------------
 => Number of bytes for floating point arrays: 4
 => Dimensions of fixed arrays in this release of FullProf:
 ----------------------------------------------------------

    NPATT   =       80 Max.num. of powder diffraction patterns                    
    NATS    =      830 Max.num. of atoms (all kind) in asymmetric unit            
    MPAR    =      800 Max.num. of non atomic parameters/phase                    
    IEXCL   =       30 Max.num. of excluded regions                               
    IBACP   =      277 Max.num. of background points for interpolation            
    NPHT    =       16 Max.num. of phases                                         
    NMAGM   =        8 Max.num. of rotation-matrices sets for magnetic structure  
    NBASIS  =       12 Max.num. of basis functions associated to a single atom    
    NIREPS  =        9 Max.num. of irreducible representations to be combined     
    N_EQ    =      384 Max.num. of user-supplied symmetry operators/propagation vectors
    NGL     =      300 Max.num. of global parameters/diffraction pattern          
    N_LINC  =       30 Max.num. of global linear restraints                        
    NAT_P   =       64 Max.num. of atomic parameters per atom                     
    NCONST  =      500 Max.num. of slack constraints per phase                    
    N_SPE   =       16 Max.num. of different chemical species                     
    N_FORM  =       60 Max.num. of scattering factor values in a table            
    NPR     =      150 Max.num. of points defining a numerical profile            
    INPR    =       25 Max.num. of different numerical peak shapes                
    NPRC    =      150 Max.num. of terms in the table for correcting intensities  
    NSOL    =       10 Max.num. of solutions to be stored in Montecarlo searchs   

 
              CPU Time:     0.360 seconds
                            0.006 minutes

 => Run finished at:     Date: 10/05/2014  Time: 21:28:20.042                              
