

        **********************************************************
        ** PROGRAM FullProf.2k (Version 5.40 - Mar2014-ILL JRC) **
        **********************************************************
                       M U L T I -- P A T T E R N                 
            Rietveld, Profile Matching & Integrated Intensity     
                 Refinement of X-ray and/or Neutron Data


    Date: 11/05/2014  Time: 23:29:14.732                              

 => PCR file code: pbso4
 => DAT file code: pbso4.dat            -> Relative contribution: 1.0000                                                            

 ==> CONDITIONS OF THIS RUN FOR PATTERN No.:  1

 => Global Refinement of neutron powder data                                                                                        
 => Title: PbSO4 D1A(ILL),Rietveld Round Robin, R.J. Hill,JApC 25,589(1992)

 => Number of phases:    1
 => Number of excluded regions:    2
 => Number of scattering factors supplied:    0
 => Conventional weights: w=1.0/Variance(yobs)
 => Asymmetry correction as in J.Appl.Cryst. 26,128(1993)
 => Background refined by polynomial function
 => The    7th default profile function was selected
 => T-C-H Pseudo-Voigt function 
    This function is convoluted with asymmetry due to axial 
    divergence as formulated by: 
    van Laar and Yelon, J. Appl. Cryst. 17, 47(1984).
    and using the method of:
    Finger, Cox and Jephcoat, J. Appl. Cryst. 27, 892 (1994).
    Fortran 90 module adapted from function PROFVAL (in F77) : 
    L.W. Finger, J. Appl. Cryst. 31, 111 (1998).


 ==> INPUT/OUTPUT OPTIONS:

 => Generate file *.PRF for plot
 => Output Integrated Intensities
 => Generate new input file *.PCR

 => Data in D1A,D2B format as prepared by D1A(D2B)SUM for pattern:  1
 => Plot pattern at each cycle
 => Wavelengths:  1.91200 1.91200
 => Alpha2/Alpha1 ratio:   1.0000
 => Cos(Monochromator angle)=   0.0000
 => Asymmetry correction for angles lower than  160.000 degrees
 => Absorption correction (AC), muR-eff =   0.0000  0.0000
 => Base of peaks: 2.0*HW*    6.00

 => Number of cycles:   15
 => Relaxation factors ==>    for coordinates:  1.00
 => for anisotropic temperature factors:  1.00
 => for halfwidth/strain/size parameters:  1.00
 => for lattice constants and propagation vectors:  1.00
 => EPS-value for convergence:    0.1

 => Excluded regions for Pattern#  1
    From     to
      0.0000     10.0000
    154.0000    180.0000

 => Number of Least-Squares parameters varied:    34

 =>--------------------------->
 =>------->  PATTERN number:  1
 =>--------------------------->
 => Global parameters and codes ==>
 => Zero-point:    -0.0880   81.0000
 => Background parameters and codes ==>
 => Origin of polynomial at 2theta/TOF/E(KeV):   70.000  
  207.88      40.525      44.095     -21.537     -39.512      8.2400    
       21.00       31.00       41.00       51.00       61.00       71.00
 => Perpendicular Displacement parameter and code:     0.00    0.00
 => Parallel      Displacement parameter and code:     0.00    0.00

 => Reading Intensity data  =>>

 -> Heading of input data:

   ->   Title:  PbSO4 D1A(ILL)(Rietveld Refinement Round Robin, R.J. Hill, JApC 25, 589 (1992)                                                     

   ->    Step:  0.050
   ->   Thmin:   10.000
   -> Monitors:   10000.  10000.
 ==> Angular range, step and number of points:
     2Thmin:      10.000000  2Thmax:     155.449997  Step:       0.050000  No. of points:   2910
 --------------------------------------------------------------------------------
 => Phase  No. 1
       PbSO4                       VARY xyz b          BKG blue             
 --------------------------------------------------------------------------------
 =>-------> Pattern#  1
 => Crystal Structure Refinement
 => Preferred orientation vector:   0.0000  0.0000  1.0000

 =>-------> Data for PHASE: 1
 => Number of atoms:    5
 => Number of distance  constraints:    0
 => Number of angle     constraints:    0

 => Symmetry information on space group: P n m a             
 -> The multiplicity of the general position is:   8
 -> The space group is Centric (-1 at origin)   
 -> Lattice type  P: { 000 }                                       
 -> Reduced set of symmetry operators:

  No.  IT   Symmetry symbol    Rotation part     Associated Translation
   1: ( 1)   1            -->     ( x, y, z) + {  0.0000  0.0000  0.0000}
   2: ( 4)   2 ( x, 0, 0) -->     ( x,-y,-z) + {  0.5000  0.5000  0.5000}
   3: ( 3)   2 ( 0, y, 0) -->     (-x, y,-z) + {  0.0000  0.5000  0.0000}
   4: ( 2)   2 ( 0, 0, z) -->     (-x,-y, z) + {  0.5000  0.0000  0.5000}


        Information on Space Group: 
        --------------------------- 

 =>  Number of Space group:  62
 => Hermann-Mauguin Symbol: P n m a
 =>            Hall Symbol: -P 2ac 2n
 =>   Table Setting Choice: 
 =>           Setting Type: IT (Generated from Hermann-Mauguin symbol)
 =>         Crystal System: Orthorhombic
 =>             Laue Class: mmm
 =>            Point Group: mmm
 =>        Bravais Lattice: P
 =>         Lattice Symbol: oP
 => Reduced Number of S.O.:   4
 =>   General multiplicity:   8
 =>         Centrosymmetry: Centric (-1 at origin)
 => Generators (exc. -1&L):   2
 =>        Asymmetric unit:  0.000 <= x <=  0.500
                             0.000 <= y <=  0.250
                             0.000 <= z <=  1.000

 => List of S.O. without inversion and lattice centring translations
 => SYMM(  1): x,y,z                               => SYMM(  2): x+1/2,-y+1/2,-z+1/2
 => SYMM(  3): -x,y+1/2,-z                         => SYMM(  4): -x+1/2,-y,z+1/2


 => Initial parameters ==>
 Atom    Ntyp                  X         Y         Z         B         occ.         in  fin  Spc  Mult
                             B11       B22       B33       B12       B13       B23
 Pb     PB                 0.18749   0.25000   0.16719   1.41685   0.50000           0    0    1    4
                 Codes:  171.00000   0.00000 181.00000 281.00000   0.00000
 S      S                  0.06541   0.25000   0.68339   0.42080   0.50000           0    0    2    4
                 Codes:  191.00000   0.00000 201.00000 321.00000   0.00000
 O1     O                  0.90767   0.25000   0.59529   1.98808   0.50000           0    0    3    4
                 Codes:  211.00000   0.00000 221.00000 311.00000   0.00000
 O2     O                  0.19376   0.25000   0.54321   1.47123   0.50000           0    0    3    4
                 Codes:  231.00000   0.00000 241.00000 301.00000   0.00000
 O3     O                  0.08103   0.02708   0.80905   1.32272   1.00000           0    0    3    8
                 Codes:  251.00000 261.00000 271.00000 291.00000   0.00000

 => IT IS ASSUMED THAT THE FIRST GIVEN SITE IS FULLY OCCUPIED 
    OR THE FIRST AND SECOND ATOMS ARE IN THE SAME SITE WITH TOTAL FULL OCCUPATION
  (If this is not the case, change the order of atoms to obtain correct values for the content of the unit cell)
    The given occupation factors have been obtained mutiplying m/M by   1.0000
      -> Atom: PB  ,  Chemical element: PB  Atomic Mass:   207.2000
      -> Atom: S   ,  Chemical element: S   Atomic Mass:    32.0600
      -> Atom: O   ,  Chemical element: O   Atomic Mass:    15.9994
      -> Atom: O   ,  Chemical element: O   Atomic Mass:    15.9994
      -> Atom: O   ,  Chemical element: O   Atomic Mass:    15.9994
 => The given value of ATZ is       1213.03 the program has calculated:        1213.03
    The value of ATZ given in the input PCR file will be used for quantitative analysis
 => The chemical content of the unit cell is: 
       4.0000 PB   +   4.0000 S    +   4.0000 O    +   4.0000 O    +   8.0000 O      
 => The normalized site occupation numbers in % are: 
     100.0000 Pb     :      100.0000 S      :      100.0000 O1     :      100.0000 O2     :      100.0000 O3       
 => The density (volumic mass) of the compound is:    6.326 g/cm3

 =>-------> PROFILE PARAMETERS FOR PATTERN:  1

 => Overall scale factor:    1.48090    
 => ETA (p-Voigt) OR M (Pearson VII):   0.0000
 => Overall temperature factor:      0.00000
 => Halfwidth U,V,W:      0.15581    -0.45609     0.41921
 => X and Y parameters:       0.0000      0.0917
 => Direct cell parameters:    8.4788   5.3967   6.9584  90.0000  90.0000  90.0000
 => Preferred orientation parameters:   0.0000  0.0000
 => Asymmetry parameters     :      0.37442     0.03714    -0.33001     0.00000
 => Strain parameters        :      0.00000     0.00000     0.00000
 => Size   parameters        :      0.00000     0.00000
 => Further shape parameters (S_L and D_L):   0.00000   0.00000
    S_L is source width/detector distance
    D_L is detector width/detector distance

 ==> CODEWORDS FOR PROFILE PARAMETERS of PATTERN#  1

 => Overall scale factor:   11.000
 => ETA (p-Voigt) OR M (Pearson VII):    0.000
 => Overall temperature factor:    0.000
 => Halfwidth U,V,W:  121.000 131.000 141.000
 => X and Y parameters:    0.000 151.000
 => Direct cell parameters:   91.000 101.000 111.000   0.000   0.000   0.000
 => Preferred orientation parameters:    0.000   0.000
 => Asymmetry parameters     :  161.000 331.000 341.000   0.000
 => Strain parameters        :    0.000   0.000   0.000
 => Size   parameters        :    0.000   0.000

 => Cell constraints according to Laue symmetry: mmm  

        Metric information:
        -------------------

 => Direct cell parameters:

         a =       8.4788      b =       5.3967      c =       6.9584
     alpha =       90.000   beta =       90.000  gamma =       90.000
                        Direct Cell Volume =     318.4015

 => Reciprocal cell parameters:

         a*=     0.117941      b*=     0.185298      c*=     0.143711
     alpha*=       90.000   beta*=       90.000  gamma*=       90.000
                    Reciprocal Cell Volume =   0.00314069

 => Direct and Reciprocal Metric Tensors:

                   GD                                       GR
     71.8906      0.0000      0.0000          0.013910    0.000000    0.000000
      0.0000     29.1246      0.0000          0.000000    0.034335    0.000000
      0.0000      0.0000     48.4193          0.000000    0.000000    0.020653

 =>  Cartesian frame: x // a; y is in the ab-plane; z is x ^ y   

     Crystal_to_Orthonormal_Matrix              Orthonormal_to_Crystal Matrix
              Cr_Orth_cel                               Orth_Cr_cel  
      8.4788      0.0000      0.0000          0.117941    0.000000    0.000000
      0.0000      5.3967      0.0000          0.000000    0.185298    0.000000
      0.0000      0.0000      6.9584          0.000000    0.000000    0.143711

     Busing-Levy B-matrix: Hc=B.H            Inverse of the Busing-Levy B-matrix
                BL_M                                      BL_Minv  
    0.117941    0.000000    0.000000            8.4788      0.0000      0.0000
    0.000000    0.185298    0.000000            0.0000      5.3967      0.0000
    0.000000    0.000000    0.143711            0.0000      0.0000      6.9584

 => Laue symmetry mmm   will be used to generate HKL for pattern#   1
 => Reflections generated between S(1/d)min:  0.0912 A-1 and S(1/d)max:  1.0316 A-1
 =>                                    dmax: 10.9689 A   and      dmin:  0.9694 A
 => The number of reflections generated is:    207
 => The max. scatt. variable (gen.ref.) is:       160.9212
 => Scattering coefficients from internal table

 => Scattering lengths:

 PB     0.9405
 S      0.2847
 O      0.5803

     --------------------------------------------------------------
      SYMBOLIC NAMES AND INITIAL VALUES OF PARAMETERS TO BE VARIED:
     --------------------------------------------------------------

      ->  Parameter number    1   -> Symbolic Name:       Scale_ph1_pat1     1.4809000    
      ->  Parameter number    2   -> Symbolic Name:           Bck_0_pat1     207.88499    
      ->  Parameter number    3   -> Symbolic Name:           Bck_1_pat1     40.525002    
      ->  Parameter number    4   -> Symbolic Name:           Bck_2_pat1     44.095001    
      ->  Parameter number    5   -> Symbolic Name:           Bck_3_pat1    -21.537001    
      ->  Parameter number    6   -> Symbolic Name:           Bck_4_pat1    -39.512001    
      ->  Parameter number    7   -> Symbolic Name:           Bck_5_pat1     8.2399998    
      ->  Parameter number    8   -> Symbolic Name:            Zero_pat1   -0.88000000E-01
      ->  Parameter number    9   -> Symbolic Name:      Cell_A_ph1_pat1     8.4788342    
      ->  Parameter number   10   -> Symbolic Name:      Cell_B_ph1_pat1     5.3967199    
      ->  Parameter number   11   -> Symbolic Name:      Cell_C_ph1_pat1     6.9583950    
      ->  Parameter number   12   -> Symbolic Name:      U-Cagl_ph1_pat1    0.15580800    
      ->  Parameter number   13   -> Symbolic Name:      V-Cagl_ph1_pat1   -0.45609000    
      ->  Parameter number   14   -> Symbolic Name:      W-Cagl_ph1_pat1    0.41920900    
      ->  Parameter number   15   -> Symbolic Name:       Y-cos_ph1_pat1    0.91697000E-01
      ->  Parameter number   16   -> Symbolic Name:       Asym1_ph1_pat1    0.37441999    
      ->  Parameter number   17   -> Symbolic Name:             X_Pb_ph1    0.18749000    
      ->  Parameter number   18   -> Symbolic Name:             Z_Pb_ph1    0.16719000    
      ->  Parameter number   19   -> Symbolic Name:              X_S_ph1    0.65410003E-01
      ->  Parameter number   20   -> Symbolic Name:              Z_S_ph1    0.68339002    
      ->  Parameter number   21   -> Symbolic Name:             X_O1_ph1    0.90767002    
      ->  Parameter number   22   -> Symbolic Name:             Z_O1_ph1    0.59529001    
      ->  Parameter number   23   -> Symbolic Name:             X_O2_ph1    0.19375999    
      ->  Parameter number   24   -> Symbolic Name:             Z_O2_ph1    0.54321003    
      ->  Parameter number   25   -> Symbolic Name:             X_O3_ph1    0.81029996E-01
      ->  Parameter number   26   -> Symbolic Name:             Y_O3_ph1    0.27079999E-01
      ->  Parameter number   27   -> Symbolic Name:             Z_O3_ph1    0.80905002    
      ->  Parameter number   28   -> Symbolic Name:          Biso_Pb_ph1     1.4168500    
      ->  Parameter number   29   -> Symbolic Name:          Biso_O3_ph1     1.3227201    
      ->  Parameter number   30   -> Symbolic Name:          Biso_O2_ph1     1.4712300    
      ->  Parameter number   31   -> Symbolic Name:          Biso_O1_ph1     1.9880800    
      ->  Parameter number   32   -> Symbolic Name:           Biso_S_ph1    0.42080000    
      ->  Parameter number   33   -> Symbolic Name:       Asym2_ph1_pat1    0.37140001E-01
      ->  Parameter number   34   -> Symbolic Name:       Asym3_ph1_pat1   -0.33001000    
  
 
 => Optimizations for routine tasks applied:
 => Calculation mode for patter#:   1  CM_PSEUDO_VOIGT
 


   Standard deviations have to be multiplied by: 2.9637
   (correlated residuals) See references:
  -J.F.Berar & P.Lelann, J. Appl. Cryst. 24, 1-5 (1991) 
  -J.F.Berar, Acc. in Pow. Diff. II,NIST Sp.Pub. 846, 63(1992) 

 ++++++++++++++++++++++++++++++++++++++++++++++++++++++++++++++++++++++++++++++++++++++++++++++++++++++++++++++++++++++++

 => CYCLE No.:    1
 =>  Convergence reached at this CYCLE !!!!
 =>  Parameter shifts set to zero
 ---------------------------------------------------------------------------------------
 => Phase  1 Name:  PbSO4                       VARY xyz b          BKG blue             
 ---------------------------------------------------------------------------------------
 => New parameters, shifts, and standard deviations

 Atom        x       dx      sx       y       dy      sy       z       dz      sz       B       dB      sB      occ.    docc.   socc.

 Pb       0.18749 0.00000 0.00010  0.25000 0.00000 0.00000  0.16719 0.00000 0.00016  1.41663 0.00000 0.02467  0.50000 0.00000 0.00000
 S        0.06541 0.00000 0.00030  0.25000 0.00000 0.00000  0.68339 0.00000 0.00040  0.42040 0.00000 0.04433  0.50000 0.00000 0.00000
 O1       0.90767 0.00000 0.00020  0.25000 0.00000 0.00000  0.59529 0.00000 0.00021  1.98781 0.00000 0.03522  0.50000 0.00000 0.00000
 O2       0.19376 0.00000 0.00020  0.25000 0.00000 0.00000  0.54321 0.00000 0.00025  1.47097 0.00000 0.03329  0.50000 0.00000 0.00000
 O3       0.08103 0.00000 0.00012  0.02708 0.00000 0.00016  0.80905 0.00000 0.00015  1.32238 0.00000 0.02449  1.00000 0.00000 0.00000

 ==> PROFILE PARAMETERS FOR PATTERN#  1

 => Overall scale factor:      1.480805635     0.000000000     0.005270046
 => Eta(p-Voigt) or m(Pearson VII):   0.000000  0.000000  0.000000
 => Overall tem. factor:   0.000000  0.000000  0.000000
 => Halfwidth parameters: 
       0.155705  0.000000  0.003376
      -0.455978  0.000000  0.007454
       0.419174  0.000000  0.004536
 => Cell parameters: 
       8.478838   0.000000   0.000150
       5.396723   0.000000   0.000099
       6.958399   0.000000   0.000129
      90.000000   0.000000   0.000000
      90.000000   0.000000   0.000000
      90.000000   0.000000   0.000000
 => Preferred orientation: 
       0.000000  0.000000  0.000000
       0.000000  0.000000  0.000000
 => Asymmetry parameters: 
       0.374243  0.000000  0.019144
       0.037169  0.000000  0.002427
      -0.329023  0.000000  0.040084
       0.000000  0.000000  0.000000
 => X and Y parameters: 
       0.000000  0.000000  0.000000
       0.091700  0.000000  0.002163
 => Strain parameters: 
       0.000000  0.000000  0.000000
       0.000000  0.000000  0.000000
       0.000000  0.000000  0.000000
 => Size   parameters (G,L): 
       0.000000  0.000000  0.000000
       0.000000  0.000000  0.000000
 => Further shape parameters (S_L and D_L): 
       0.000000  0.000000  0.000000
       0.000000  0.000000  0.000000

 ==> GLOBAL PARAMETERS FOR PATTERN#  1


 => Zero-point:    -0.0880    0.0000    0.0033
 => Background Polynomial Parameters ==>
       207.88      0.0000     0.54751    
       40.507      0.0000      1.9058    
       44.103      0.0000      4.3528    
      -21.462      0.0000      7.0445    
      -39.520      0.0000      7.1181    
       8.2059      0.0000      7.6911    

 => Cos(2theta)-shift parameter :   0.0000  0.0000  0.0000
 => Sin(2theta)-shift parameter :   0.0000  0.0000  0.0000

 ==> RELIABILITY FACTORS WITH ALL NON-EXCLUDED POINTS FOR PATTERN:  1

 => R-Factors:   3.23      3.87     Chi2:  4.01     DW-Stat.:  0.3516   Patt#:  1
 => Expected :            1.93                                1.9081
 => Deviance : 0.197E+04     Dev*:  0.6905    
 => GoF-index:  2.0         Sqrt(Residual/N)
 => N-P+C:  2846

 =>    SumYdif       SumYobs      SumYcal      SumwYobsSQ     Residual    Condition
     0.3510E+05    0.1086E+07    0.1084E+07    0.7634E+07    0.1141E+05    0.1838E+17


 => Conventional Rietveld Rp,Rwp,Re and Chi2:   7.67      7.22      3.60      4.010    
 => (Values obtained using Ynet, but true sigma(y))
 =>  SumYnet, Sum(w Ynet**2):     0.4577E+06    0.2190E+07

 => N-sigma of the GoF:  113.526

 ==> RELIABILITY FACTORS FOR POINTS WITH BRAGG CONTRIBUTIONS FOR PATTERN:  1

 => R-Factors:   3.19      3.85     Chi2:  4.15     DW-Stat.:  0.3565   Patt#:
 => Expected :            1.89                                1.9065
 => Deviance : 0.184E+04     Dev*:  0.6768    
 => GoF-index:  2.0         Sqrt(Residual/N)
 => N-P+C:  2714

 =>    SumYdif       SumYobs      SumYcal      SumwYobsSQ     Residual    Condition
     0.3373E+05    0.1059E+07    0.1058E+07    0.7589E+07    0.1125E+05    0.1838E+17


 => Conventional Rietveld Rp,Rwp,Re and Chi2:   7.39      7.17      3.52      4.146    
 => (Values obtained using Ynet, but true sigma(y))
 =>  SumYnet, Sum(w Ynet**2):     0.4568E+06    0.2190E+07

 => N-sigma of the GoF:      115.904

 => Global user-weigthed Chi2 (Bragg contrib.):   4.20    

 --------------------------------------------------------------------------------------------------------------
 Pattern#  1 Phase No:   1 Phase name:  PbSO4                       V
 --------------------------------------------------------------------------------------------------------------

   No.  Code     H   K   L  Mult     Hw         2theta      Icalc       Iobs      Sigma      HwG     HwL       ETA       d-hkl        CORR

      1   1      1   0   1     4  0.634891      20.475       34.3       22.1      9.149  0.584738  0.093181  0.190559  5.378913     64.338860
      2   1      0   1   1     4  0.618608      25.909       11.4        1.7      2.618  0.567924  0.094092  0.197128  4.264472     40.835838
      3   1      2   0   0     2  0.618140      26.065        2.2        0.2      0.541  0.567440  0.094121  0.197328  4.239417     20.185030
      4   1      1   1   1     8  0.609128      29.066       35.6       29.4      5.488  0.558075  0.094728  0.201314  3.809746     65.623474
      5   1      2   0   1     4  0.604444      30.622       78.0       67.7      9.038  0.553192  0.095071  0.203487  3.620409     29.738859
      6   1      0   0   2     2  0.600600      31.897      205.7      204.9      2.142  0.549176  0.095368  0.205322  3.479198     13.774932
      7   1      2   1   0     4  0.596280      33.328      449.2      447.1      3.335  0.544653  0.095717  0.207443  3.333790     25.387751
      8   1      1   0   2     4  0.592567      34.556      101.4       97.6      3.972  0.540757  0.096030  0.209317  3.218751     23.743387
      9   1      2   1   1     8  0.584910      37.081      677.3      662.7     14.547  0.532701  0.096717  0.213333  3.006540     41.727676
     10   1      1   1   2     8  0.574597      40.464      674.6      645.3     27.805  0.521800  0.097727  0.219076  2.764404     35.645599
     11   1      0   2   0     2  0.571428      41.500      299.2      275.4     21.723  0.518437  0.098057  0.220922  2.698360      8.519405
     12   1      2   0   2     4  0.570988      41.644      105.9       97.4      7.814  0.517970  0.098104  0.221181  2.689457     16.934620
     13   1      3   0   1     4  0.567358      42.826        4.3        3.3      0.875  0.514111  0.098496  0.223349  2.618527     16.117275
     14   1      1   2   1     8  0.555397      46.703      428.7      424.6      4.485  0.501340  0.099878  0.230870  2.411888     27.731457
     15   1      2   1   2     8  0.555093      46.801      128.2      125.6      2.592  0.501014  0.099915  0.231069  2.407110     27.631935
     16   1      3   1   1     8  0.551737      47.882      143.2      151.0      8.258  0.497414  0.100329  0.233291  2.355855     26.577425
     17   1      2   2   0     4  0.546185      49.665      400.5      401.9      2.337  0.491443  0.101039  0.237077  2.276369     12.494936
     18   1      1   0   3     4  0.543283      50.594      268.4      278.4     10.307  0.488315  0.101423  0.239110  2.237263     12.115150
     19   1      3   0   2     4  0.539905      51.672      568.1      601.7     35.163  0.484667  0.101880  0.241526  2.193690     11.700383
     20   1      2   2   1     8  0.537473      52.446      950.0      968.1     18.365  0.482035  0.102217  0.243298  2.163539     22.837196
     21   1      0   2   2     4  0.534861      53.276      154.9      161.0      6.265  0.479204  0.102586  0.245233  2.132236     11.130576
     22   1      0   1   3     4  0.534755      53.310      141.6      146.7      5.328  0.479089  0.102601  0.245313  2.130982     11.119134
     23   1      4   0   0     2  0.533790      53.616       77.4       77.8      0.675  0.478042  0.102739  0.246037  2.119709      5.508305
     24   1      1   2   2     8  0.529188      55.073      597.6      608.8     11.393  0.473040  0.103412  0.249551  2.067852     21.105652
     25   1      1   1   3     8  0.529084      55.106      686.2      697.5     11.427  0.472927  0.103428  0.249632  2.066708     21.085487
     26   1      2   0   3     4  0.526109      56.045      107.5      108.8      1.331  0.469685  0.103875  0.251963  2.034823     10.264164
     27   1      3   1   2     8  0.525860      56.124      427.8      432.9      5.221  0.469414  0.103913  0.252159  2.032213     20.483168
     28   1      4   0   1     4  0.525430      56.259      566.1      569.5      3.628  0.468944  0.103979  0.252501  2.027713     10.202714
     29   1      4   1   0     4  0.520002      57.966      394.3      436.7     46.421  0.463010  0.104825  0.256891  1.972975      9.737918
     30   1      2   2   2     8  0.512707      60.248       38.0       49.6     14.952  0.455001  0.106015  0.263041  1.904873     18.360691
     31   1      2   1   3     8  0.512607      60.279       17.0       22.0      6.388  0.454891  0.106032  0.263128  1.903979     18.346354
     32   1      4   1   1     8  0.511952      60.483       30.0       38.2     10.179  0.454169  0.106142  0.263695  1.898150     18.253136
     33   1      3   2   1     8  0.509782      61.159        1.8        4.1      5.153  0.451777  0.106510  0.265592  1.879168     17.951931
     34   1      4   0   2     4  0.501414      63.757       18.5       17.8      0.949  0.442517  0.107984  0.273166  1.810204      8.444502
     35   1      3   0   3     4  0.499195      64.443      241.6      251.0      9.832  0.440052  0.108390  0.275246  1.792971      8.315604
     36   1      0   3   1     4  0.492254      66.584       52.7       50.2      2.443  0.432312  0.109701  0.281956  1.741647      7.941241
     37   1      0   0   4     2  0.491966      66.673       20.3       19.3      0.987  0.431990  0.109756  0.282241  1.739599      3.963301
     38   1      1   2   3     8  0.489497      67.432      157.0      149.5      7.106  0.429224  0.110240  0.284710  1.722277     15.607468
     39   1      4   1   2     8  0.488620      67.702       70.6       68.9      1.706  0.428241  0.110413  0.285598  1.716230     15.522485
     40   1      1   3   1     8  0.487122      68.162        0.0        0.0      0.002  0.426559  0.110712  0.287125  1.706027     15.380034
     41   1      1   0   4     4  0.486837      68.250        0.2        0.2      0.025  0.426239  0.110770  0.287418  1.704102      7.676643
     42   1      3   2   2     8  0.486548      68.338        0.0        0.0      0.000  0.425914  0.110828  0.287714  1.702160     15.326360
     43   1      3   1   3     8  0.486453      68.368       79.3       67.9      9.673  0.425808  0.110847  0.287812  1.701522     15.317519
     44   1      4   2   0     4  0.481157      69.992        4.7        3.4      1.071  0.419841  0.111936  0.293366  1.666895      7.422425
     45   1      2   3   0     4  0.479431      70.521       10.1        8.1      1.806  0.417889  0.112300  0.295221  1.655989      7.349461
     46   1      5   0   1     4  0.478074      70.937        0.2        0.1      0.069  0.416353  0.112590  0.296695  1.647548      7.293476
     47   1      1   1   4     8  0.474364      72.073        1.0        1.0      0.080  0.412142  0.113396  0.300799  1.625013     14.292306
     48   1      2   2   3     8  0.474304      72.092        4.4        4.5      0.336  0.412074  0.113410  0.300865  1.624658     14.287724
     49   1      4   2   1     8  0.473695      72.278        9.9        9.8      0.423  0.411381  0.113544  0.301550  1.621032     14.240917
     50   1      2   3   1     8  0.471989      72.800       62.0       55.6      5.805  0.409439  0.113925  0.303483  1.610997     14.112244
     51   1      2   0   4     4  0.471711      72.885        0.0        0.0      0.001  0.409122  0.113987  0.303800  1.609375      7.045786
     52   1      5   1   1     8  0.465780      74.702        0.3        0.3      0.028  0.402338  0.115351  0.310722  1.575754     13.670643
     53   1      1   3   2     8  0.464789      75.005      461.2      442.7     17.527  0.401199  0.115586  0.311909  1.570304     13.603822
     54   1      4   0   3     4  0.463764      75.319      223.1      227.2      4.209  0.400021  0.115830  0.313144  1.564723      6.767907
     55   1      2   1   4     8  0.459547      76.613        9.9        8.9      1.031  0.395158  0.116855  0.318332  1.542258     13.266381
     56   1      5   0   2     4  0.456075      77.681       59.1       54.3      4.509  0.391134  0.117727  0.322731  1.524344      6.528322
     57   1      4   2   2     8  0.451861      78.981       36.4       31.7      3.986  0.386226  0.118820  0.328231  1.503270     12.815962
     58   1      4   1   3     8  0.451772      79.008       13.6       11.9      1.440  0.386122  0.118843  0.328350  1.502830     12.811011
     59   1      2   3   2     8  0.450222      79.488        0.0        0.0      0.000  0.384309  0.119256  0.330422  1.495256     12.726209
     60   1      3   2   3     8  0.449830      79.609      384.8      366.5     17.214  0.383850  0.119361  0.330949  1.493357     12.705082

   No.  Code     H   K   L  Mult     Hw         2theta      Icalc       Iobs      Sigma      HwG     HwL       ETA       d-hkl        CORR

     61   1      3   3   1     8  0.447617      80.295        9.0        8.4      0.565  0.381253  0.119962  0.333963  1.482726     12.587895
     62   1      3   0   4     4  0.447351      80.378       34.3       31.7      2.410  0.380940  0.120035  0.334328  1.481462      6.287037
     63   1      5   1   2     8  0.444265      81.339       63.2       64.3      1.331  0.377302  0.120895  0.338633  1.466948     12.417327
     64   1      0   2   4     4  0.443218      81.666       53.2       54.1      1.146  0.376063  0.121193  0.340120  1.462095      6.182842
     65   1      1   2   4     8  0.438539      83.136      263.7      252.1     10.987  0.370501  0.122562  0.346928  1.440829     12.144199
     66   1      3   1   4     8  0.435786      84.008        4.7        4.7      0.187  0.367206  0.123398  0.351070  1.428612     12.020588
     67   1      0   3   3     4  0.434160      84.526      120.4      109.0     10.158  0.365251  0.123904  0.353566  1.421491      5.974911
     68   1      6   0   0     2  0.432234      85.143       45.0       45.3      0.657  0.362926  0.124515  0.356573  1.413139      2.967013
     69   1      5   2   1     8  0.430608      85.666       97.7       97.5      0.710  0.360956  0.125041  0.359155  1.406159     11.800759
     70   1      1   3   3     8  0.429615      85.988      165.7      157.7      7.517  0.359750  0.125367  0.360753  1.401925     11.760419
     71   1      3   3   2     8  0.427032      86.829      186.9      178.9      7.608  0.356598  0.126234  0.364983  1.391011     11.658115
     72   1      6   0   1     4  0.425565      87.311        0.4        0.4      0.015  0.354799  0.126740  0.367437  1.384869      5.800822
     73   1      2   2   4     8  0.424925      87.522        2.3        2.2      0.068  0.354011  0.126963  0.368520  1.382202     11.577372
     74   1      1   0   5     4  0.422777      88.235      158.5      156.0      2.443  0.351360  0.127727  0.372208  1.373303      5.748766
     75   1      4   3   0     4  0.422356      88.376      400.4      400.1      1.246  0.350838  0.127879  0.372942  1.371566      5.741077
     76   1      5   0   3     4  0.421715      88.590       37.9       38.3      0.400  0.350043  0.128113  0.374064  1.368930      5.729474
     77   1      6   1   0     4  0.421258      88.744      220.1      223.4      3.415  0.349474  0.128281  0.374871  1.367049      5.721245
     78   1      4   2   3     8  0.417967      89.863       39.3       36.6      2.523  0.345359  0.129525  0.380804  1.353606     11.327274
     79   1      0   4   0     2  0.416877      90.239      481.6      458.0     22.013  0.343986  0.129950  0.382821  1.349180      2.822577
     80   1      2   3   3     8  0.416524      90.361        0.5        0.5      0.020  0.343539  0.130090  0.383481  1.347746     11.278434
     81   1      0   1   5     4  0.416486      90.374      134.1      128.2      5.551  0.343492  0.130105  0.383552  1.347593      5.638585
     82   1      4   3   1     8  0.416013      90.539        0.2        0.2      0.006  0.342893  0.130293  0.384442  1.345674     11.261367
     83   1      4   0   4     4  0.415779      90.620        6.3        6.2      0.063  0.342597  0.130387  0.384882  1.344728      5.626809
     84   1      6   1   1     8  0.414959      90.907      252.9      268.7     16.550  0.341555  0.130718  0.386442  1.341407     11.226576
     85   1      1   1   5     8  0.412356      91.831        0.1        0.1      0.015  0.338228  0.131802  0.391506  1.330888     11.142834
     86   1      5   2   2     8  0.411444      92.160        3.8        5.0      1.507  0.337054  0.132194  0.393323  1.327209     11.114247
     87   1      5   1   3     8  0.411369      92.187       58.9       77.4     23.885  0.336957  0.132227  0.393473  1.326906     11.111915
     88   1      2   0   5     4  0.410218      92.606       18.4       25.2      9.215  0.335467  0.132732  0.395806  1.322257      5.538185
     89   1      6   0   2     4  0.407011      93.803       50.4       50.8      0.834  0.331269  0.134206  0.402532  1.309263      5.490180
     90   1      1   4   1     8  0.406859      93.861        7.8        7.8      0.100  0.331067  0.134279  0.402862  1.308642     10.975893
     91   1      4   1   4     8  0.405923      94.220       35.9       35.0      0.907  0.329827  0.134731  0.404897  1.304831     10.948774
     92   1      3   2   4     8  0.404406      94.812      483.4      482.5      2.040  0.327799  0.135486  0.408275  1.298616     10.905517
     93   1      2   4   0     4  0.401281      96.077        2.8        2.7      0.086  0.323554  0.137142  0.415556  1.285644      5.409667
     94   1      2   1   5     8  0.400955      96.214      200.3      200.1      1.351  0.323104  0.137324  0.416345  1.284271     10.810549
     95   1      4   3   2     8  0.399010      97.046        0.0        0.0      0.000  0.320396  0.138448  0.421175  1.275995     10.759024
     96   1      6   1   2     8  0.398169      97.417        0.0        0.0      0.000  0.319209  0.138958  0.423339  1.272356     10.737166
     97   1      3   3   3     8  0.397611      97.668      249.9      257.9      8.238  0.318414  0.139306  0.424804  1.269915     10.722794
     98   1      2   4   1     8  0.396334      98.257        6.2        8.0      2.266  0.316574  0.140132  0.428247  1.264247     10.690298
     99   1      0   4   2     4  0.394942      98.927       37.3       43.2      6.816  0.314532  0.141087  0.432162  1.257911      5.327756
    100   1      6   2   0     4  0.393655      99.577      134.7      135.0      1.098  0.312600  0.142031  0.435966  1.251858      5.311928
    101   1      3   0   5     4  0.392966      99.939       17.6       17.6      0.310  0.311547  0.142565  0.438087  1.248525      5.303552
    102   1      1   4   2     8  0.392114     100.405       47.9       47.0      1.157  0.310221  0.143259  0.440805  1.244292     10.586553
    103   1      1   3   4     8  0.390739     101.203       63.8       68.6      5.131  0.308019  0.144471  0.445456  1.237140     10.553739
    104   1      6   2   1     8  0.389822     101.778        9.1        9.9      0.847  0.306495  0.145360  0.448790  1.232078     10.532015
    105   1      1   2   5     8  0.388458     102.723       58.0       57.8      0.478  0.304110  0.146855  0.454230  1.223912     10.499755
    106   1      5   2   3     8  0.387982     103.088      828.5      835.5      7.311  0.303233  0.147443  0.456312  1.220813     10.488453
    107   1      3   1   5     8  0.387348     103.613       78.4       80.7      2.331  0.302015  0.148301  0.459291  1.216397     10.473276
    108   1      5   3   1     8  0.387157     103.783        6.3        6.2      0.194  0.301633  0.148580  0.460246  1.214985     10.468662
    109   1      5   0   4     4  0.387065     103.866       18.1       16.9      1.126  0.301447  0.148719  0.460717  1.214289      5.233216
    110   1      6   0   3     4  0.386175     104.779       13.3       13.1      0.320  0.299514  0.150251  0.465798  1.206803      5.222139
    111   1      2   4   2     8  0.386085     104.885       32.8       32.9      0.561  0.299302  0.150432  0.466382  1.205944     10.441960
    112   1      4   2   4     8  0.385849     105.181       18.2       18.9      0.875  0.298721  0.150940  0.468005  1.203555     10.435760
    113   1      2   3   4     8  0.385495     105.698        2.7        4.4      2.739  0.297758  0.151836  0.470807  1.199430     10.425934
    114   1      3   4   1     8  0.385488     105.709        1.3        2.1      1.325  0.297738  0.151856  0.470867  1.199342     10.425735
    115   1      7   0   1     4  0.385101     106.476        2.1        2.8      0.906  0.296433  0.153213  0.474945  1.193317      5.206754
    116   1      2   2   5     8  0.384889     107.249      147.1      155.5      8.736  0.295277  0.154612  0.478945  1.187363     10.403990
    117   1      5   1   4     8  0.384854     107.603       54.4       60.3      6.476  0.294803  0.155265  0.480739  1.184671     10.400565
    118   1      4   3   3     8  0.384880     108.144       21.9       19.9      1.791  0.294151  0.156276  0.483427  1.180601     10.396474
    119   1      6   2   2     8  0.384952     108.504      116.3      118.3      2.324  0.293767  0.156956  0.485175  1.177928     10.394522
    120   1      6   1   3     8  0.384960     108.533        1.1        1.1      0.024  0.293739  0.157010  0.485312  1.177716     10.394394

   No.  Code     H   K   L  Mult     Hw         2theta      Icalc       Iobs      Sigma      HwG     HwL       ETA       d-hkl        CORR

    121   1      7   1   1     8  0.385983     110.266       24.1       23.9      0.364  0.292509  0.160400  0.493241  1.165173     10.393806
    122   1      4   0   5     4  0.386234     110.523      252.1      260.1      8.177  0.292417  0.160920  0.494345  1.163354      5.197469
    123   1      5   3   2     8  0.386292     110.579        2.3        2.4      0.060  0.292401  0.161032  0.494579  1.162964     10.395225
    124   1      0   0   6     2  0.386821     111.041       72.8       71.0      1.862  0.292309  0.161977  0.496499  1.159733      2.599544
    125   1      1   4   3     8  0.387696     111.676       94.7       92.5      2.299  0.292320  0.163296  0.499017  1.155355     10.403905
    126   1      3   4   2     8  0.389255     112.582      242.0      229.6     11.489  0.292626  0.165227  0.502362  1.149223     10.415464
    127   1      1   0   6     4  0.389310     112.610        6.5        6.1      0.343  0.292641  0.165288  0.502462  1.149034      5.207945
    128   1      7   0   2     4  0.390953     113.382      217.3      236.5     20.342  0.293196  0.166979  0.505054  1.143920      5.214508
    129   1      3   3   4     8  0.391073     113.434        1.9        2.1      0.181  0.293243  0.167094  0.505219  1.143582     10.429996
    130   1      4   4   0     4  0.393199     114.266       34.4       30.9      3.153  0.294173  0.168968  0.507721  1.138184      5.223830
    131   1      4   1   5     8  0.393616     114.415        0.7        0.7      0.058  0.294375  0.169309  0.508137  1.137231     10.451182
    132   1      3   2   5     8  0.395580     115.065       45.7       45.9      1.051  0.295388  0.170815  0.509838  1.133109     10.467871
    133   1      2   4   3     8  0.400606     116.464       51.5       55.7      4.488  0.298326  0.174169  0.512836  1.124461     10.511092
    134   1      1   1   6     8  0.401017     116.565        0.6        0.6      0.031  0.298582  0.174419  0.513017  1.123843     10.514636
    135   1      4   4   1     8  0.401413     116.662      324.3      332.5      8.325  0.298831  0.174658  0.513186  1.123257     10.518053
    136   1      7   1   2     8  0.404451     117.363      114.8      130.2     17.074  0.300795  0.176410  0.514264  1.119057     10.544259
    137   1      2   0   6     4  0.404779     117.435        4.5        5.2      0.701  0.301012  0.176591  0.514360  1.118631      5.273543
    138   1      6   3   0     4  0.411094     118.697      153.6      154.2      1.507  0.305352  0.179862  0.515630  1.111263      5.300694
    139   1      5   2   4     8  0.414996     119.387       87.8       97.7     10.757  0.308152  0.181712  0.515978  1.107332     10.634764
    140   1      6   2   3     8  0.421372     120.406       35.0       37.1      2.149  0.312869  0.184528  0.516037  1.101646     10.688966
    141   1      0   3   5     4  0.422478     120.572      140.8      145.1      4.475  0.313702  0.184995  0.515995  1.100736      5.349164
    142   1      6   3   1     8  0.426808     121.193       32.1       31.9      0.452  0.317000  0.186772  0.515712  1.097358     10.734870
    143   1      6   0   4     4  0.427498     121.288        0.7        0.7      0.012  0.317530  0.187047  0.515650  1.096845      5.370333
    144   1      2   1   6     8  0.429557     121.567      261.5      274.1     12.891  0.319121  0.187861  0.515444  1.095348     10.757973
    145   1      1   3   5     8  0.435086     122.279       15.7       16.1      0.353  0.323438  0.189975  0.514737  1.091576     10.804247
    146   1      7   2   1     8  0.435420     122.320      118.4      121.3      3.061  0.323701  0.190100  0.514688  1.091359     10.807034
    147   1      5   3   3     8  0.438547     122.700      136.4      144.3      8.260  0.326173  0.191253  0.514197  1.089376     10.833084
    148   1      4   4   2     8  0.451977     124.193       10.1        8.9      1.103  0.336968  0.195941  0.511574  1.081770     10.944175
    149   1      3   4   3     8  0.459435     124.943      221.9      197.8     20.914  0.343065  0.198396  0.509855  1.078058     11.005402
    150   1      4   3   4     8  0.461549     125.147       21.0       19.5      1.335  0.344804  0.199076  0.509342  1.077061     11.022699
    151   1      5   0   5     4  0.464329     125.410       64.1       64.1      0.593  0.347097  0.199960  0.508653  1.075783      5.522710
    152   1      6   1   4     8  0.466366     125.598        8.2        8.3      0.165  0.348782  0.200602  0.508139  1.074869     11.062042
    153   1      7   0   3     4  0.469090     125.847       96.1       97.6      1.722  0.351041  0.201451  0.507440  1.073676      5.542124
    154   1      3   0   6     4  0.470864     126.006       45.2       45.1      0.514  0.352515  0.202000  0.506979  1.072917      5.549344
    155   1      4   2   5     8  0.482331     126.986      238.6      254.1     16.148  0.362101  0.205459  0.503894  1.068298     11.191764
    156   1      0   5   1     4  0.486884     127.356       42.3       39.9      2.229  0.365931  0.206796  0.502632  1.066589      5.614302
    157   1      0   4   4     4  0.488170     127.458       19.1       17.1      1.767  0.367016  0.207171  0.502272  1.066118      5.619498
    158   1      0   2   6     4  0.489903     127.595        0.2        0.2      0.024  0.368478  0.207673  0.501786  1.065491      5.626501
    159   1      2   3   5     8  0.490129     127.613      139.5      116.7     18.594  0.368669  0.207738  0.501723  1.065410     11.254826
    160   1      8   0   0     2  0.506639     128.847      232.8      239.8      7.243  0.382680  0.212402  0.497012  1.059854      2.846957
    161   1      6   3   2     8  0.510734     129.137        0.1        0.2      0.005  0.386173  0.213530  0.495830  1.058578     11.420732
    162   1      1   5   1     8  0.511808     129.212        8.4        8.6      0.228  0.387090  0.213824  0.495520  1.058249     11.429358
    163   1      1   4   4     8  0.513323     129.317        3.9        3.9      0.068  0.388386  0.214238  0.495081  1.057789     11.441530
    164   1      1   2   6     8  0.515366     129.457      199.2      199.6      1.510  0.390133  0.214794  0.494490  1.057177     11.457923
    165   1      5   1   5     8  0.522770     129.954       28.1       26.4      1.592  0.396479  0.216788  0.492346  1.055025     11.517304
    166   1      7   2   2     8  0.529381     130.384      176.8      177.7      1.467  0.402160  0.218545  0.490434  1.053190     11.570269
    167   1      7   1   3     8  0.529938     130.420      120.6      121.4      1.138  0.402639  0.218692  0.490273  1.053038     11.574725
    168   1      3   1   6     8  0.532603     130.589       24.4       24.2      0.293  0.404934  0.219394  0.489503  1.052322     11.596067
    169   1      8   0   1     4  0.550595     131.682       34.4       29.7      4.023  0.420472  0.224051  0.484344  1.047770      5.869993
    170   1      2   5   0     4  0.558221     132.122      180.5      168.3     11.246  0.427080  0.225987  0.482184  1.045976      5.900465
    171   1      5   4   1     8  0.567729     132.653        1.2        1.1      0.096  0.435336  0.228374  0.479518  1.043839     11.876897
    172   1      8   1   0     4  0.586114     133.631        1.0        0.9      0.154  0.451345  0.232913  0.474461  1.039989      6.011886
    173   1      2   5   1     8  0.616244     135.110      222.6      207.2     14.115  0.477684  0.240173  0.466490  1.034356     12.264606
    174   1      2   4   4     8  0.618715     135.226        0.0        0.0      0.001  0.479849  0.240760  0.465855  1.033926     12.284370
    175   1      2   2   6     8  0.622046     135.380      141.3      130.4      9.900  0.482768  0.241550  0.465004  1.033354     12.311015
    176   1      8   1   1     8  0.651888     136.699        6.7        7.0      0.387  0.508965  0.248538  0.457608  1.028564     12.550028
    177   1      3   3   5     8  0.671605     137.515      324.2      317.6      6.825  0.526311  0.253083  0.452951  1.025692     12.708255
    178   1      1   5   2     8  0.688879     138.197       41.9       38.6      3.032  0.541528  0.257025  0.449019  1.023341     12.847102
    179   1      4   4   3     8  0.700867     138.654      240.4      241.1      2.762  0.552099  0.259742  0.446369  1.021792     12.943604
    180   1      4   0   6     4  0.737645     139.982        0.1        0.1      0.019  0.584568  0.267990  0.438631  1.017411      6.620193

   No.  Code     H   K   L  Mult     Hw         2theta      Icalc       Iobs      Sigma      HwG     HwL       ETA       d-hkl        CORR

    181   1      6   2   4     8  0.749503     140.388       13.1       15.5      2.948  0.595047  0.270625  0.436256  1.016106     13.336309
    182   1      8   0   2     4  0.771032     141.101       45.2       48.0      3.340  0.614084  0.275384  0.432087  1.013856      6.755398
    183   1      5   4   2     8  0.808204     142.262       56.0       53.6      3.049  0.646985  0.283533  0.425299  1.010294     13.813011
    184   1      5   3   4     8  0.853148     143.562        0.5        0.6      0.163  0.686802  0.293291  0.417728  1.006455     14.180009
    185   1      6   3   3     8  0.910364     145.078       27.6       26.1      1.545  0.737535  0.305596  0.408989  1.002180     14.649686
    186   1      2   5   2     8  0.917512     145.257      144.2      136.6      7.507  0.743875  0.307126  0.407962  1.001688     14.708549
    187   1      4   1   6     8  0.946134     145.956        5.1        4.6      0.423  0.769270  0.313236  0.403981  0.999799     14.944674
    188   1      5   2   5     8  0.954148     146.146      133.2      121.3     10.720  0.776382  0.314943  0.402903  0.999293     15.010905
    189   1      3   5   1     8  0.977105     146.678       80.9       77.9      2.858  0.796757  0.319824  0.399899  0.997894     15.200892
    190   1      7   2   3     8  0.982021     146.789       89.3       87.9      1.605  0.801119  0.320867  0.399272  0.997604     15.241614
    191   1      3   4   4     8  0.983654     146.826       16.2       16.1      0.205  0.802569  0.321214  0.399065  0.997509     15.255149
    192   1      3   2   6     8  0.992526     147.025      181.4      187.3      6.269  0.810445  0.323096  0.397949  0.996995     15.328726
    193   1      8   1   2     8  1.002586     147.247        6.0        6.5      0.460  0.819375  0.325227  0.396705  0.996425     15.412227
    194   1      7   3   1     8  1.039913     148.044       14.3       15.5      1.373  0.852516  0.333120  0.392274  0.994417     15.722674
    195   1      7   0   4     4  1.047361     148.198       40.1       43.6      3.915  0.859129  0.334692  0.391423  0.994035      7.892364
    196   1      6   0   5     4  1.098559     149.216       78.6       87.2      9.625  0.904598  0.345473  0.385851  0.991566      8.106179
    197   1      1   0   7     4  1.201810     151.071        0.0        0.0      0.008  0.996317  0.367113  0.375918  0.987294      8.539874
    198   1      8   2   0     4  1.223815     151.437      140.5      179.4     48.050  1.015868  0.371711  0.373998  0.986488      8.632719

     -----------------------------------------------------
     BRAGG R-Factors and weight fractions for Pattern #  1
     -----------------------------------------------------

 => Phase:  1      PbSO4                       VARY xyz b          BKG blue
 => Bragg R-factor:   4.14       Vol:  318.402( 0.010)  Fract(%):  100.00( 0.50)
 => Rf-factor=  2.71             ATZ:        1213.030   Brindley:  1.0000

     -----------------------------------------------------------------
      SYMBOLIC NAMES AND FINAL VALUES AND SIGMA OF REFINED PARAMETERS:
     -----------------------------------------------------------------

      ->  Parameter number    1 :       Scale_ph1_pat1     1.4808056    ( +/-    0.52700457E-02 )
      ->  Parameter number    2 :           Bck_0_pat1     207.88272    ( +/-    0.54750621     )
      ->  Parameter number    3 :           Bck_1_pat1     40.506721    ( +/-     1.9057635     )
      ->  Parameter number    4 :           Bck_2_pat1     44.102867    ( +/-     4.3527665     )
      ->  Parameter number    5 :           Bck_3_pat1    -21.462341    ( +/-     7.0445256     )
      ->  Parameter number    6 :           Bck_4_pat1    -39.520237    ( +/-     7.1180553     )
      ->  Parameter number    7 :           Bck_5_pat1     8.2059116    ( +/-     7.6910872     )
      ->  Parameter number    8 :            Zero_pat1   -0.87970510E-01( +/-    0.32797442E-02 )
      ->  Parameter number    9 :      Cell_A_ph1_pat1     8.4788380    ( +/-    0.15027009E-03 )
      ->  Parameter number   10 :      Cell_B_ph1_pat1     5.3967228    ( +/-    0.99084340E-04 )
      ->  Parameter number   11 :      Cell_C_ph1_pat1     6.9583988    ( +/-    0.12895183E-03 )
      ->  Parameter number   12 :      U-Cagl_ph1_pat1    0.15570514    ( +/-    0.33760366E-02 )
      ->  Parameter number   13 :      V-Cagl_ph1_pat1   -0.45597833    ( +/-    0.74543566E-02 )
      ->  Parameter number   14 :      W-Cagl_ph1_pat1    0.41917428    ( +/-    0.45362590E-02 )
      ->  Parameter number   15 :       Y-cos_ph1_pat1    0.91699906E-01( +/-    0.21628966E-02 )
      ->  Parameter number   16 :       Asym1_ph1_pat1    0.37424299    ( +/-    0.19143768E-01 )
      ->  Parameter number   17 :             X_Pb_ph1    0.18749250    ( +/-    0.97171054E-04 )
      ->  Parameter number   18 :             Z_Pb_ph1    0.16719206    ( +/-    0.15620881E-03 )
      ->  Parameter number   19 :              X_S_ph1    0.65409400E-01( +/-    0.29819098E-03 )
      ->  Parameter number   20 :              Z_S_ph1    0.68339288    ( +/-    0.39891890E-03 )
      ->  Parameter number   21 :             X_O1_ph1    0.90767038    ( +/-    0.19747298E-03 )
      ->  Parameter number   22 :             Z_O1_ph1    0.59528744    ( +/-    0.20935074E-03 )
      ->  Parameter number   23 :             X_O2_ph1    0.19376227    ( +/-    0.19517777E-03 )
      ->  Parameter number   24 :             Z_O2_ph1    0.54320836    ( +/-    0.24755008E-03 )
      ->  Parameter number   25 :             X_O3_ph1    0.81032813E-01( +/-    0.11743106E-03 )
      ->  Parameter number   26 :             Y_O3_ph1    0.27078953E-01( +/-    0.16292196E-03 )
      ->  Parameter number   27 :             Z_O3_ph1    0.80904877    ( +/-    0.14993965E-03 )
      ->  Parameter number   28 :          Biso_Pb_ph1     1.4166340    ( +/-    0.24670709E-01 )
      ->  Parameter number   29 :          Biso_O3_ph1     1.3223774    ( +/-    0.24488773E-01 )
      ->  Parameter number   30 :          Biso_O2_ph1     1.4709656    ( +/-    0.33291541E-01 )
      ->  Parameter number   31 :          Biso_O1_ph1     1.9878066    ( +/-    0.35223268E-01 )
      ->  Parameter number   32 :           Biso_S_ph1    0.42039895    ( +/-    0.44328701E-01 )
      ->  Parameter number   33 :       Asym2_ph1_pat1    0.37169177E-01( +/-    0.24272271E-02 )
      ->  Parameter number   34 :       Asym3_ph1_pat1   -0.32902297    ( +/-    0.40084280E-01 )

 ------------------------------------------------------------------
 => Number of bytes for floating point variables: 4
 => Dimensions of dynamic allocated arrays in this run of FullProf:
 ------------------------------------------------------------------

 => Total approximate array memory (dynamic + static):  92103993 bytes

    MaxPOINT=    60000 Max.num. of points(+int. Inten.)/diffraction pattern       
    MaxREFLT=    20000 Max.num. of reflections/diffraction pattern               
    MaxPARAM=      300 Max.num. of refinable parameters                          
    MaxOVERL=     2096 Max.num. of overlapping reflections                       

 ----------------------------------------------------------
 => Number of bytes for floating point arrays: 4
 => Dimensions of fixed arrays in this release of FullProf:
 ----------------------------------------------------------

    NPATT   =       80 Max.num. of powder diffraction patterns                    
    NATS    =      830 Max.num. of atoms (all kind) in asymmetric unit            
    MPAR    =      800 Max.num. of non atomic parameters/phase                    
    IEXCL   =       30 Max.num. of excluded regions                               
    IBACP   =      277 Max.num. of background points for interpolation            
    NPHT    =       16 Max.num. of phases                                         
    NMAGM   =        8 Max.num. of rotation-matrices sets for magnetic structure  
    NBASIS  =       12 Max.num. of basis functions associated to a single atom    
    NIREPS  =        9 Max.num. of irreducible representations to be combined     
    N_EQ    =      384 Max.num. of user-supplied symmetry operators/propagation vectors
    NGL     =      300 Max.num. of global parameters/diffraction pattern          
    N_LINC  =       30 Max.num. of global linear restraints                        
    NAT_P   =       64 Max.num. of atomic parameters per atom                     
    NCONST  =      500 Max.num. of slack constraints per phase                    
    N_SPE   =       16 Max.num. of different chemical species                     
    N_FORM  =       60 Max.num. of scattering factor values in a table            
    NPR     =      150 Max.num. of points defining a numerical profile            
    INPR    =       25 Max.num. of different numerical peak shapes                
    NPRC    =      150 Max.num. of terms in the table for correcting intensities  
    NSOL    =       10 Max.num. of solutions to be stored in Montecarlo searchs   

 
              CPU Time:     0.445 seconds
                            0.007 minutes

 => Run finished at:     Date: 11/05/2014  Time: 23:29:15.244                              
