 =>         **********************************************************
 =>         ** PROGRAM FullProf.2k (Version 5.40 - Mar2014-ILL JRC) **
 =>         **********************************************************
 =>                        M U L T I -- P A T T E R N
 =>             Rietveld, Profile Matching & Integrated Intensity
 =>                  Refinement of X-ray and/or Neutron Data
 =>                  (Multi_Pattern: WindowsConsole-version)
  
  
 => START Date:30/04/2014  Time => 00:34:54.644
 => Reading control file *.PCR ...
 => Reading intensity file of pattern  1  rutana
    => Generating reflections for pattern:       1
 =>                          Phase number:       1
    => Generating reflections for pattern:       1
 =>                          Phase number:       2
 => End of preliminary calculations !
  
    ===================>>> CYCLE:       1
  
 =>  Control file *.pcr: rutana
 =>  Pattern:   1  rutana
 => Ordering reflections contributing to each point for pattern:       1
 =>  Calculation of Yi for all points + Normal Matrix & Vector...
 => Calculation for pattern:       1
 =>  Solving L.S. equations...
 => Writing results for cycle       1
 => R-Factors:   9.50      12.6     Chi2:  1.44     DW-Stat.:  1.4493   Patt#:  1
 => Expected :            10.5                                1.9376
 => Conventional Rietveld R-factors for Pattern:       1
 => Rp:  22.7     Rwp:  21.7     Rexp:   18.10                        Chi2:  1.44
    => Global user-weigthed Chi2 (Bragg contrib.):          2.4955
    => ---------> Pattern#       1
    => Phase:       1
    =>    Bragg R-factor:          3.9499
    =>    RF-factor     :          3.9826
    => Phase:       2
    =>    Bragg R-factor:          6.3083
    =>    RF-factor     :          6.5641
 =>  Conv. not yet reached -> [Max] Shift(Bck_0_pat1)/(eps*Sigma)=    2.36 abs> 1
  
    ===================>>> CYCLE:       2
  
 =>  Control file *.pcr: rutana
 =>  Pattern:   1  rutana
 => Ordering reflections contributing to each point for pattern:       1
 =>  Calculation of Yi for all points + Normal Matrix & Vector...
 => Calculation for pattern:       1
 =>  Solving L.S. equations...
 => Writing results for cycle       2
 => R-Factors:   9.47      12.6     Chi2:  1.43     DW-Stat.:  1.4625   Patt#:  1
 => Expected :            10.5                                1.9376
 => Conventional Rietveld R-factors for Pattern:       1
 => Rp:  22.7     Rwp:  21.6     Rexp:   18.11                        Chi2:  1.43
    => Global user-weigthed Chi2 (Bragg contrib.):          2.3776
    => ---------> Pattern#       1
    => Phase:       1
    =>    Bragg R-factor:          3.8652
    =>    RF-factor     :          3.8646
    => Phase:       2
    =>    Bragg R-factor:          6.9046
    =>    RF-factor     :          6.4658
 =>  Conv. not yet reached -> [Max] Shift(Bck_0_pat1)/(eps*Sigma)=   -1.27 abs> 1
  
    ===================>>> CYCLE:       3
  
 =>  Control file *.pcr: rutana
 =>  Pattern:   1  rutana
 => Ordering reflections contributing to each point for pattern:       1
 =>  Calculation of Yi for all points + Normal Matrix & Vector...
 => Calculation for pattern:       1
 =>  Solving L.S. equations...
 => Writing results for cycle       3
 => R-Factors:   9.48      12.6     Chi2:  1.43     DW-Stat.:  1.4622   Patt#:  1
 => Expected :            10.5                                1.9376
 => Conventional Rietveld R-factors for Pattern:       1
 => Rp:  22.7     Rwp:  21.6     Rexp:   18.10                        Chi2:  1.43
    => Global user-weigthed Chi2 (Bragg contrib.):          2.3724
    => ---------> Pattern#       1
    => Phase:       1
    =>    Bragg R-factor:          3.8833
    =>    RF-factor     :          3.8892
    => Phase:       2
    =>    Bragg R-factor:          6.9384
    =>    RF-factor     :          6.6109
 =>  Conv. not yet reached -> [Max] Shift(Bck_0_pat1)/(eps*Sigma)=   -1.28 abs> 1
  
    ===================>>> CYCLE:       4
  
 =>  Control file *.pcr: rutana
 =>  Pattern:   1  rutana
 => Ordering reflections contributing to each point for pattern:       1
 =>  Calculation of Yi for all points + Normal Matrix & Vector...
 => Calculation for pattern:       1
 =>  Solving L.S. equations...
 => Writing results for cycle       4
 => R-Factors:   9.48      12.6     Chi2:  1.43     DW-Stat.:  1.4599   Patt#:  1
 => Expected :            10.5                                1.9376
 => Conventional Rietveld R-factors for Pattern:       1
 => Rp:  22.7     Rwp:  21.6     Rexp:   18.10                        Chi2:  1.43
    => Global user-weigthed Chi2 (Bragg contrib.):          2.3729
    => ---------> Pattern#       1
    => Phase:       1
    =>    Bragg R-factor:          3.9174
    =>    RF-factor     :          3.9482
    => Phase:       2
    =>    Bragg R-factor:          7.0728
    =>    RF-factor     :          6.6127
  
 => Convergence reached at this CYCLE !!!!: CYCLE No.       4
 => R-Factors:   9.48      12.6     Chi2:  1.43     DW-Stat.:  1.4599   Patt#:  1
 => Expected :            10.5                                1.9376
 => Conventional Rietveld R-factors for Pattern:       1
 => Rp:  22.7     Rwp:  21.6     Rexp:   18.10                        Chi2:  1.43
    => Global user-weigthed Chi2 (Bragg contrib.):          2.3729
    => ---------> Pattern#       1
    => Phase:       1
    =>    Bragg R-factor:          3.9174
    =>    RF-factor     :          3.9482
    => Phase:       2
    =>    Bragg R-factor:          7.0728
    =>    RF-factor     :          6.6127
 =>  Normal end, final calculations and writing...
  
  
 =>               CPU Time:     0.156 seconds
 =>                             0.003 minutes
  
 => END   Date:30/04/2014  Time => 00:34:54.805
  
 => Data Files :
 =>             - rutana.dat
 => PCR  File  : rutana
 =>  END
