

        **********************************************************
        ** PROGRAM FullProf.2k (Version 5.40 - Mar2014-ILL JRC) **
        **********************************************************
                       M U L T I -- P A T T E R N                 
            Rietveld, Profile Matching & Integrated Intensity     
                 Refinement of X-ray and/or Neutron Data


    Date: 26/07/2015  Time: 13:42:14.075                              

 => PCR file code: pbso4a
 => DAT file code: pbso4a.dat           -> Relative contribution: 1.0000                                                            

 ==> CONDITIONS OF THIS RUN FOR PATTERN No.:  1

 => Global Refinement of neutron powder data                                                                                        
 => Title:   PbSO4 D1A(ILL),Rietveld Round Robin, R.J. Hill,JApC 25,589(1992)

 => Number of phases:    1
 => Number of excluded regions:    2
 => Number of scattering factors supplied:    0
 => March-Dollase model for preferred orientation
 => Conventional weights: w=1.0/Variance(yobs)
 => Asymmetry correction as in J.Appl.Cryst. 26,128(1993)
 => Background refined by polynomial function
 => The    7th default profile function was selected
 => T-C-H Pseudo-Voigt function 
    This function is convoluted with asymmetry due to axial 
    divergence as formulated by: 
    van Laar and Yelon, J. Appl. Cryst. 17, 47(1984).
    and using the method of:
    Finger, Cox and Jephcoat, J. Appl. Cryst. 27, 892 (1994).
    Fortran 90 module adapted from function PROFVAL (in F77) : 
    L.W. Finger, J. Appl. Cryst. 31, 111 (1998).


 ==> INPUT/OUTPUT OPTIONS:

 => Generate file *.PRF for plot
 => Output Integrated Intensities
 => Generate new input file *.PCR

 => Data in D1A,D2B format as prepared by D1A(D2B)SUM for pattern:  1
 => Plot pattern at each cycle
 => Wavelengths:  1.91200 1.91200
 => Alpha2/Alpha1 ratio:   1.0000
 => Cos(Monochromator angle)=   0.0000
 => Asymmetry correction for angles lower than  160.000 degrees
 => Absorption correction (AC), muR-eff =   0.0000  0.0000
 => Base of peaks: 2.0*HW*    6.00

 => Number of cycles:   10
 => Relaxation factors ==>    for coordinates:  1.00
 => for anisotropic temperature factors:  1.00
 => for halfwidth/strain/size parameters:  1.00
 => for lattice constants and propagation vectors:  1.00
 => EPS-value for convergence:    0.1

 => Excluded regions for Pattern#  1
    From     to
      0.0000     10.0000
    154.0000    180.0000

 => Number of Least-Squares parameters varied:     0

 =>--------------------------->
 =>------->  PATTERN number:  1
 =>--------------------------->
 => Global parameters and codes ==>
 => Zero-point:    -0.0907    0.0000
 => Background parameters and codes ==>
 => Origin of polynomial at 2theta/TOF/E(KeV):   70.000  
  209.37      43.796      43.450     -39.934     -44.149      26.187    
        0.00        0.00        0.00        0.00        0.00        0.00
 => Perpendicular Displacement parameter and code:     0.00    0.00
 => Parallel      Displacement parameter and code:     0.00    0.00

 => Reading Intensity data  =>>

 -> Heading of input data:

   ->   Title:  PbSO4 D1A(ILL)(Rietveld Refinement Round Robin, R.J. Hill, JApC 25, 589 (1992)                                                     

   ->    Step:  0.050
   ->   Thmin:   10.000
   -> Monitors:   10000.  10000.
 ==> Angular range, step and number of points:
     2Thmin:      10.000000  2Thmax:     155.449997  Step:       0.050000  No. of points:   2910
 --------------------------------------------------------------------------------
 => Phase  No. 1
      PbSO4                                                                 
 --------------------------------------------------------------------------------
 =>-------> Pattern#  1
 => Crystal Structure Refinement
 => Preferred orientation vector:   0.0000  0.0000  1.0000

 =>-------> Data for PHASE: 1
 => Number of atoms:    5
 => Number of distance  constraints:    0
 => Number of angle     constraints:    0

 => Symmetry information on space group: P n m a             
 -> The multiplicity of the general position is:   8
 -> The space group is Centric (-1 at origin)   
 -> Lattice type  P: { 000 }                                       
 -> Reduced set of symmetry operators:

  No.  IT   Symmetry symbol    Rotation part     Associated Translation
   1: ( 1)   1            -->     ( x, y, z) + {  0.0000  0.0000  0.0000}
   2: ( 4)   2 ( x, 0, 0) -->     ( x,-y,-z) + {  0.5000  0.5000  0.5000}
   3: ( 3)   2 ( 0, y, 0) -->     (-x, y,-z) + {  0.0000  0.5000  0.0000}
   4: ( 2)   2 ( 0, 0, z) -->     (-x,-y, z) + {  0.5000  0.0000  0.5000}


        Information on Space Group: 
        --------------------------- 

 =>  Number of Space group:  62
 => Hermann-Mauguin Symbol: P n m a
 =>            Hall Symbol: -P 2ac 2n
 =>   Table Setting Choice: 
 =>           Setting Type: IT (Generated from Hermann-Mauguin symbol)
 =>         Crystal System: Orthorhombic
 =>             Laue Class: mmm
 =>            Point Group: mmm
 =>        Bravais Lattice: P
 =>         Lattice Symbol: oP
 => Reduced Number of S.O.:   4
 =>   General multiplicity:   8
 =>         Centrosymmetry: Centric (-1 at origin)
 => Generators (exc. -1&L):   2
 =>        Asymmetric unit:  0.000 <= x <=  0.500
                             0.000 <= y <=  0.250
                             0.000 <= z <=  1.000

 => List of S.O. without inversion and lattice centring translations
 => SYMM(  1): x,y,z                               => SYMM(  2): x+1/2,-y+1/2,-z+1/2
 => SYMM(  3): -x,y+1/2,-z                         => SYMM(  4): -x+1/2,-y,z+1/2


 => Initial parameters ==>
 Atom    Ntyp                  X         Y         Z         B         occ.         in  fin  Spc  Mult
                             B11       B22       B33       B12       B13       B23
 Pb     PB                 0.18791   0.25000   0.16709   1.46908   0.49963           0    0    0    4
                 Codes:    0.00000   0.00000   0.00000   0.00000   0.00000
                 Betas:    0.00367   0.01768   0.00693   0.00000   0.00026   0.00000
                 Codes:    0.00000   0.00000   0.00000   0.00000   0.00000   0.00000
 S      S                  0.06458   0.25000   0.68555   0.95679   0.46878           0    0    0    4
                 Codes:    0.00000   0.00000   0.00000   0.00000   0.00000
                 Betas:    0.00211   0.00821   0.00469   0.00000   0.00063   0.00000
                 Codes:    0.00000   0.00000   0.00000   0.00000   0.00000   0.00000
 O1     O                  0.90867   0.25000   0.59556   1.72269   0.50753           0    0    0    4
                 Codes:    0.00000   0.00000   0.00000   0.00000   0.00000
                 Betas:    0.00355   0.02323   0.00961   0.00000  -0.00402   0.00000
                 Codes:    0.00000   0.00000   0.00000   0.00000   0.00000   0.00000
 O2     O                  0.19295   0.25000   0.54277   1.74968   0.51070           0    0    0    4
                 Codes:    0.00000   0.00000   0.00000   0.00000   0.00000
                 Betas:    0.00472   0.01590   0.00649   0.00000   0.00278   0.00000
                 Codes:    0.00000   0.00000   0.00000   0.00000   0.00000   0.00000
 O3     O                  0.08077   0.02733   0.80832   1.53237   1.00238           0    0    0    8
                 Codes:    0.00000   0.00000   0.00000   0.00000   0.00000
                 Betas:    0.00490   0.00917   0.00743   0.00084   0.00088   0.00297
                 Codes:    0.00000   0.00000   0.00000   0.00000   0.00000   0.00000

 => IT IS ASSUMED THAT THE FIRST GIVEN SITE IS FULLY OCCUPIED 
    OR THE FIRST AND SECOND ATOMS ARE IN THE SAME SITE WITH TOTAL FULL OCCUPATION
  (If this is not the case, change the order of atoms to obtain correct values for the content of the unit cell)
    The phase contains sites partially occupied
      -> Atom: PB  ,  Chemical element: PB  Atomic Mass:   207.2000
      -> Atom: S   ,  Chemical element: S   Atomic Mass:    32.0600
      -> Atom: O   ,  Chemical element: O   Atomic Mass:    15.9994
      -> Atom: O   ,  Chemical element: O   Atomic Mass:    15.9994
      -> Atom: O   ,  Chemical element: O   Atomic Mass:    15.9994
 => The given value of ATZ is       1213.03 the program has calculated:        1206.15
    The value of ATZ given in the input PCR file will be used for quantitative analysis
 => The chemical content of the unit cell is: 
       4.0000 PB   +   3.7530 S    +   4.0632 O    +   4.0886 O    +   8.0250 O      
 => The normalized site occupation numbers in % are: 
     100.0000 Pb     :       93.8254 S      :      101.5812 O1     :      102.2156 O2     :      100.3122 O3       
 => The density (volumic mass) of the compound is:    6.299 g/cm3

 =>-------> PROFILE PARAMETERS FOR PATTERN:  1

 => Overall scale factor:    1.47810    
 => ETA (p-Voigt) OR M (Pearson VII):   0.0000
 => Overall temperature factor:     -1.46652
 => Halfwidth U,V,W:      0.11282    -0.47148     0.37646
 => X and Y parameters:       0.0000      0.0833
 => Direct cell parameters:    8.4789   5.3971   6.9585  90.0000  90.0000  90.0000
 => Preferred orientation parameters:   0.9963  0.0000
 => Asymmetry parameters     :      0.32511     0.03084    -0.20333     0.03065
 => Strain parameters        :      0.00000     0.00000     0.00000
 => Size   parameters        :      0.05124     0.00000
 => Further shape parameters (S_L and D_L):   0.00000   0.00000
    S_L is source width/detector distance
    D_L is detector width/detector distance

 ==> CODEWORDS FOR PROFILE PARAMETERS of PATTERN#  1

 => Overall scale factor:    0.000
 => ETA (p-Voigt) OR M (Pearson VII):    0.000
 => Overall temperature factor:    0.000
 => Halfwidth U,V,W:    0.000   0.000   0.000
 => X and Y parameters:    0.000   0.000
 => Direct cell parameters:    0.000   0.000   0.000   0.000   0.000   0.000
 => Preferred orientation parameters:    0.000   0.000
 => Asymmetry parameters     :    0.000   0.000   0.000   0.000
 => Strain parameters        :    0.000   0.000   0.000
 => Size   parameters        :    0.000   0.000

 => Cell constraints according to Laue symmetry: mmm  

        Metric information:
        -------------------

 => Direct cell parameters:

         a =       8.4789      b =       5.3971      c =       6.9585
     alpha =       90.000   beta =       90.000  gamma =       90.000
                        Direct Cell Volume =     318.4323

 => Reciprocal cell parameters:

         a*=     0.117939      b*=     0.185285      c*=     0.143709
     alpha*=       90.000   beta*=       90.000  gamma*=       90.000
                    Reciprocal Cell Volume =   0.00314038

 => Direct and Reciprocal Metric Tensors:

                   GD                                       GR
     71.8924      0.0000      0.0000          0.013910    0.000000    0.000000
      0.0000     29.1287      0.0000          0.000000    0.034330    0.000000
      0.0000      0.0000     48.4207          0.000000    0.000000    0.020652

 =>  Cartesian frame: x // a; y is in the ab-plane; z is x ^ y   

     Crystal_to_Orthonormal_Matrix              Orthonormal_to_Crystal Matrix
              Cr_Orth_cel                               Orth_Cr_cel  
      8.4789      0.0000      0.0000          0.117939    0.000000    0.000000
      0.0000      5.3971      0.0000          0.000000    0.185285    0.000000
      0.0000      0.0000      6.9585          0.000000    0.000000    0.143709

     Busing-Levy B-matrix: Hc=B.H            Inverse of the Busing-Levy B-matrix
                BL_M                                      BL_Minv  
    0.117939    0.000000    0.000000            8.4789      0.0000      0.0000
    0.000000    0.185285    0.000000            0.0000      5.3971      0.0000
    0.000000    0.000000    0.143709            0.0000      0.0000      6.9585

 => Laue symmetry mmm   will be used to generate HKL for pattern#   1
 => Reflections generated between S(1/d)min:  0.0912 A-1 and S(1/d)max:  1.0315 A-1
 =>                                    dmax: 10.9689 A   and      dmin:  0.9695 A
 => The number of reflections generated is:    207
 => The max. scatt. variable (gen.ref.) is:       160.8678
 => Scattering coefficients from internal table

 => Scattering lengths:

 PB     0.9405
 S      0.2847
 O      0.5803
  
 
 => Optimizations for routine tasks applied:
 => Calculation mode for patter#:   1  CM_PSEUDO_VOIGT
 


   Standard deviations have to be multiplied by: 2.1524
   (correlated residuals) See references:
  -J.F.Berar & P.Lelann, J. Appl. Cryst. 24, 1-5 (1991) 
  -J.F.Berar, Acc. in Pow. Diff. II,NIST Sp.Pub. 846, 63(1992) 

 ++++++++++++++++++++++++++++++++++++++++++++++++++++++++++++++++++++++++++++++++++++++++++++++++++++++++++++++++++++++++

 => CYCLE No.:    1
 =>  Convergence reached at this CYCLE !!!!
 =>  Parameter shifts set to zero
 ---------------------------------------------------------------------------------------
 => Phase  1 Name: PbSO4                                                                 
 ---------------------------------------------------------------------------------------
 => New parameters, shifts, and standard deviations

 Atom        x       dx      sx       y       dy      sy       z       dz      sz       B       dB      sB      occ.    docc.   socc.

 Pb       0.18791 0.00000 0.00000  0.25000 0.00000 0.00000  0.16709 0.00000 0.00000  1.46908 0.00000 0.00000  0.49963 0.00000 0.00000
 S        0.06458 0.00000 0.00000  0.25000 0.00000 0.00000  0.68555 0.00000 0.00000  0.95679 0.00000 0.00000  0.46878 0.00000 0.00000
 O1       0.90867 0.00000 0.00000  0.25000 0.00000 0.00000  0.59556 0.00000 0.00000  1.72269 0.00000 0.00000  0.50753 0.00000 0.00000
 O2       0.19295 0.00000 0.00000  0.25000 0.00000 0.00000  0.54277 0.00000 0.00000  1.74968 0.00000 0.00000  0.51070 0.00000 0.00000
 O3       0.08077 0.00000 0.00000  0.02733 0.00000 0.00000  0.80832 0.00000 0.00000  1.53237 0.00000 0.00000  1.00238 0.00000 0.00000

 Atom         B11      DB11      SB11       B22      DB22      SB22       B33      DB33      SB33
              B12      DB12      SB12       B13      DB13      SB13       B23      DB23      SB23
 Pb      0.003670  0.000000  0.000000  0.017680  0.000000  0.000000  0.006930  0.000000  0.000000
         0.000000  0.000000  0.000000  0.000260  0.000000  0.000000  0.000000  0.000000  0.000000

    U-Eigen Value (A**2) ----      Eigen vector(Orth. syst.)
        0.01321          ----    0.97964    0.00000   -0.20076
        0.02609          ----    0.00000    1.00000    0.00000
        0.01716          ----   -0.20076    0.00000   -0.97964

    Isotropic temperature factor Uequiv(A**2):   0.0188
    Isotropic temperature factor Bequiv(A**2):   1.4859

     R.M.S. in ANGSTROMS ------       Angles with A, B, C
        0.11492          ----     11.582     90.000    101.582
        0.16152          ----     90.000      0.000     90.000
        0.13099          ----    101.582     90.000    168.418
 
 S       0.002110  0.000000  0.000000  0.008210  0.000000  0.000000  0.004690  0.000000  0.000000
         0.000000  0.000000  0.000000  0.000630  0.000000  0.000000  0.000000  0.000000  0.000000

    U-Eigen Value (A**2) ----      Eigen vector(Orth. syst.)
        0.00691          ----    0.92523    0.00000   -0.37941
        0.01212          ----    0.00000    1.00000    0.00000
        0.01228          ----   -0.37941    0.00000   -0.92523

    Isotropic temperature factor Uequiv(A**2):   0.0104
    Isotropic temperature factor Bequiv(A**2):   0.8239

     R.M.S. in ANGSTROMS ------       Angles with A, B, C
        0.08314          ----     22.297     90.000    112.297
        0.11007          ----     90.000      0.000     90.000
        0.11080          ----    112.297     90.000    157.703
 
 O1      0.003550  0.000000  0.000000  0.023230  0.000000  0.000000  0.009610  0.000000  0.000000
         0.000000  0.000000  0.000000 -0.004020  0.000000  0.000000  0.000000  0.000000  0.000000

    U-Eigen Value (A**2) ----      Eigen vector(Orth. syst.)
        0.00511          ----    0.83814    0.00000    0.54545
        0.03428          ----    0.00000    1.00000    0.00000
        0.03139          ----    0.54545    0.00000   -0.83814

    Isotropic temperature factor Uequiv(A**2):   0.0236
    Isotropic temperature factor Bequiv(A**2):   1.8629

     R.M.S. in ANGSTROMS ------       Angles with A, B, C
        0.07148          ----     33.055     90.000     56.945
        0.18515          ----     90.000      0.000     90.000
        0.17718          ----     56.945     90.000    146.945
 
 O2      0.004720  0.000000  0.000000  0.015900  0.000000  0.000000  0.006490  0.000000  0.000000
         0.000000  0.000000  0.000000  0.002780  0.000000  0.000000  0.000000  0.000000  0.000000

    U-Eigen Value (A**2) ----      Eigen vector(Orth. syst.)
        0.02489          ----    0.73357    0.00000    0.67962
        0.02346          ----    0.00000    1.00000    0.00000
        0.00822          ----    0.67962    0.00000   -0.73357

    Isotropic temperature factor Uequiv(A**2):   0.0189
    Isotropic temperature factor Bequiv(A**2):   1.4890

     R.M.S. in ANGSTROMS ------       Angles with A, B, C
        0.15776          ----     42.814     90.000     47.186
        0.15318          ----     90.000      0.000     90.000
        0.09067          ----     47.186     90.000    137.186
 
 O3      0.004900  0.000000  0.000000  0.009170  0.000000  0.000000  0.007430  0.000000  0.000000
         0.000840  0.000000  0.000000  0.000880  0.000000  0.000000  0.002970  0.000000  0.000000

    U-Eigen Value (A**2) ----      Eigen vector(Orth. syst.)
        0.02379          ----    0.48172    0.49105    0.72582
        0.00976          ----   -0.02209    0.83479   -0.55012
        0.01605          ----   -0.87605    0.24897    0.41298

    Isotropic temperature factor Uequiv(A**2):   0.0165
    Isotropic temperature factor Bequiv(A**2):   1.3055

     R.M.S. in ANGSTROMS ------       Angles with A, B, C
        0.15426          ----     61.202     60.590     43.463
        0.09878          ----     91.266     33.406    123.375
        0.12670          ----    151.169     75.583     65.608
 

 ==> PROFILE PARAMETERS FOR PATTERN#  1

 => Overall scale factor:      1.478099942     0.000000000     0.000000000
 => Eta(p-Voigt) or m(Pearson VII):   0.000000  0.000000  0.000000
 => Overall tem. factor:  -1.466520  0.000000  0.000000
 => Halfwidth parameters: 
       0.112816  0.000000  0.000000
      -0.471482  0.000000  0.000000
       0.376465  0.000000  0.000000
 => Cell parameters: 
       8.478937   0.000000   0.000000
       5.397099   0.000000   0.000000
       6.958496   0.000000   0.000000
      90.000000   0.000000   0.000000
      90.000000   0.000000   0.000000
      90.000000   0.000000   0.000000
 => Preferred orientation: 
       0.996290  0.000000  0.000000
       0.000000  0.000000  0.000000
 => Asymmetry parameters: 
       0.325110  0.000000  0.000000
       0.030840  0.000000  0.000000
      -0.203330  0.000000  0.000000
       0.030650  0.000000  0.000000
 => X and Y parameters: 
       0.000000  0.000000  0.000000
       0.083310  0.000000  0.000000
 => Strain parameters: 
       0.000000  0.000000  0.000000
       0.000000  0.000000  0.000000
       0.000000  0.000000  0.000000
 => Size   parameters (G,L): 
       0.051236  0.000000  0.000000
       0.000000  0.000000  0.000000
 => Further shape parameters (S_L and D_L): 
       0.000000  0.000000  0.000000
       0.000000  0.000000  0.000000

 ==> GLOBAL PARAMETERS FOR PATTERN#  1


 => Zero-point:    -0.0907    0.0000    0.0000
 => Background Polynomial Parameters ==>
       209.37      0.0000      0.0000    
       43.796      0.0000      0.0000    
       43.450      0.0000      0.0000    
      -39.934      0.0000      0.0000    
      -44.149      0.0000      0.0000    
       26.187      0.0000      0.0000    

 => Cos(2theta)-shift parameter :   0.0000  0.0000  0.0000
 => Sin(2theta)-shift parameter :   0.0000  0.0000  0.0000

 ==> RELIABILITY FACTORS WITH ALL NON-EXCLUDED POINTS FOR PATTERN:  1

 => R-Factors:   2.28      2.68     Chi2:  1.90     DW-Stat.:  0.6877   Patt#:  1
 => Expected :            1.94                                1.8842
 => Deviance : 0.110E+04     Dev*:  0.3803    
 => GoF-index:  1.4         Sqrt(Residual/N)
 => N-P+C:  2880

 =>    SumYdif       SumYobs      SumYcal      SumwYobsSQ     Residual    Condition
     0.2476E+05    0.1086E+07    0.1082E+07    0.7634E+07     5470.         0.000    


 => Conventional Rietveld Rp,Rwp,Re and Chi2:   5.44      5.01      3.63      1.899    
 => (Values obtained using Ynet, but true sigma(y))
 =>  SumYnet, Sum(w Ynet**2):     0.4554E+06    0.2180E+07

 => N-sigma of the GoF:   34.123

 ==> RELIABILITY FACTORS FOR POINTS WITH BRAGG CONTRIBUTIONS FOR PATTERN:  1

 => R-Factors:   2.21      2.65     Chi2:  1.93     DW-Stat.:  0.7085   Patt#:
 => Expected :            1.90                                1.8814
 => Deviance :  964.         Dev*:  0.3503    
 => GoF-index:  1.4         Sqrt(Residual/N)
 => N-P+C:  2749

 =>    SumYdif       SumYobs      SumYcal      SumwYobsSQ     Residual    Condition
     0.2337E+05    0.1059E+07    0.1056E+07    0.7589E+07     5310.         0.000    


 => Conventional Rietveld Rp,Rwp,Re and Chi2:   5.14      4.94      3.55      1.932    
 => (Values obtained using Ynet, but true sigma(y))
 =>  SumYnet, Sum(w Ynet**2):     0.4544E+06    0.2180E+07

 => N-sigma of the GoF:       34.536

 => Global user-weigthed Chi2 (Bragg contrib.):   1.99    

 --------------------------------------------------------------------------------------------------------------
 Pattern#  1 Phase No:   1 Phase name: PbSO4                         
 --------------------------------------------------------------------------------------------------------------

   No.  Code     H   K   L  Mult     Hw         2theta      Icalc       Iobs      Sigma      HwG     HwL       ETA       d-hkl        CORR

      1   1      1   0   1     4  0.635317      20.475       40.5       17.0     10.922  0.589831  0.084658  0.173817  5.378986     66.282784
      2   1      0   1   1     4  0.618611      25.908       10.1        0.0      2.057  0.572652  0.085486  0.179952  4.264683     42.549068
      3   1      2   0   0     2  0.618128      26.065        2.5        0.0      0.616  0.572154  0.085513  0.180140  4.239469     20.909159
      4   1      1   1   1     8  0.608879      29.064       34.7       26.6      6.533  0.562590  0.086063  0.183865  3.809905     68.989159
      5   1      2   0   1     4  0.604067      30.622       67.1       64.7      2.872  0.557600  0.086376  0.185897  3.620455     31.417152
      6   1      0   0   2     2  0.600120      31.897      201.0      203.4      3.221  0.553500  0.086645  0.187614  3.479248     14.799637
      7   1      2   1   0     4  0.595686      33.327      435.0      444.2      9.726  0.548885  0.086962  0.189597  3.333905     26.970064
      8   1      1   0   2     4  0.591870      34.556      100.6       97.6      3.364  0.544906  0.087247  0.191352  3.218796     25.708805
      9   1      2   1   1     8  0.584007      37.080      656.6      659.0      3.949  0.536686  0.087870  0.195110  3.006632     45.144558
     10   1      1   1   2     8  0.573411      40.463      639.8      642.5      3.889  0.525564  0.088788  0.200490  2.764484     39.432438
     11   1      0   2   0     2  0.570160      41.497      270.3      271.0      1.747  0.522141  0.089088  0.202217  2.698550      9.370758
     12   1      2   0   2     4  0.569700      41.643       99.6       99.8      0.747  0.521656  0.089131  0.202464  2.689493     18.824396
     13   1      3   0   1     4  0.565970      42.826        3.7        3.0      0.713  0.517722  0.089487  0.204496  2.618560     17.879150
     14   1      1   2   1     8  0.553684      46.700      414.8      430.4     16.168  0.504713  0.090742  0.211547  2.412030     31.347477
     15   1      2   1   2     8  0.553365      46.800      110.4      113.8      3.533  0.504375  0.090776  0.211737  2.407169     31.436501
     16   1      3   1   1     8  0.549916      47.881      154.8      153.5      1.961  0.500708  0.091152  0.213823  2.355911     30.221348
     17   1      2   2   0     4  0.544213      49.662      398.0      398.3      1.927  0.494632  0.091797  0.217375  2.276490     14.315369
     18   1      1   0   3     4  0.541224      50.593      281.5      279.8      2.227  0.491440  0.092146  0.219290  2.237295     14.167541
     19   1      3   0   2     4  0.537751      51.671      601.8      604.4      3.298  0.487725  0.092562  0.221560  2.193718     13.640798
     20   1      2   2   1     8  0.535257      52.444      954.3      959.1      5.365  0.485054  0.092867  0.223222  2.163647     26.606222
     21   1      0   2   2     4  0.532572      53.274      165.8      167.2      1.547  0.482174  0.093202  0.225041  2.132341     13.088500
     22   1      0   1   3     4  0.532458      53.309      146.2      147.1      1.072  0.482051  0.093216  0.225119  2.131032     13.180038
     23   1      4   0   0     2  0.531464      53.616       75.8       75.4      0.664  0.480984  0.093342  0.225801  2.119734      6.448795
     24   1      1   2   2     8  0.526740      55.070      572.5      575.2      3.009  0.475904  0.093952  0.229102  2.067949     25.063198
     25   1      1   1   3     8  0.526628      55.105      726.1      727.8      2.312  0.475783  0.093967  0.229182  2.066755     25.228571
     26   1      2   0   3     4  0.523568      56.044      113.8      114.9      1.079  0.472485  0.094374  0.231376  2.034851     12.342552
     27   1      3   1   2     8  0.523314      56.122      425.3      429.1      3.932  0.472211  0.094408  0.231560  2.032256     24.466183
     28   1      4   0   1     4  0.522869      56.258      561.3      563.6      2.746  0.471732  0.094468  0.231883  2.027738     12.144135
     29   1      4   1   0     4  0.517290      57.964      426.7      437.2     10.805  0.465702  0.095236  0.236014  1.973015     11.691354
     30   1      2   2   2     8  0.509796      60.245       47.8       54.3      7.264  0.457571  0.096317  0.241804  1.904953     22.460651
     31   1      2   1   3     8  0.509688      60.278       15.4       17.3      2.172  0.457454  0.096333  0.241889  1.904019     22.587652
     32   1      4   1   1     8  0.509014      60.482       33.1       37.0      4.378  0.456721  0.096433  0.242424  1.898187     22.276659
     33   1      3   2   1     8  0.506788      61.157        1.6        3.4      3.835  0.454298  0.096767  0.244208  1.879244     21.999796
     34   1      4   0   2     4  0.498181      63.756       15.9       16.0      0.614  0.444896  0.098107  0.251355  1.810228     10.551148
     35   1      3   0   3     4  0.495901      64.442      240.3      248.2      8.228  0.442397  0.098475  0.253318  1.792995     10.492269
     36   1      0   3   1     4  0.488782      66.579       53.8       51.6      2.228  0.434568  0.099664  0.259640  1.741763     10.067808
     37   1      0   0   4     2  0.488473      66.671       17.7       17.1      0.613  0.434227  0.099717  0.259921  1.739624      5.106666
     38   1      1   2   3     8  0.485941      67.429      141.8      141.0      1.233  0.431433  0.100155  0.262248  1.722341     20.057739
     39   1      4   1   2     8  0.485035      67.701       76.8       76.0      0.997  0.430432  0.100314  0.263091  1.716262     19.880379
     40   1      1   3   1     8  0.483508      68.157        0.1        0.1      0.007  0.428743  0.100583  0.264522  1.706137     19.697577
     41   1      1   0   4     4  0.483202      68.249        0.1        0.1      0.006  0.428404  0.100638  0.264811  1.704126      9.985873
     42   1      3   2   2     8  0.482912      68.336        0.6        0.5      0.033  0.428082  0.100689  0.265086  1.702221     19.709522
     43   1      3   1   3     8  0.482810      68.366       68.3       64.1      3.989  0.427969  0.100708  0.265182  1.701555     19.800142
     44   1      4   2   0     4  0.477374      69.990        4.5        2.9      1.160  0.421938  0.101696  0.270427  1.666952      9.610585
     45   1      2   3   0     4  0.475609      70.517        7.1        6.2      1.041  0.419973  0.102026  0.272174  1.656091      9.549599
     46   1      5   0   1     4  0.474202      70.936        0.7        0.3      0.295  0.418406  0.102291  0.273581  1.647569      9.511340
     47   1      1   1   4     8  0.470395      72.072        1.8        1.4      0.334  0.414154  0.103024  0.277460  1.625045     19.037840
     48   1      2   2   3     8  0.470338      72.089        5.0        4.0      0.870  0.414090  0.103035  0.277518  1.624714     18.912836
     49   1      4   2   1     8  0.469712      72.275       11.7       10.1      1.482  0.413390  0.103157  0.278167  1.621086     18.737421
     50   1      2   3   1     8  0.467969      72.795       53.3       51.5      1.951  0.411437  0.103501  0.279987  1.611092     18.633198
     51   1      2   0   4     4  0.467670      72.884        0.3        0.3      0.014  0.411103  0.103561  0.280300  1.609398      9.433558
     52   1      5   1   1     8  0.461586      74.700        0.1        0.1      0.008  0.404261  0.104800  0.286850  1.575781     18.280863
     53   1      1   3   2     8  0.460580      75.000      433.9      422.5     11.039  0.403126  0.105010  0.287961  1.570393     18.275841
     54   1      4   0   3     4  0.459517      75.318      243.4      241.2      2.460  0.401925  0.105235  0.289145  1.564744      9.149568
     55   1      2   1   4     8  0.455195      76.612       12.9        9.4      2.575  0.397030  0.106166  0.294055  1.542287     18.193810
     56   1      5   0   2     4  0.451633      77.680       56.3       52.3      3.794  0.392979  0.106958  0.298224  1.524363      8.929384
     57   1      4   2   2     8  0.447322      78.978       35.2       32.2      2.762  0.388053  0.107950  0.303428  1.503316     17.685095
     58   1      4   1   3     8  0.447227      79.006       11.3       10.4      0.824  0.387944  0.107972  0.303545  1.502857     17.750399
     59   1      2   3   2     8  0.445651      79.483        0.3        0.3      0.006  0.386136  0.108344  0.305495  1.495335     17.622257
     60   1      3   2   3     8  0.445243      79.606      365.2      362.8      2.844  0.385668  0.108441  0.306003  1.493403     17.675098

   No.  Code     H   K   L  Mult     Hw         2theta      Icalc       Iobs      Sigma      HwG     HwL       ETA       d-hkl        CORR

     61   1      3   3   1     8  0.442984      80.290        6.0        6.1      0.138  0.383070  0.108985  0.308850  1.482803     17.487366
     62   1      3   0   4     4  0.442700      80.376       32.1       32.1      0.607  0.382743  0.109055  0.309211  1.481482      8.838661
     63   1      5   1   2     8  0.439544      81.337       66.5       64.6      2.024  0.379097  0.109836  0.313290  1.466973     17.413250
     64   1      0   2   4     4  0.438477      81.663       53.8       52.9      1.142  0.377861  0.110106  0.314694  1.462140      8.767280
     65   1      1   2   4     8  0.433695      83.133      246.3      247.6      1.982  0.372297  0.111349  0.321147  1.440873     17.391048
     66   1      3   1   4     8  0.430880      84.006        8.2        7.9      0.389  0.369001  0.112110  0.325078  1.428637     17.315308
     67   1      0   3   3     4  0.429231      84.521      100.5      102.9      2.666  0.367063  0.112566  0.327429  1.421561      8.594840
     68   1      6   0   0     2  0.427253      85.141       44.4       46.1      1.764  0.364730  0.113125  0.330298  1.413156      4.259592
     69   1      5   2   1     8  0.425600      85.663      100.8      102.0      1.393  0.362775  0.113601  0.332737  1.406199     17.015448
     70   1      1   3   3     8  0.424595      85.982      147.8      150.7      3.085  0.361582  0.113896  0.334241  1.401993     17.087673
     71   1      3   3   2     8  0.421964      86.824      172.8      176.8      4.177  0.358448  0.114684  0.338250  1.391077     16.980530
     72   1      6   0   1     4  0.420459      87.309        0.3        0.3      0.038  0.356646  0.115146  0.340594  1.384886      8.460590
     73   1      2   2   4     8  0.419813      87.519        2.0        2.2      0.167  0.355872  0.115348  0.341611  1.382242     17.078714
     74   1      1   0   5     4  0.417625      88.233      153.8      154.4      0.846  0.353237  0.116043  0.345112  1.373323      8.571970
     75   1      4   3   0     4  0.417207      88.371      386.1      390.5      4.514  0.352733  0.116178  0.345790  1.371629      8.430606
     76   1      5   0   3     4  0.416545      88.589       45.8       46.2      0.468  0.351932  0.116394  0.346872  1.368947      8.475198
     77   1      6   1   0     4  0.416081      88.743      223.0      224.7      1.971  0.351370  0.116546  0.347635  1.367071      8.423115
     78   1      4   2   3     8  0.412746      89.860       37.4       37.2      0.389  0.347306  0.117674  0.353246  1.353643     16.903423
     79   1      0   4   0     2  0.411656      90.231      427.9      433.6      5.787  0.345970  0.118056  0.355130  1.349275      4.199286
     80   1      2   3   3     8  0.411290      90.356        0.8        0.8      0.010  0.345519  0.118186  0.355770  1.347807     16.888554
     81   1      0   1   5     4  0.411242      90.372      135.6      137.2      1.648  0.345461  0.118203  0.355853  1.347617      8.529364
     82   1      4   3   1     8  0.410772      90.534        0.5        0.5      0.003  0.344882  0.118371  0.356679  1.345734     16.799700
     83   1      4   0   4     4  0.410525      90.619        6.8        6.8      0.033  0.344577  0.118459  0.357114  1.344747      8.477702
     84   1      6   1   1     8  0.409695      90.906      268.3      272.2      4.082  0.343552  0.118760  0.358589  1.341429     16.790905
     85   1      1   1   5     8  0.407063      91.829        0.1        0.1      0.003  0.340281  0.119745  0.363378  1.330912     17.021685
     86   1      5   2   2     8  0.406146      92.157        3.6        3.6      0.080  0.339133  0.120100  0.365091  1.327244     16.799538
     87   1      5   1   3     8  0.406067      92.185       79.7       81.3      1.913  0.339034  0.120131  0.365239  1.326928     16.850176
     88   1      2   0   5     4  0.404905      92.605       24.8       26.7      2.075  0.337572  0.120590  0.367446  1.322276      8.504378
     89   1      6   0   2     4  0.401675      93.802       46.9       50.0      3.348  0.333468  0.121930  0.373801  1.309280      8.393912
     90   1      1   4   1     8  0.401539      93.853        5.6        5.9      0.353  0.333293  0.121988  0.374077  1.308729     16.758152
     91   1      4   1   4     8  0.400583      94.218       34.0       35.0      1.156  0.332064  0.122406  0.376031  1.304853     16.906757
     92   1      3   2   4     8  0.399064      94.809      468.0      478.3     10.517  0.330096  0.123090  0.379211  1.298651     16.908171
     93   1      2   4   0     4  0.395951      96.069        0.9        0.9      0.023  0.325998  0.124588  0.386047  1.285728      8.383199
     94   1      2   1   5     8  0.395611      96.211      190.2      199.0      9.201  0.325545  0.124761  0.386823  1.284293     17.009150
     95   1      4   3   2     8  0.393683      97.040        0.1        0.1      0.008  0.322946  0.125778  0.391351  1.276048     16.823252
     96   1      6   1   2     8  0.392840      97.415        1.5        1.5      0.070  0.321796  0.126246  0.393403  1.272376     16.832291
     97   1      3   3   3     8  0.392295      97.663      241.8      250.3      8.779  0.321045  0.126557  0.394760  1.269968     16.885651
     98   1      2   4   1     8  0.391038      98.249       11.0       12.1      1.310  0.319294  0.127304  0.397978  1.264327     16.828329
     99   1      0   4   2     4  0.389667      98.918       42.8       45.0      2.327  0.317351  0.128171  0.401649  1.257990      8.439432
    100   1      6   2   0     4  0.388395      99.573      127.3      132.5      5.397  0.315507  0.129036  0.405240  1.251889      8.433953
    101   1      3   0   5     4  0.387720      99.937       15.0       16.2      1.391  0.314510  0.129523  0.407231  1.248542      8.556060
    102   1      1   4   2     8  0.386903     100.396       39.6       44.4      5.333  0.313282  0.130144  0.409735  1.244368     16.940662
    103   1      1   3   4     8  0.385570     101.197       64.2       68.5      4.601  0.311219  0.131249  0.414090  1.237191     17.088682
    104   1      6   2   1     8  0.384689     101.775       10.6       11.0      0.543  0.309801  0.132060  0.417207  1.232108     16.986052
    105   1      1   2   5     8  0.383399     102.719       64.3       63.7      0.762  0.307614  0.133418  0.422260  1.223944     17.256487
    106   1      5   2   3     8  0.382955     103.084      819.8      820.3      2.317  0.306817  0.133952  0.424190  1.220843     17.137938
    107   1      3   1   5     8  0.382370     103.611       94.1       92.5      1.681  0.305717  0.134733  0.426953  1.216417     17.315046
    108   1      5   3   1     8  0.382199     103.777        3.6        3.5      0.136  0.305382  0.134982  0.427819  1.215032     17.116104
    109   1      5   0   4     4  0.382112     103.864       12.9       12.3      0.623  0.305208  0.135113  0.428274  1.214305      8.626712
    110   1      6   0   3     4  0.381323     104.777       10.7       10.7      0.228  0.303502  0.136505  0.432957  1.206818      8.630614
    111   1      2   4   2     8  0.381250     104.876       34.9       35.3      0.714  0.303329  0.136659  0.433459  1.206015     17.225946
    112   1      4   2   4     8  0.381047     105.177       15.0       15.9      1.084  0.302817  0.137128  0.434977  1.203585     17.354168
    113   1      2   3   4     8  0.380760     105.692        7.3        8.5      1.530  0.301998  0.137939  0.437535  1.199477     17.397242
    114   1      3   4   1     8  0.380756     105.700        0.9        1.1      0.191  0.301985  0.137953  0.437576  1.199411     17.269108
    115   1      7   0   1     4  0.380474     106.474        3.2        3.7      0.646  0.300889  0.139197  0.441336  1.193332      8.669298
    116   1      2   2   5     8  0.380380     107.245      148.3      150.6      2.643  0.299968  0.140464  0.444965  1.187393     17.616806
    117   1      5   1   4     8  0.380403     107.600       62.7       64.6      1.992  0.299604  0.141059  0.446597  1.184690     17.574966
    118   1      4   3   3     8  0.380521     108.138       14.8       14.5      0.465  0.299130  0.141972  0.449011  1.180645     17.571024
    119   1      6   2   2     8  0.380658     108.500      116.7      116.6      1.243  0.298864  0.142594  0.450594  1.177956     17.567640
    120   1      6   1   3     8  0.380672     108.530        5.0        5.0      0.057  0.298844  0.142645  0.450723  1.177735     17.612877

   No.  Code     H   K   L  Mult     Hw         2theta      Icalc       Iobs      Sigma      HwG     HwL       ETA       d-hkl        CORR

    121   1      7   1   1     8  0.382041     110.263       26.6       26.1      0.543  0.298235  0.145725  0.457796  1.165190     17.746500
    122   1      4   0   5     4  0.382348     110.521      257.1      261.0      4.131  0.298241  0.146197  0.458771  1.163370      8.989366
    123   1      5   3   2     8  0.382413     110.572        1.1        1.1      0.013  0.298246  0.146292  0.458964  1.163007     17.809734
    124   1      0   0   6     2  0.383052     111.038       68.4       68.8      0.893  0.298334  0.147157  0.460664  1.159749      4.534214
    125   1      1   4   3     8  0.384064     111.666       92.7       93.2      1.122  0.298596  0.148343  0.462838  1.155419     17.993135
    126   1      3   4   2     8  0.385847     112.572      217.1      222.0      5.086  0.299278  0.150096  0.465724  1.149286     18.077316
    127   1      1   0   6     4  0.385925     112.608        8.3        8.4      0.141  0.299312  0.150165  0.465830  1.149050      9.174154
    128   1      7   0   2     4  0.387775     113.380      239.8      240.4      1.654  0.300205  0.151702  0.468031  1.143934      9.097592
    129   1      3   3   4     8  0.387898     113.427        4.0        4.0      0.027  0.300269  0.151798  0.468158  1.143624     18.300961
    130   1      4   4   0     4  0.390247     114.257       29.2       27.8      1.499  0.301571  0.153494  0.470234  1.138245      9.148547
    131   1      4   1   5     8  0.390728     114.412        3.3        3.2      0.135  0.301854  0.153817  0.470591  1.137250     18.527079
    132   1      3   2   5     8  0.392880     115.061       42.6       45.4      3.119  0.303171  0.155182  0.471965  1.133137     18.631748
    133   1      2   4   3     8  0.398322     116.454       56.7       59.7      3.108  0.306781  0.158216  0.474276  1.124521     18.738823
    134   1      1   1   6     8  0.398795     116.562        1.5        1.5      0.039  0.307109  0.158459  0.474418  1.123862     18.980713
    135   1      4   4   1     8  0.399193     116.652      321.1      324.0      3.316  0.307386  0.158661  0.474532  1.123316     18.709337
    136   1      7   1   2     8  0.402496     117.360      134.3      134.1      1.238  0.309733  0.160268  0.475291  1.119074     18.863632
    137   1      2   0   6     4  0.402850     117.432        7.9        7.9      0.084  0.309988  0.160433  0.475355  1.118647      9.570040
    138   1      6   3   0     4  0.409584     118.690      150.1      151.6      1.990  0.314984  0.163395  0.476064  1.111302      9.544553
    139   1      5   2   4     8  0.413749     119.382      101.0      101.5      1.314  0.318170  0.165081  0.476125  1.107357     19.361006
    140   1      6   2   3     8  0.420505     120.402       38.0       38.1      0.425  0.323457  0.167639  0.475786  1.101671     19.521826
    141   1      0   3   5     4  0.421655     120.565      150.1      146.4      3.735  0.324370  0.168056  0.475685  1.100775      9.844531
    142   1      6   3   1     8  0.426225     121.186       31.7       31.0      0.769  0.328023  0.169671  0.475180  1.097395     19.632322
    143   1      6   0   4     4  0.426982     121.285        1.3        1.3      0.013  0.328633  0.169932  0.475083  1.096859      9.888788
    144   1      2   1   6     8  0.429146     121.564      272.3      275.7      3.760  0.330381  0.170670  0.474783  1.095366     20.007378
    145   1      1   3   5     8  0.434924     122.272       14.5       14.7      0.217  0.335088  0.172579  0.473856  1.091615     20.084196
    146   1      7   2   1     8  0.435297     122.316      115.5      116.9      1.715  0.335394  0.172700  0.473790  1.091383     19.897820
    147   1      5   3   3     8  0.438553     122.693      152.9      152.0      1.635  0.338071  0.173740  0.473193  1.089413     20.055283
    148   1      4   4   2     8  0.452551     124.182        9.4        9.8      0.595  0.349726  0.177987  0.470206  1.081823     20.395170
    149   1      3   4   3     8  0.460315     124.932      182.6      186.6      4.267  0.356274  0.180217  0.468339  1.078112     20.638981
    150   1      4   3   4     8  0.462550     125.139       24.5       25.1      0.682  0.358168  0.180845  0.467781  1.077097     20.754402
    151   1      5   0   5     4  0.465490     125.406       61.1       62.7      1.713  0.360664  0.181662  0.467036  1.075797     10.452228
    152   1      6   1   4     8  0.467602     125.595       17.4       17.6      0.209  0.362462  0.182243  0.466494  1.074886     20.882864
    153   1      7   0   3     4  0.470438     125.844       99.3       99.3      0.878  0.364881  0.183017  0.465757  1.073690     10.448001
    154   1      3   0   6     4  0.472275     126.002       42.6       42.2      0.582  0.366450  0.183514  0.465274  1.072932     10.584007
    155   1      4   2   5     8  0.484136     126.981      272.1      270.8      2.232  0.376628  0.186650  0.462090  1.068322     21.367304
    156   1      0   5   1     4  0.488709     127.340       47.8       46.4      1.318  0.380570  0.187829  0.460838  1.066662     10.638304
    157   1      0   4   4     4  0.490097     127.447        8.5        8.2      0.329  0.381769  0.188184  0.460456  1.066171     10.717633
    158   1      0   2   6     4  0.491968     127.590        0.7        0.7      0.039  0.383386  0.188660  0.459940  1.065516     10.824677
    159   1      2   3   5     8  0.492169     127.605      110.0      103.6      5.905  0.383560  0.188711  0.459885  1.065446     21.560741
    160   1      8   0   0     2  0.509283     128.844      251.3      250.5      1.938  0.398417  0.192965  0.455122  1.059867      5.437987
    161   1      6   3   2     8  0.513433     129.129        0.8        0.8      0.006  0.402034  0.193972  0.453963  1.058612     21.881212
    162   1      1   5   1     8  0.514412     129.195        7.5        7.5      0.054  0.402889  0.194208  0.453690  1.058321     21.878410
    163   1      1   4   4     8  0.516042     129.305        1.5        1.5      0.010  0.404311  0.194601  0.453235  1.057840     22.042738
    164   1      1   2   6     8  0.518239     129.452      203.1      202.8      1.514  0.406230  0.195128  0.452622  1.057201     22.264503
    165   1      5   1   5     8  0.525889     129.950       20.3       19.6      0.734  0.412922  0.196946  0.450491  1.055042     22.344286
    166   1      7   2   2     8  0.532668     130.379      196.5      196.7      1.307  0.418865  0.198536  0.448612  1.053212     22.317455
    167   1      7   1   3     8  0.533266     130.416      115.9      116.1      0.812  0.419390  0.198676  0.448446  1.053054     22.373499
    168   1      3   1   6     8  0.536001     130.585       17.6       17.4      0.259  0.421790  0.199312  0.447691  1.052339     22.667646
    169   1      8   0   1     4  0.554500     131.679       24.1       23.8      0.557  0.438070  0.203546  0.442640  1.047783     11.387596
    170   1      2   5   0     4  0.562071     132.105      174.6      175.2      2.158  0.444751  0.205248  0.440607  1.046046     11.465892
    171   1      5   4   1     8  0.571904     132.641        1.2        1.3      0.073  0.453441  0.207435  0.437999  1.043888     23.153427
    172   1      8   1   0     4  0.590895     133.627        3.5        3.4      0.394  0.470262  0.211594  0.433077  1.040003     11.775830
    173   1      2   5   1     8  0.621402     135.092      193.8      201.2      7.772  0.497367  0.218122  0.425511  1.034423     24.204203
    174   1      2   4   4     8  0.624037     135.212        1.2        1.3      0.036  0.499712  0.218679  0.424878  1.033975     24.393604
    175   1      2   2   6     8  0.627589     135.373      135.0      136.1      1.785  0.502874  0.219427  0.424029  1.033377     24.649384
    176   1      8   1   1     8  0.658109     136.695       13.4       13.8      0.684  0.530082  0.225785  0.416981  1.028579     24.966318
    177   1      3   3   5     8  0.678088     137.505      323.5      325.8      3.387  0.547923  0.229886  0.412598  1.025725     25.598433
    178   1      1   5   2     8  0.695434     138.178       16.5       16.3      0.290  0.563430  0.233413  0.408936  1.023407     25.758669
    179   1      4   4   3     8  0.707786     138.640      248.8      253.5      5.401  0.574480  0.235908  0.406408  1.021839     26.056826
    180   1      4   0   6     4  0.745501     139.978        1.3        1.3      0.093  0.608254  0.243453  0.399076  1.017426     13.540503

   No.  Code     H   K   L  Mult     Hw         2theta      Icalc       Iobs      Sigma      HwG     HwL       ETA       d-hkl        CORR

    181   1      6   2   4     8  0.757499     140.382       20.3       21.8      1.910  0.619007  0.245832  0.396861  1.016128     27.130203
    182   1      8   0   2     4  0.779489     141.097       41.3       46.3      5.645  0.638725  0.250172  0.392940  1.013869     13.728048
    183   1      5   4   2     8  0.816922     142.247       46.8       52.0      5.964  0.672316  0.257501  0.386654  1.010339     28.204279
    184   1      5   3   4     8  0.862727     143.551        0.6        0.9      0.353  0.713451  0.266389  0.379573  1.006486     29.237469
    185   1      6   3   3     8  0.920809     145.066       29.7       30.6      1.119  0.765649  0.277559  0.371449  1.002211     30.317736
    186   1      2   5   2     8  0.927588     145.234      127.6      132.0      5.087  0.771744  0.278857  0.370558  1.001750     30.399336
    187   1      4   1   6     8  0.957332     145.950        5.5        5.4      0.153  0.798489  0.284538  0.366775  0.999815     31.330265
    188   1      5   2   5     8  0.965376     146.138      124.7      121.2      3.719  0.805723  0.286071  0.365786  0.999315     31.370867
    189   1      3   5   1     8  0.987977     146.654       71.8       71.3      0.830  0.826050  0.290371  0.363085  0.997956     31.557812
    190   1      7   2   3     8  0.993666     146.781       70.0       70.3      0.728  0.831167  0.291452  0.362422  0.997625     31.756590
    191   1      3   4   4     8  0.994906     146.809       21.2       21.3      0.243  0.832283  0.291687  0.362278  0.997553     31.857376
    192   1      3   2   6     8  1.004301     147.016      190.0      194.1      4.591  0.840734  0.293471  0.361200  0.997017     32.263809
    193   1      8   1   2     8  1.014638     147.241       12.0       12.4      0.359  0.850032  0.295431  0.360034  0.996439     32.114975
    194   1      7   3   1     8  1.052196     148.032       11.4       11.1      0.397  0.883824  0.302541  0.355969  0.994446     32.819939
    195   1      7   0   4     4  1.060082     148.193       49.7       48.6      1.606  0.890920  0.304031  0.355148  0.994048     16.571688
    196   1      6   0   5     4  1.111994     149.210       74.4       78.8      5.063  0.937634  0.313819  0.350004  0.991579     17.135235
    197   1      1   0   7     4  1.216629     151.065        0.0        0.0      0.001  1.031816  0.333463  0.340852  0.987309     18.314867
    198   1      8   2   0     4  1.238776     151.428      158.0      170.7     14.334  1.051753  0.337608  0.339096  0.986507     18.231853

     -----------------------------------------------------
     BRAGG R-Factors and weight fractions for Pattern #  1
     -----------------------------------------------------

 => Phase:  1     PbSO4
 => Bragg R-factor:   1.78       Vol:  318.432( 0.000)  Fract(%):  100.00( 0.00)
 => Rf-factor=  1.44             ATZ:        1213.030   Brindley:  1.0000

     -----------------------------------------------------------------
      SYMBOLIC NAMES AND FINAL VALUES AND SIGMA OF REFINED PARAMETERS:
     -----------------------------------------------------------------


 ------------------------------------------------------------------
 => Number of bytes for floating point variables: 4
 => Dimensions of dynamic allocated arrays in this run of FullProf:
 ------------------------------------------------------------------

 => Total approximate array memory (dynamic + static): 107719993 bytes

    MaxPOINT=    60000 Max.num. of points(+int. Inten.)/diffraction pattern       
    MaxREFLT=    20000 Max.num. of reflections/diffraction pattern               
    MaxPARAM=      300 Max.num. of refinable parameters                          
    MaxOVERL=     2096 Max.num. of overlapping reflections                       

 ----------------------------------------------------------
 => Number of bytes for floating point arrays: 4
 => Dimensions of fixed arrays in this release of FullProf:
 ----------------------------------------------------------

    NPATT   =       80 Max.num. of powder diffraction patterns                    
    NATS    =      830 Max.num. of atoms (all kind) in asymmetric unit            
    MPAR    =     1800 Max.num. of non atomic parameters/phase                    
    IEXCL   =       30 Max.num. of excluded regions                               
    IBACP   =      277 Max.num. of background points for interpolation            
    NPHT    =       16 Max.num. of phases                                         
    NMAGM   =        8 Max.num. of rotation-matrices sets for magnetic structure  
    NBASIS  =       12 Max.num. of basis functions associated to a single atom    
    NIREPS  =        9 Max.num. of irreducible representations to be combined     
    N_EQ    =      384 Max.num. of user-supplied symmetry operators/propagation vectors
    NGL     =      300 Max.num. of global parameters/diffraction pattern          
    N_LINC  =       30 Max.num. of global linear restraints                        
    NAT_P   =       64 Max.num. of atomic parameters per atom                     
    NCONST  =      500 Max.num. of slack constraints per phase                    
    N_SPE   =       16 Max.num. of different chemical species                     
    N_FORM  =       60 Max.num. of scattering factor values in a table            
    NPR     =      150 Max.num. of points defining a numerical profile            
    INPR    =       25 Max.num. of different numerical peak shapes                
    NPRC    =      150 Max.num. of terms in the table for correcting intensities  
    NSOL    =       10 Max.num. of solutions to be stored in Montecarlo searchs   

 
              CPU Time:     0.078 seconds
                            0.001 minutes

 => Run finished at:     Date: 26/07/2015  Time: 13:42:14.155                              
