

        **********************************************************
        ** PROGRAM FullProf.2k (Version 5.40 - Mar2014-ILL JRC) **
        **********************************************************
                       M U L T I -- P A T T E R N                 
            Rietveld, Profile Matching & Integrated Intensity     
                 Refinement of X-ray and/or Neutron Data


    Date: 11/05/2014  Time: 23:50:57.182                              

 => PCR file code: pbsox
 => DAT file code: pbsox.dat            -> Relative contribution: 1.0000                                                            

 ==> CONDITIONS OF THIS RUN FOR PATTERN No.:  1

 => Global Refinement of X-ray powder diffraction data                                                                              
 => Global Refinement of X-ray powder diffraction data                                                                              
    Bragg-Brentano(X-rays) or Debye-Scherrer geometry(Neutrons)
 => Title: PbSO4 XrayDif (Rietveld Refinement Round Robin, R.J. Hill, JApC 2

 => Number of phases:    1
 => Number of excluded regions:    2
 => Number of scattering factors supplied:    0
 => Conventional weights: w=1.0/Variance(yobs)
 => Asymmetry correction as in J.Appl.Cryst. 26,128(1993)
 => Background refined by polynomial function
 => The    5th default profile function was selected
 => Pseudo-Voigt function (ETA variable)
                 X-parameter correspond to: ETA=ETA0+X*2theta
                       pV(x)= ETA*L(x)+(1-ETA)*G(x)

 ==> INPUT/OUTPUT OPTIONS:

 => Generate file *.PRF for plot
 => Output Integrated Intensities
 => Generate new input file *.PCR

 => Data supplied in free format for pattern:  1
 => Plot pattern at each cycle
 => Wavelengths:  1.54056 1.54440
 => Alpha2/Alpha1 ratio:   0.5000
 => Cos(Monochromator angle)=   0.8000
 => Asymmetry correction for angles lower than  160.000 degrees
 => Absorption correction (AC), muR-eff =   0.0000  0.0000
 => Base of peaks: 2.0*HW*    6.00

 => Number of cycles:   14
 => Relaxation factors ==>    for coordinates:  1.00
 => for anisotropic temperature factors:  1.00
 => for halfwidth/strain/size parameters:  1.00
 => for lattice constants and propagation vectors:  1.00
 => EPS-value for convergence:    0.1

 => Excluded regions for Pattern#  1
    From     to
      0.0000     10.0000
    154.0000    180.0000

 => Number of Least-Squares parameters varied:    34

 =>--------------------------->
 =>------->  PATTERN number:  1
 =>--------------------------->
 => Global parameters and codes ==>
 => Zero-point:     0.0061   21.0000
 => Background parameters and codes ==>
 => Origin of polynomial at 2theta/TOF/E(KeV):   50.000  
  128.30      34.577     -65.852     -22.970      88.982     -29.907    
       31.00       41.00       51.00       61.00       71.00       81.00
 => Displacement peak-shift parameter and code:     0.00    0.00
 => Transparency peak-shift parameter and code:     0.00    0.00

 => Reading Intensity data  =>>

 ==> Angular range, step and number of points:
     2Thmin:      10.000000  2Thmax:     160.000000  Step:       0.025000  No. of points:   6001
 --------------------------------------------------------------------------------
 => Phase  No. 1
       PbSO4                                                                
 --------------------------------------------------------------------------------
 =>-------> Pattern#  1
 => Crystal Structure Refinement
 => Preferred orientation vector:   0.0000  0.0000  1.0000

 =>-------> Data for PHASE: 1
 => Number of atoms:    5
 => Number of distance  constraints:    0
 => Number of angle     constraints:    0

 => Symmetry information on space group: P n m a             
 -> The multiplicity of the general position is:   8
 -> The space group is Centric (-1 at origin)   
 -> Lattice type  P: { 000 }                                       
 -> Reduced set of symmetry operators:

  No.  IT   Symmetry symbol    Rotation part     Associated Translation
   1: ( 1)   1            -->     ( x, y, z) + {  0.0000  0.0000  0.0000}
   2: ( 4)   2 ( x, 0, 0) -->     ( x,-y,-z) + {  0.5000  0.5000  0.5000}
   3: ( 3)   2 ( 0, y, 0) -->     (-x, y,-z) + {  0.0000  0.5000  0.0000}
   4: ( 2)   2 ( 0, 0, z) -->     (-x,-y, z) + {  0.5000  0.0000  0.5000}


        Information on Space Group: 
        --------------------------- 

 =>  Number of Space group:  62
 => Hermann-Mauguin Symbol: P n m a
 =>            Hall Symbol: -P 2ac 2n
 =>   Table Setting Choice: 
 =>           Setting Type: IT (Generated from Hermann-Mauguin symbol)
 =>         Crystal System: Orthorhombic
 =>             Laue Class: mmm
 =>            Point Group: mmm
 =>        Bravais Lattice: P
 =>         Lattice Symbol: oP
 => Reduced Number of S.O.:   4
 =>   General multiplicity:   8
 =>         Centrosymmetry: Centric (-1 at origin)
 => Generators (exc. -1&L):   2
 =>        Asymmetric unit:  0.000 <= x <=  0.500
                             0.000 <= y <=  0.250
                             0.000 <= z <=  1.000

 => List of S.O. without inversion and lattice centring translations
 => SYMM(  1): x,y,z                               => SYMM(  2): x+1/2,-y+1/2,-z+1/2
 => SYMM(  3): -x,y+1/2,-z                         => SYMM(  4): -x+1/2,-y,z+1/2


 => Initial parameters ==>
 Atom    Ntyp                  X         Y         Z         B         occ.         in  fin  Spc  Mult
                             B11       B22       B33       B12       B13       B23
 Pb     PB                 0.18797   0.25000   0.16754   1.36066   0.50000           0    0    0    4
                 Codes:  171.00000   0.00000 181.00000 281.00000   0.00000
 S      S                  0.06467   0.25000   0.68300   0.89819   0.50000           0    0    0    4
                 Codes:  191.00000   0.00000 201.00000 291.00000   0.00000
 O1     O                  0.90705   0.25000   0.59672   0.56097   0.50000           0    0    0    4
                 Codes:  211.00000   0.00000 221.00000 301.00000   0.00000
 O2     O                  0.18642   0.25000   0.54269   1.00122   0.50000           0    0    0    4
                 Codes:  231.00000   0.00000 241.00000 311.00000   0.00000
 O3     O                  0.08025   0.02961   0.81208   1.06893   1.00000           0    0    0    8
                 Codes:  251.00000 261.00000 271.00000 321.00000   0.00000

 => IT IS ASSUMED THAT THE FIRST GIVEN SITE IS FULLY OCCUPIED 
    OR THE FIRST AND SECOND ATOMS ARE IN THE SAME SITE WITH TOTAL FULL OCCUPATION
  (If this is not the case, change the order of atoms to obtain correct values for the content of the unit cell)
    The given occupation factors have been obtained mutiplying m/M by   1.0000
      -> Atom: PB  ,  Chemical element: PB  Atomic Mass:   207.2000
      -> Atom: S   ,  Chemical element: S   Atomic Mass:    32.0600
      -> Atom: O   ,  Chemical element: O   Atomic Mass:    15.9994
      -> Atom: O   ,  Chemical element: O   Atomic Mass:    15.9994
      -> Atom: O   ,  Chemical element: O   Atomic Mass:    15.9994
 => The given value of ATZ is       1213.03 the program has calculated:        1213.03
    The value of ATZ given in the input PCR file will be used for quantitative analysis
 => The chemical content of the unit cell is: 
       4.0000 PB   +   4.0000 S    +   4.0000 O    +   4.0000 O    +   8.0000 O      
 => The normalized site occupation numbers in % are: 
     100.0000 Pb     :      100.0000 S      :      100.0000 O1     :      100.0000 O2     :      100.0000 O3       
 => The density (volumic mass) of the compound is:    6.309 g/cm3

 =>-------> PROFILE PARAMETERS FOR PATTERN:  1

 => Overall scale factor:   0.473050E-03
 => ETA (p-Voigt) OR M (Pearson VII):   0.0000
 => Overall temperature factor:      0.00000
 => Halfwidth U,V,W:      0.03105    -0.05204     0.03202
 => X and Y parameters:       0.0147      0.0000
 => Direct cell parameters:    8.4857   5.4025   6.9645  90.0000  90.0000  90.0000
 => Preferred orientation parameters:   0.0000  0.0000
 => Asymmetry parameters     :     -0.37007     0.00735     1.22978     0.00000
 => Strain parameters        :      0.00000     0.00000     0.00000
 => Size   parameters        :      0.00000     0.00000

 ==> CODEWORDS FOR PROFILE PARAMETERS of PATTERN#  1

 => Overall scale factor:   11.000
 => ETA (p-Voigt) OR M (Pearson VII):    0.000
 => Overall temperature factor:    0.000
 => Halfwidth U,V,W:  121.000 131.000 141.000
 => X and Y parameters:  151.000   0.000
 => Direct cell parameters:   91.000 101.000 111.000   0.000   0.000   0.000
 => Preferred orientation parameters:    0.000   0.000
 => Asymmetry parameters     :  161.000 331.000 341.000   0.000
 => Strain parameters        :    0.000   0.000   0.000
 => Size   parameters        :    0.000   0.000

 => Cell constraints according to Laue symmetry: mmm  

        Metric information:
        -------------------

 => Direct cell parameters:

         a =       8.4857      b =       5.4025      c =       6.9645
     alpha =       90.000   beta =       90.000  gamma =       90.000
                        Direct Cell Volume =     319.2808

 => Reciprocal cell parameters:

         a*=     0.117846      b*=     0.185100      c*=     0.143584
     alpha*=       90.000   beta*=       90.000  gamma*=       90.000
                    Reciprocal Cell Volume =   0.00313204

 => Direct and Reciprocal Metric Tensors:

                   GD                                       GR
     72.0068      0.0000      0.0000          0.013888    0.000000    0.000000
      0.0000     29.1868      0.0000          0.000000    0.034262    0.000000
      0.0000      0.0000     48.5049          0.000000    0.000000    0.020616

 =>  Cartesian frame: x // a; y is in the ab-plane; z is x ^ y   

     Crystal_to_Orthonormal_Matrix              Orthonormal_to_Crystal Matrix
              Cr_Orth_cel                               Orth_Cr_cel  
      8.4857      0.0000      0.0000          0.117846    0.000000    0.000000
      0.0000      5.4025      0.0000          0.000000    0.185100    0.000000
      0.0000      0.0000      6.9645          0.000000    0.000000    0.143584

     Busing-Levy B-matrix: Hc=B.H            Inverse of the Busing-Levy B-matrix
                BL_M                                      BL_Minv  
    0.117846    0.000000    0.000000            8.4857      0.0000      0.0000
    0.000000    0.185100    0.000000            0.0000      5.4025      0.0000
    0.000000    0.000000    0.143584            0.0000      0.0000      6.9645

 => Laue symmetry mmm   will be used to generate HKL for pattern#   1
 => Reflections generated between S(1/d)min:  0.1129 A-1 and S(1/d)max:  1.2808 A-1
 =>                                    dmax:  8.8600 A   and      dmin:  0.7807 A
 => The number of reflections generated is:    386
 => The max. scatt. variable (gen.ref.) is:       161.2128
 => Scattering coefficients from internal table


 => X-ray scattering coeff. (A1, B1, A2,...C, f(0), Z, Dfp,Dfpp)

 PB     31.0617   0.6902  13.0637   2.3576  18.4420   8.6180   5.9696  47.2579  13.4118  81.9488  82.0000  -4.8180   8.5050
 S       6.9053   1.4679   5.2034  22.2151   1.4379   0.2536   1.5863  56.1720   0.8669  15.9998  16.0000   0.3190   0.5570
 O       3.0485  13.2771   2.2868   5.7011   1.5463   0.3239   0.8670  32.9089   0.2508   7.9994   8.0000   0.0470   0.0320

     --------------------------------------------------------------
      SYMBOLIC NAMES AND INITIAL VALUES OF PARAMETERS TO BE VARIED:
     --------------------------------------------------------------

      ->  Parameter number    1   -> Symbolic Name:       Scale_ph1_pat1    0.47304999E-03
      ->  Parameter number    2   -> Symbolic Name:            Zero_pat1    0.60700001E-02
      ->  Parameter number    3   -> Symbolic Name:           Bck_0_pat1     128.30099    
      ->  Parameter number    4   -> Symbolic Name:           Bck_1_pat1     34.577000    
      ->  Parameter number    5   -> Symbolic Name:           Bck_2_pat1    -65.851997    
      ->  Parameter number    6   -> Symbolic Name:           Bck_3_pat1    -22.969999    
      ->  Parameter number    7   -> Symbolic Name:           Bck_4_pat1     88.982002    
      ->  Parameter number    8   -> Symbolic Name:           Bck_5_pat1    -29.907000    
      ->  Parameter number    9   -> Symbolic Name:      Cell_A_ph1_pat1     8.4856815    
      ->  Parameter number   10   -> Symbolic Name:      Cell_B_ph1_pat1     5.4024811    
      ->  Parameter number   11   -> Symbolic Name:      Cell_C_ph1_pat1     6.9645462    
      ->  Parameter number   12   -> Symbolic Name:      U-Cagl_ph1_pat1    0.31051001E-01
      ->  Parameter number   13   -> Symbolic Name:      V-Cagl_ph1_pat1   -0.52039001E-01
      ->  Parameter number   14   -> Symbolic Name:      W-Cagl_ph1_pat1    0.32017000E-01
      ->  Parameter number   15   -> Symbolic Name:       X-tan_ph1_pat1    0.14718000E-01
      ->  Parameter number   16   -> Symbolic Name:       Asym1_ph1_pat1   -0.37007001    
      ->  Parameter number   17   -> Symbolic Name:             X_Pb_ph1    0.18797000    
      ->  Parameter number   18   -> Symbolic Name:             Z_Pb_ph1    0.16754000    
      ->  Parameter number   19   -> Symbolic Name:              X_S_ph1    0.64669997E-01
      ->  Parameter number   20   -> Symbolic Name:              Z_S_ph1    0.68300003    
      ->  Parameter number   21   -> Symbolic Name:             X_O1_ph1    0.90705001    
      ->  Parameter number   22   -> Symbolic Name:             Z_O1_ph1    0.59671998    
      ->  Parameter number   23   -> Symbolic Name:             X_O2_ph1    0.18641999    
      ->  Parameter number   24   -> Symbolic Name:             Z_O2_ph1    0.54268998    
      ->  Parameter number   25   -> Symbolic Name:             X_O3_ph1    0.80250002E-01
      ->  Parameter number   26   -> Symbolic Name:             Y_O3_ph1    0.29610001E-01
      ->  Parameter number   27   -> Symbolic Name:             Z_O3_ph1    0.81208003    
      ->  Parameter number   28   -> Symbolic Name:          Biso_Pb_ph1     1.3606600    
      ->  Parameter number   29   -> Symbolic Name:           Biso_S_ph1    0.89819002    
      ->  Parameter number   30   -> Symbolic Name:          Biso_O1_ph1    0.56097001    
      ->  Parameter number   31   -> Symbolic Name:          Biso_O2_ph1     1.0012200    
      ->  Parameter number   32   -> Symbolic Name:          Biso_O3_ph1     1.0689300    
      ->  Parameter number   33   -> Symbolic Name:       Asym2_ph1_pat1    0.73500001E-02
      ->  Parameter number   34   -> Symbolic Name:       Asym3_ph1_pat1     1.2297800    
  
 
 => No optimization for routine tasks


   Standard deviations have to be multiplied by: 2.2792
   (correlated residuals) See references:
  -J.F.Berar & P.Lelann, J. Appl. Cryst. 24, 1-5 (1991) 
  -J.F.Berar, Acc. in Pow. Diff. II,NIST Sp.Pub. 846, 63(1992) 

 ++++++++++++++++++++++++++++++++++++++++++++++++++++++++++++++++++++++++++++++++++++++++++++++++++++++++++++++++++++++++

 => CYCLE No.:    1
 =>  Convergence reached at this CYCLE !!!!
 =>  Parameter shifts set to zero
 ---------------------------------------------------------------------------------------
 => Phase  1 Name:  PbSO4                                                                
 ---------------------------------------------------------------------------------------
 => New parameters, shifts, and standard deviations

 Atom        x       dx      sx       y       dy      sy       z       dz      sz       B       dB      sB      occ.    docc.   socc.

 Pb       0.18797 0.00000 0.00010  0.25000 0.00000 0.00000  0.16754 0.00000 0.00014  1.36126 0.00000 0.02428  0.50000 0.00000 0.00000
 S        0.06467 0.00000 0.00057  0.25000 0.00000 0.00000  0.68300 0.00000 0.00076  0.89890 0.00000 0.10380  0.50000 0.00000 0.00000
 O1       0.90706 0.00000 0.00123  0.25000 0.00000 0.00000  0.59672 0.00000 0.00143  0.56096 0.00000 0.25630  0.50000 0.00000 0.00000
 O2       0.18642 0.00000 0.00141  0.25000 0.00000 0.00000  0.54268 0.00000 0.00175  1.00191 0.00000 0.25677  0.50000 0.00000 0.00000
 O3       0.08025 0.00000 0.00085  0.02961 0.00000 0.00121  0.81208 0.00000 0.00123  1.06887 0.00000 0.18756  1.00000 0.00000 0.00000

 ==> PROFILE PARAMETERS FOR PATTERN#  1

 => Overall scale factor:      0.000473107     0.000000000     0.000002222
 => Eta(p-Voigt) or m(Pearson VII):   0.000010  0.000000  0.000000
 => Overall tem. factor:   0.000000  0.000000  0.000000
 => Halfwidth parameters: 
       0.030989  0.000000  0.001121
      -0.051981  0.000000  0.001403
       0.032000  0.000000  0.000424
 => Cell parameters: 
       8.485684   0.000000   0.000130
       5.402483   0.000000   0.000081
       6.964548   0.000000   0.000107
      90.000000   0.000000   0.000000
      90.000000   0.000000   0.000000
      90.000000   0.000000   0.000000
 => Preferred orientation: 
       0.000000  0.000000  0.000000
       0.000000  0.000000  0.000000
 => Asymmetry parameters: 
      -0.370242  0.000000  0.017763
       0.007363  0.000000  0.001179
       1.230232  0.000000  0.036866
       0.000000  0.000000  0.000000
 => X and Y parameters: 
       0.014724  0.000000  0.000139
       0.000000  0.000000  0.000000
 => Strain parameters: 
       0.000000  0.000000  0.000000
       0.000000  0.000000  0.000000
       0.000000  0.000000  0.000000
 => Size   parameters (G,L): 
       0.000000  0.000000  0.000000
       0.000000  0.000000  0.000000

 ==> GLOBAL PARAMETERS FOR PATTERN#  1


 => Zero-point:     0.0061    0.0000    0.0008
 => Background Polynomial Parameters ==>
       128.29      0.0000     0.98913    
       34.608      0.0000      2.7062    
      -65.825      0.0000      4.0513    
      -23.006      0.0000      4.4485    
       89.004      0.0000      5.9215    
      -29.912      0.0000      1.8666    

 => Cos( theta)-shift parameter :   0.0000  0.0000  0.0000
 => Sin(2theta)-shift parameter :   0.0000  0.0000  0.0000

 ==> RELIABILITY FACTORS WITH ALL NON-EXCLUDED POINTS FOR PATTERN:  1

 => R-Factors:   7.74      10.3     Chi2:  4.42     DW-Stat.:  0.7258   Patt#:  1
 => Expected :            4.90                                1.9301
 => Deviance : 0.273E+05     Dev*:   4.766    
 => GoF-index:  2.1         Sqrt(Residual/N)
 => N-P+C:  5726

 =>    SumYdif       SumYobs      SumYcal      SumwYobsSQ     Residual    Condition
     0.1843E+06    0.2381E+07    0.2356E+07    0.2381E+07    0.2531E+05    0.2399E+16


 => Conventional Rietveld Rp,Rwp,Re and Chi2:   11.9      14.2      6.76      4.420    
 => (Values obtained using Ynet, but true sigma(y))
 =>  SumYnet, Sum(w Ynet**2):     0.1550E+07    0.1251E+07

 => N-sigma of the GoF:  182.981

 ==> RELIABILITY FACTORS FOR POINTS WITH BRAGG CONTRIBUTIONS FOR PATTERN:  1

 => R-Factors:   7.62      10.1     Chi2:  4.54     DW-Stat.:  0.7660   Patt#:
 => Expected :            4.76                                1.9277
 => Deviance : 0.260E+05     Dev*:   4.916    
 => GoF-index:  2.1         Sqrt(Residual/N)
 => N-P+C:  5281

 =>    SumYdif       SumYobs      SumYcal      SumwYobsSQ     Residual    Condition
     0.1777E+06    0.2332E+07    0.2308E+07    0.2332E+07    0.2398E+05    0.2399E+16


 => Conventional Rietveld Rp,Rwp,Re and Chi2:   11.5      13.9      6.50      4.540    
 => (Values obtained using Ynet, but true sigma(y))
 =>  SumYnet, Sum(w Ynet**2):     0.1550E+07    0.1250E+07

 => N-sigma of the GoF:      181.930

 => Global user-weigthed Chi2 (Bragg contrib.):   4.79    

 => ---------> Pattern#  1
 => Phase:  1
 =>    Bragg R-factor:  4.48    
 =>    RF-factor     :  3.34    

 --------------------------------------------------------------------------------------------------------------
 Pattern#  1 Phase No:   1 Phase name:  PbSO4                        
 --------------------------------------------------------------------------------------------------------------

   No.  Code     H   K   L  Mult      Hw      ETA/M    2theta/TOF     Icalc       Iobs      Sigma     StrFactor^2    d-hkl       CORR

      1   1      1   0   1     4  0.158565  0.242254      16.452       39.1       20.7     10.117        471.5462  5.383503      1.000000
      2   1      0   1   1     4  0.153346  0.306144      20.792     1312.4     1350.2     38.599      26566.5684  4.268731      1.000000
      3   1      2   0   0     2  0.153193  0.308033      20.920      493.3      498.6      5.754      20232.6133  4.242841      1.000000
      4   1      1   1   1     8  0.150350  0.343181      23.307      919.0     1007.5     95.341      11801.8330  3.813404      1.000000
      5   1      2   0   1     4  0.148880  0.361449      24.548      356.6      358.6      3.263      10211.7637  3.623408      1.000000
      6   1      0   0   2     2  0.147686  0.376341      25.559      508.8      503.5      5.967      31709.6914  3.482273      1.000000
      7   1      2   1   0     4  0.146351  0.393042      26.693     1527.1     1544.0     17.547      52142.3594  3.336813      1.000000
      8   1      1   0   2     4  0.145209  0.407378      27.667     1182.9     1143.9     37.192      43590.6094  3.221561      1.000000
      9   1      2   1   1     8  0.142880  0.436755      29.662     1828.3     1807.7     20.715      39044.3828  3.009253      1.000000
     10   1      1   1   2     8  0.139794  0.476001      32.328      689.3      699.1     10.352      17703.2832  2.766958      1.000000
     11   1      0   2   0     2  0.138864  0.487911      33.137      847.8      951.7    113.723      91835.4141  2.701241      1.000000
     12   1      2   0   2     4  0.138726  0.489681      33.257       34.8       36.7      2.063       1897.9470  2.691752      1.000000
     13   1      3   0   1     4  0.137662  0.503365      34.186      160.7      171.7     11.643       9311.6592  2.620670      1.000000
     14   1      1   2   1     8  0.134230  0.547887      37.210        2.0        1.5      0.574         70.2992  2.414358      1.000000
     15   1      2   1   2     8  0.134138  0.549087      37.291      325.6      315.0     10.329      11390.0410  2.409266      1.000000
     16   1      3   1   1     8  0.133190  0.561506      38.135       35.2       30.1      4.358       1292.0677  2.357896      1.000000
     17   1      2   2   0     4  0.131648  0.581837      39.516      350.7      383.4     34.730      27863.9258  2.278628      1.000000
     18   1      1   0   3     4  0.130843  0.592512      40.241       91.4       99.6      8.850       7555.2036  2.239228      1.000000
     19   1      3   0   2     4  0.129919  0.604832      41.077      115.7      126.6     11.685      10007.4736  2.195528      1.000000
     20   1      2   2   1     8  0.129267  0.613558      41.670      508.2      542.4     35.386      22690.6387  2.165664      1.000000
     21   1      0   2   2     4  0.128566  0.622984      42.310      100.9      116.7     17.833       9313.0859  2.134365      1.000000
     22   1      0   1   3     4  0.128533  0.623424      42.340        5.2        5.9      0.871        478.2364  2.132927      1.000000
     23   1      4   0   0     2  0.128270  0.626970      42.581        4.9        9.1      7.724        910.3065  2.121421      1.000000
     24   1      1   2   2     8  0.127060  0.643369      43.695      843.0      846.3      4.359      41796.5273  2.069893      1.000000
     25   1      1   1   3     8  0.127029  0.643798      43.724      925.0      933.4      8.759      45927.7266  2.068581      1.000000
     26   1      2   0   3     4  0.126249  0.654447      44.447        6.4        6.0      0.317        655.1161  2.036586      1.000000
     27   1      3   1   2     8  0.126184  0.655329      44.507      640.7      631.3      9.362      33099.3750  2.033982      1.000000
     28   1      4   0   1     4  0.126069  0.656901      44.614      604.0      631.9     28.284      62707.6016  2.029363      1.000000
     29   1      4   1   0     4  0.124674  0.676131      45.920      400.5      441.0     43.120      44357.9648  1.974638      1.000000
     30   1      2   2   2     8  0.122846  0.701682      47.655       74.0       81.3      7.932       4448.7607  1.906702      1.000000
     31   1      2   1   3     8  0.122818  0.702083      47.682        3.1        3.4      0.321        187.2055  1.905676      1.000000
     32   1      4   1   1     8  0.122653  0.704407      47.840        3.2        3.2      0.108        192.2685  1.899755      1.000000
     33   1      3   2   1     8  0.122123  0.711904      48.349      123.5      134.0     11.036       7666.8555  1.880933      1.000000
     34   1      4   0   2     4  0.120099  0.740959      50.323        0.2        0.7      1.438         31.8005  1.811704      1.000000
     35   1      3   0   3     4  0.119577  0.748565      50.839      335.1      311.9     20.879      46535.8906  1.794501      1.000000
     36   1      0   3   1     4  0.117983  0.772106      52.438      154.0      154.6      2.055      22903.3945  1.743486      1.000000
     37   1      0   0   4     2  0.117908  0.773228      52.514       39.9       42.1      2.274      11901.5430  1.741137      1.000000
     38   1      1   2   3     8  0.117354  0.781549      53.079        9.1        9.0      0.438        698.6428  1.723922      1.000000
     39   1      4   1   2     8  0.117151  0.784607      53.287       49.1       47.6      1.727       3787.8423  1.717693      1.000000
     40   1      1   3   1     8  0.116828  0.789508      53.620       81.2       73.8      6.533       6347.6924  1.707812      1.000000
     41   1      1   0   4     4  0.116755  0.790612      53.695      163.0      156.2      6.382      25550.1543  1.705603      1.000000
     42   1      3   2   2     8  0.116694  0.791545      53.758       23.1       22.5      0.651       1817.8326  1.703742      1.000000
     43   1      3   1   3     8  0.116670  0.791913      53.783      144.7      141.3      3.418      11386.0713  1.703010      1.000000
     44   1      4   2   0     4  0.115514  0.809708      54.992        0.0        0.0      0.008          1.6819  1.668407      1.000000
     45   1      2   3   0     4  0.115150  0.815389      55.378      135.4      151.0     16.682      22737.2129  1.657691      1.000000
     46   1      5   0   1     4  0.114849  0.820121      55.699       47.2       48.6      1.624       8030.0435  1.648886      1.000000
     47   1      1   1   4     8  0.114074  0.832430      56.535       72.6       70.0      2.616       6375.1650  1.626472      1.000000
     48   1      2   2   3     8  0.114064  0.832590      56.546        0.1        0.1      0.002          5.1285  1.626184      1.000000
     49   1      4   2   1     8  0.113935  0.834651      56.686      336.2      342.3      6.431      29695.7070  1.622500      1.000000
     50   1      2   3   1     8  0.113590  0.840221      57.064      211.4      221.7     10.511      18942.6992  1.612640      1.000000
     51   1      2   0   4     4  0.113525  0.841280      57.136       17.7       19.1      1.363       3190.8135  1.610780      1.000000
     52   1      5   1   1     8  0.112327  0.860982      58.474       15.8       19.1      3.834       1497.1185  1.577067      1.000000
     53   1      1   3   2     8  0.112142  0.864084      58.685      127.5      125.6      2.498      12146.3545  1.571907      1.000000
     54   1      4   0   3     4  0.111931  0.867639      58.926        9.8        9.1      0.704       1886.7416  1.566042      1.000000
     55   1      2   1   4     8  0.111119  0.881510      59.868       28.7       27.6      1.651       2860.1980  1.543629      1.000000
     56   1      5   0   2     4  0.110461  0.893016      60.650       15.3       13.0      2.140       3132.9822  1.525597      1.000000
     57   1      4   2   2     8  0.109691  0.906805      61.586        1.2        1.1      0.132        126.4242  1.504627      1.000000
     58   1      4   1   3     8  0.109673  0.907142      61.609        0.6        0.6      0.074         68.5876  1.504122      1.000000
     59   1      2   3   2     8  0.109402  0.912099      61.946       47.6       46.8      1.017       5094.7104  1.496753      1.000000
     60   1      3   2   3     8  0.109327  0.913471      62.039      350.0      343.8      6.312      37594.1836  1.494729      1.000000

   No.  Code     H   K   L  Mult      Hw      ETA/M    2theta/TOF     Icalc       Iobs      Sigma     StrFactor^2    d-hkl       CORR

     61   1      3   3   1     8  0.108939  0.920684      62.529       13.4       13.6      0.442       1464.9011  1.484191      1.000000
     62   1      3   0   4     4  0.108886  0.921687      62.597       10.3       10.6      0.445       2264.0933  1.482740      1.000000
     63   1      5   1   2     8  0.108350  0.931877      63.289      163.1      177.2     14.758      18283.4355  1.468181      1.000000
     64   1      0   2   4     4  0.108176  0.935230      63.517       42.1       43.8      1.813       9510.0576  1.463466      1.000000
     65   1      1   2   4     8  0.107395  0.950693      64.567      240.0      230.6      8.832      28075.5469  1.442175      1.000000
     66   1      3   1   4     8  0.106947  0.959886      65.191      132.4      132.1      1.743      15806.0459  1.429865      1.000000
     67   1      0   3   3     4  0.106695  0.965164      65.550        1.7        2.2      0.569        413.9539  1.422910      1.000000
     68   1      6   0   0     2  0.106384  0.971801      66.001       11.7       16.2      6.000       5723.8447  1.414280      1.000000
     69   1      5   2   1     8  0.106137  0.977165      66.365       73.5       74.9      1.820       9098.1924  1.407398      1.000000
     70   1      1   3   3     8  0.105992  0.980375      66.583      203.2      193.7      8.812      25319.3633  1.403318      1.000000
     71   1      3   3   2     8  0.105605  0.989103      67.176      157.8      153.1      4.603      20011.5781  1.392368      1.000000
     72   1      6   0   1     4  0.105382  0.994263      67.526       29.2       32.3      3.336       7484.9858  1.385992      1.000000
     73   1      2   2   4     8  0.105294  0.996313      67.665       20.1       21.1      1.108       2586.8101  1.383479      1.000000
     74   1      1   0   5     4  0.104985  1.003699      68.167        6.0        6.1      0.135       1572.5675  1.374514      1.000000
     75   1      4   3   0     4  0.104929  1.005058      68.259      122.0      118.6      3.433      31986.0547  1.372881      1.000000
     76   1      5   0   3     4  0.104833  1.007404      68.419      110.2      115.3      5.244      28985.1211  1.370072      1.000000
     77   1      6   1   0     4  0.104769  1.008994      68.527       96.3      101.0      4.755      25445.3574  1.368176      1.000000
     78   1      4   2   3     8  0.104323  1.020349      69.298        3.4        4.2      0.900        459.2214  1.354822      1.000000
     79   1      0   4   0     2  0.104185  1.023979      69.544      110.6      109.5      1.771      60152.1523  1.350620      1.000000
     80   1      2   3   3     8  0.104134  1.025329      69.636        0.4        0.4      0.010         47.8402  1.349066      1.000000
     81   1      0   1   5     4  0.104126  1.025561      69.652       76.5       78.3      1.980      20862.4102  1.348800      1.000000
     82   1      4   3   1     8  0.104066  1.027165      69.761        0.1        0.1      0.002         11.4062  1.346960      1.000000
     83   1      4   0   4     4  0.104031  1.028112      69.825        0.1        0.1      0.005         29.1158  1.345876      1.000000
     84   1      6   1   1     8  0.103923  1.031061      70.025      129.8      134.5      4.836      17892.8594  1.342516      1.000000
     85   1      1   1   5     8  0.103595  1.040342      70.656       31.6       32.1      1.004       4432.7095  1.332077      1.000000
     86   1      5   2   2     8  0.103481  1.043673      70.882        7.0        7.3      0.276        990.6506  1.328379      1.000000
     87   1      5   1   3     8  0.103471  1.043987      70.903       56.4       57.8      1.717       7954.3721  1.328032      1.000000
     88   1      2   0   5     4  0.103331  1.048181      71.188       29.6       32.9      3.533       8420.1982  1.323416      1.000000
     89   1      6   0   2     4  0.102948  1.060268      72.009        2.6        3.4      1.036        743.2866  1.310335      1.000000
     90   1      1   4   1     8  0.102939  1.060561      72.029        1.4        1.8      0.483        207.8249  1.310022      1.000000
     91   1      4   1   4     8  0.102825  1.064379      72.288       43.2       42.2      1.625       6332.7041  1.305961      1.000000
     92   1      3   2   4     8  0.102656  1.070229      72.686        0.4        0.3      0.088         56.4828  1.299798      1.000000
     93   1      2   4   0     4  0.102323  1.082620      73.527       29.3       25.9      2.916       8856.3906  1.286986      1.000000
     94   1      2   1   5     8  0.102284  1.084166      73.632       93.8       87.2      5.970      14203.0537  1.285411      1.000000
     95   1      4   3   2     8  0.102088  1.092294      74.184       24.2       21.3      2.506       3716.8159  1.277205      1.000000
     96   1      6   1   2     8  0.102001  1.096095      74.442       28.2       28.0      0.643       4354.2803  1.273415      1.000000
     97   1      3   3   3     8  0.101951  1.098395      74.599       65.1       63.5      1.813      10098.7109  1.271134      1.000000
     98   1      2   4   1     8  0.101831  1.104064      74.984       35.0       33.2      1.810       5473.8530  1.265559      1.000000
     99   1      0   4   2     4  0.101704  1.110586      75.427       32.0       33.4      1.661      10121.7598  1.259223      1.000000
    100   1      6   2   0     4  0.101587  1.117140      75.872       36.6       35.9      1.160      11696.0469  1.252939      1.000000
    101   1      3   0   5     4  0.101529  1.120647      76.110       22.9       22.4      0.654       7348.0835  1.249610      1.000000
    102   1      1   4   2     8  0.101462  1.124920      76.400      107.6      102.4      4.873      17393.0391  1.245584      1.000000
    103   1      1   3   4     8  0.101354  1.132702      76.929       38.5       38.7      0.992       6311.9434  1.238339      1.000000
    104   1      6   2   1     8  0.101285  1.138358      77.313       41.0       43.4      2.592       6762.6602  1.233143      1.000000
    105   1      1   2   5     8  0.101195  1.147306      77.920        0.1        0.1      0.018         19.8763  1.225038      1.000000
    106   1      5   2   3     8  0.101166  1.150824      78.159      199.0      186.8     10.956      33443.3203  1.221890      1.000000
    107   1      3   1   5     8  0.101130  1.155809      78.498       22.2       22.2      0.437       3755.6453  1.217466      1.000000
    108   1      5   3   1     8  0.101121  1.157343      78.602        7.5        7.3      0.295       1268.4299  1.216113      1.000000
    109   1      5   0   4     4  0.101116  1.158251      78.664        3.2        3.1      0.192       1093.3308  1.215315      1.000000
    110   1      6   0   3     4  0.101078  1.166867      79.249        0.0        0.0      0.013         16.3815  1.207803      1.000000
    111   1      2   4   2     8  0.101076  1.167589      79.298        7.1        5.3      1.492       1220.0344  1.207179      1.000000
    112   1      4   2   4     8  0.101069  1.170547      79.499        0.1        0.1      0.018         23.3085  1.204633      1.000000
    113   1      2   3   4     8  0.101063  1.175288      79.821       11.6       11.7      0.402       2009.6769  1.200581      1.000000
    114   1      3   4   1     8  0.101063  1.175314      79.823       24.3       24.5      0.847       4210.2827  1.200559      1.000000
    115   1      7   0   1     4  0.101068  1.182743      80.327        1.0        1.1      0.197        362.1269  1.194284      1.000000
    116   1      2   2   5     8  0.101089  1.189748      80.803       50.2       42.4      6.277       8879.0469  1.188448      1.000000
    117   1      5   1   4     8  0.101105  1.193098      81.030       75.9       70.4      4.901      13491.4766  1.185684      1.000000
    118   1      4   3   3     8  0.101134  1.197954      81.360        0.4        0.4      0.030         69.7876  1.181710      1.000000
    119   1      6   2   2     8  0.101159  1.201354      81.591       14.2       13.8      0.850       2544.9812  1.178948      1.000000
    120   1      6   1   3     8  0.101162  1.201653      81.612        0.1        0.1      0.010         25.9720  1.178705      1.000000

   No.  Code     H   K   L  Mult      Hw      ETA/M    2theta/TOF     Icalc       Iobs      Sigma     StrFactor^2    d-hkl       CORR

    121   1      7   1   1     8  0.101331  1.217425      82.683       13.9       12.7      1.144       2543.1763  1.166130      1.000000
    122   1      4   0   5     4  0.101363  1.219689      82.836       69.2       65.2      3.725      25340.1816  1.164356      1.000000
    123   1      5   3   2     8  0.101369  1.220093      82.864       57.3       54.0      3.036      10500.5732  1.164040      1.000000
    124   1      0   0   6     2  0.101433  1.224309      83.150       42.6       40.9      1.650      31332.8887  1.160758      1.000000
    125   1      1   4   3     8  0.101525  1.229787      83.522       11.1       10.2      0.928       2050.1365  1.156530      1.000000
    126   1      3   4   2     8  0.101682  1.237862      84.071       14.5       12.4      1.894       2713.6860  1.150378      1.000000
    127   1      1   0   6     4  0.101691  1.238298      84.100        0.6        0.5      0.091        238.8315  1.150048      1.000000
    128   1      7   0   2     4  0.101845  1.245216      84.570       52.3       48.5      3.324      19656.5215  1.144853      1.000000
    129   1      3   3   4     8  0.101851  1.245471      84.587       56.0       51.9      3.632      10528.8535  1.144664      1.000000
    130   1      4   4   0     4  0.102032  1.252692      85.078        0.4        0.4      0.043        155.7822  1.139314      1.000000
    131   1      4   1   5     8  0.102072  1.254179      85.179        0.0        0.0      0.004          3.2998  1.138221      1.000000
    132   1      3   2   5     8  0.102229  1.259777      85.559       33.4       29.8      3.239       6378.6729  1.134134      1.000000
    133   1      2   4   3     8  0.102604  1.271663      86.366        0.8        0.7      0.056        153.6196  1.125593      1.000000
    134   1      1   1   6     8  0.102640  1.272717      86.438        0.9        0.9      0.031        174.3323  1.124844      1.000000
    135   1      4   4   1     8  0.102663  1.273387      86.483      125.4      122.0      3.605      24188.4238  1.124369      1.000000
    136   1      7   1   2     8  0.102887  1.279613      86.906       28.0       30.5      2.614       5428.0693  1.119982      1.000000
    137   1      2   0   6     4  0.102906  1.280138      86.942       19.0       20.8      1.844       7389.3398  1.119614      1.000000
    138   1      6   3   0     4  0.103325  1.290730      87.661       42.6       44.2      2.042      16685.8105  1.112271      1.000000
    139   1      5   2   4     8  0.103575  1.296530      88.055        0.6        0.9      0.349        127.7931  1.108309      1.000000
    140   1      6   2   3     8  0.103964  1.304991      88.630        0.1        0.1      0.024         23.3071  1.102603      1.000000
    141   1      0   3   5     4  0.104023  1.306213      88.713       37.4       36.8      1.332      14829.9922  1.101785      1.000000
    142   1      6   3   1     8  0.104279  1.311378      89.064       49.4       46.5      2.679       9837.4453  1.098352      1.000000
    143   1      6   0   4     4  0.104324  1.312267      89.124        3.3        3.3      0.070       1311.7166  1.097764      1.000000
    144   1      2   1   6     8  0.104437  1.314459      89.273       77.6       75.9      1.895      15473.2402  1.096319      1.000000
    145   1      1   3   5     8  0.104738  1.320118      89.657       12.3       12.4      0.355       2455.3479  1.092614      1.000000
    146   1      7   2   1     8  0.104765  1.320617      89.691        0.2        0.2      0.010         43.8538  1.092289      1.000000
    147   1      5   3   3     8  0.104928  1.323560      89.891       32.4       35.2      3.016       6494.0156  1.090378      1.000000
    148   1      4   4   2     8  0.105620  1.335337      90.691        0.0        0.0      0.010          1.9640  1.082832      1.000000
    149   1      3   4   3     8  0.105989  1.341213      91.090       98.7       97.9      1.831      20027.6367  1.079125      1.000000
    150   1      4   3   4     8  0.106099  1.342909      91.205       21.1       21.8      0.757       4281.2280  1.078062      1.000000
    151   1      5   0   5     4  0.106242  1.345090      91.353        7.4        7.7      0.316       3025.7786  1.076701      1.000000
    152   1      6   1   4     8  0.106340  1.346570      91.454       12.2       13.6      1.432       2491.8777  1.075780      1.000000
    153   1      7   0   3     4  0.106472  1.348533      91.587        5.6        6.6      1.197       2266.0952  1.074561      1.000000
    154   1      3   0   6     4  0.106549  1.349677      91.665        0.0        0.0      0.002          2.3371  1.073854      1.000000
    155   1      4   2   5     8  0.107073  1.357169      92.174       88.2       86.5      2.062      18064.2031  1.069252      1.000000
    156   1      0   5   1     4  0.107255  1.359681      92.344       15.1       14.8      0.386       6200.9180  1.067723      1.000000
    157   1      0   4   4     4  0.107320  1.360571      92.405       12.7       12.8      0.192       5201.2109  1.067183      1.000000
    158   1      0   2   6     4  0.107407  1.361758      92.485       47.8       47.6      0.592      19608.3457  1.066463      1.000000
    159   1      2   3   5     8  0.107413  1.361838      92.491       44.8       44.7      0.528       9207.2695  1.066415      1.000000
    160   1      8   0   0     2  0.108138  1.371344      93.136       39.4       41.9      2.511      32507.3066  1.060710      1.000000
    161   1      6   3   2     8  0.108295  1.373321      93.271       14.4       14.3      0.243       2969.9775  1.059535      1.000000
    162   1      1   5   1     8  0.108317  1.373600      93.290       16.4       16.1      0.335       3373.1565  1.059370      1.000000
    163   1      1   4   4     8  0.108388  1.374491      93.350       60.8       59.2      1.673      12544.1328  1.058842      1.000000
    164   1      1   2   6     8  0.108484  1.375680      93.431        3.0        3.0      0.053        614.7852  1.058140      1.000000
    165   1      5   1   5     8  0.108790  1.379425      93.685        9.8        9.4      0.351       2027.0925  1.055934      1.000000
    166   1      7   2   2     8  0.109053  1.382578      93.899       68.9       72.1      3.233      14274.1113  1.054089      1.000000
    167   1      7   1   3     8  0.109078  1.382875      93.919       70.1       73.6      3.560      14498.7090  1.053916      1.000000
    168   1      3   1   6     8  0.109175  1.384021      93.997        0.2        0.2      0.010         36.1837  1.053248      1.000000
    169   1      8   0   1     4  0.109871  1.392030      94.541        0.1        0.1      0.013         34.6689  1.048618      1.000000
    170   1      2   5   0     4  0.110113  1.394722      94.724       35.2       38.1      3.121      14648.9941  1.047076      1.000000
    171   1      5   4   1     8  0.110470  1.398637      94.990       19.1       22.9      4.186       3983.1416  1.044847      1.000000
    172   1      8   1   0     4  0.111140  1.405743      95.473        0.0        0.0      0.009          1.8223  1.040839      1.000000
    173   1      2   5   1     8  0.112098  1.415454      96.132       51.9       49.7      2.298      10859.0254  1.035439      1.000000
    174   1      2   4   4     8  0.112188  1.416349      96.193        7.2        7.2      0.172       1500.5908  1.034947      1.000000
    175   1      2   2   6     8  0.112310  1.417542      96.274       38.0       38.7      0.980       7959.0972  1.034291      1.000000
    176   1      8   1   1     8  0.113248  1.426503      96.883       38.2       43.8      5.978       8022.0190  1.029406      1.000000
    177   1      3   3   5     8  0.113803  1.431622      97.230       18.0       20.5      2.634       3795.6453  1.026649      1.000000
    178   1      1   5   2     8  0.114268  1.435808      97.514       17.3       18.4      1.273       3628.7783  1.024413      1.000000
    179   1      4   4   3     8  0.114615  1.438876      97.723        2.9        2.9      0.204        616.5217  1.022784      1.000000
    180   1      4   0   6     4  0.115607  1.447420      98.303        0.0        0.0      0.003          1.2605  1.018293      1.000000

   No.  Code     H   K   L  Mult      Hw      ETA/M    2theta/TOF     Icalc       Iobs      Sigma     StrFactor^2    d-hkl       CORR

    181   1      6   2   4     8  0.115905  1.449920      98.473        5.1        7.7      3.531       1084.2714  1.016991      1.000000
    182   1      8   0   2     4  0.116446  1.454381      98.776       16.0       19.9      4.563       6737.8271  1.014682      1.000000
    183   1      5   4   2     8  0.117275  1.461048      99.229        5.2        5.1      0.430       1094.7631  1.011263      1.000000
    184   1      5   3   4     8  0.118260  1.468725      99.750       36.6       36.0      1.350       7724.8560  1.007375      1.000000
    185   1      6   3   3     8  0.119403  1.477314     100.333        0.0        0.0      0.000          0.4423  1.003084      1.000000
    186   1      2   5   2     8  0.119501  1.478034     100.382       18.5       16.1      2.012       3892.6125  1.002727      1.000000
    187   1      4   1   6     8  0.120072  1.482197     100.665       49.1       50.8      1.903      10366.8623  1.000673      1.000000
    188   1      5   2   5     8  0.120213  1.483209     100.734       24.5       25.5      1.068       5168.6582  1.000175      1.000000
    189   1      3   5   1     8  0.120570  1.485764     100.907        1.9        2.1      0.151        408.7892  0.998924      1.000000
    190   1      3   4   4     8  0.120697  1.486670     100.969        3.0        3.2      0.225        626.6893  0.998481      1.000000
    191   1      7   2   3     8  0.120703  1.486714     100.972        1.8        2.0      0.141        385.9284  0.998460      1.000000
    192   1      3   2   6     8  0.120868  1.487878     101.051        2.3        2.5      0.158        486.3763  0.997892      1.000000
    193   1      8   1   2     8  0.121057  1.489208     101.141        0.3        0.3      0.011         62.7322  0.997245      1.000000
    194   1      7   3   1     8  0.121634  1.493223     101.414        9.2       11.3      2.357       1939.2166  0.995300      1.000000
    195   1      7   0   4     4  0.121766  1.494131     101.476       25.6       30.8      5.896      10794.9414  0.994862      1.000000
    196   1      6   0   5     4  0.122518  1.499251     101.823       13.1       15.8      2.977       5544.3354  0.992405      1.000000
    197   1      1   0   7     4  0.123870  1.508191     102.430        1.5        1.7      0.228        640.1653  0.988166      1.000000
    198   1      8   2   0     4  0.124149  1.509994     102.553       52.0       59.8      8.436      21902.1191  0.987319      1.000000
    199   1      0   5   3     4  0.126823  1.526694     103.687        0.0        0.0      0.004         13.1077  0.979592      1.000000
    200   1      0   1   7     4  0.127228  1.529137     103.853       17.5       16.5      1.069       7337.6201  0.978481      1.000000
    201   1      7   1   4     8  0.127254  1.529289     103.863       16.0       15.1      0.991       3368.1843  0.978411      1.000000
    202   1      4   3   5     8  0.127488  1.530686     103.958        0.0        0.0      0.000          0.0769  0.977777      1.000000
    203   1      8   2   1     8  0.127574  1.531200     103.993        1.0        0.9      0.071        206.3867  0.977545      1.000000
    204   1      6   4   0     4  0.127866  1.532930     104.111        7.6        7.5      0.252       3205.0264  0.976763      1.000000
    205   1      6   1   5     8  0.128125  1.534458     104.214       36.4       35.7      0.968       7646.5195  0.976074      1.000000
    206   1      1   5   3     8  0.129258  1.541034     104.661       64.3       57.7      5.527      13481.1064  0.973130      1.000000
    207   1      1   1   7     8  0.129687  1.543486     104.828       14.2       13.3      0.822       2966.7681  0.972040      1.000000
    208   1      3   5   2     8  0.130728  1.549342     105.225       44.6       40.9      3.240       9327.8291  0.969456      1.000000
    209   1      1   3   6     8  0.130809  1.549792     105.256        1.5        1.4      0.097        316.1028  0.969258      1.000000
    210   1      2   0   7     4  0.131056  1.551160     105.349        3.6        3.4      0.218       1510.3220  0.968659      1.000000
    211   1      6   4   1     8  0.131624  1.554281     105.561       16.9       16.2      0.704       3526.3489  0.967296      1.000000
    212   1      7   3   2     8  0.132112  1.556936     105.741       22.6       22.7      0.571       4709.5996  0.966143      1.000000
    213   1      8   0   3     4  0.132698  1.560097     105.956        0.4        0.4      0.031        163.9494  0.964776      1.000000
    214   1      1   4   5     8  0.133312  1.563367     106.178        2.0        1.8      0.168        415.2639  0.963370      1.000000
    215   1      4   5   0     4  0.133561  1.564681     106.267       25.0       23.2      1.603      10406.5645  0.962807      1.000000
    216   1      5   4   3     8  0.133994  1.566953     106.421       70.8       66.6      3.852      14714.3184  0.961836      1.000000
    217   1      5   0   6     4  0.135709  1.575788     107.021        0.0        0.0      0.001          6.2324  0.958098      1.000000
    218   1      2   5   3     8  0.137443  1.584457     107.610        0.4        0.3      0.055         78.1409  0.954483      1.000000
    219   1      4   5   1     8  0.137811  1.586264     107.733        0.5        0.4      0.038         95.7929  0.953736      1.000000
    220   1      2   1   7     8  0.137951  1.586947     107.779       34.7       32.1      2.497       7162.5229  0.953454      1.000000
    221   1      4   4   4     8  0.138002  1.587198     107.796        0.1        0.1      0.004         11.6697  0.953351      1.000000
    222   1      4   2   6     8  0.138258  1.588444     107.881        0.4        0.3      0.045         79.2064  0.952838      1.000000
    223   1      2   3   6     8  0.139275  1.593349     108.214       47.7       46.2      1.639       9821.2061  0.950829      1.000000
    224   1      8   2   2     8  0.139766  1.595687     108.373       20.0       19.7      0.576       4120.0459  0.949878      1.000000
    225   1      8   1   3     8  0.139832  1.595999     108.394        0.0        0.0      0.000          0.0289  0.949751      1.000000
    226   1      2   4   5     8  0.142226  1.607144     109.151       19.9       16.5      2.797       4084.5151  0.945268      1.000000
    227   1      5   1   6     8  0.143275  1.611906     109.474        0.4        0.3      0.065         82.9292  0.943378      1.000000
    228   1      6   4   2     8  0.144941  1.619316     109.978        2.4        1.2      0.685        496.5488  0.940466      1.000000
    229   1      3   0   7     4  0.146061  1.624203     110.310        6.6        5.6      0.994       2682.2229  0.938566      1.000000
    230   1      6   3   4     8  0.146800  1.627386     110.526        8.7        6.6      1.622       1772.4708  0.937336      1.000000
    231   1      9   0   1     4  0.148655  1.635241     111.059        0.5        0.5      0.028        202.6950  0.934330      1.000000
    232   1      7   2   4     8  0.149142  1.637272     111.197       36.9       39.4      2.781       7432.3813  0.933560      1.000000
    233   1      6   2   5     8  0.150449  1.642658     111.563       23.9       24.6      0.990       4802.6313  0.931528      1.000000
    234   1      1   2   7     8  0.152787  1.652077     112.203        5.1        4.8      0.398       1027.0892  0.928020      1.000000
    235   1      4   5   2     8  0.152807  1.652158     112.208        4.8        4.5      0.370        958.0697  0.927989      1.000000
    236   1      3   5   3     8  0.154424  1.658515     112.640       15.1       12.7      1.965       3008.3318  0.925653      1.000000
    237   1      3   1   7     8  0.155087  1.661087     112.815        2.4        2.1      0.286        481.0163  0.924715      1.000000
    238   1      5   3   5     8  0.155510  1.662719     112.925        9.6        8.6      0.825       1894.0719  0.924121      1.000000
    239   1      7   3   3     8  0.156489  1.666460     113.180       54.9       55.0      1.179      10862.5449  0.922768      1.000000
    240   1      3   3   6     8  0.156816  1.667703     113.264        0.1        0.1      0.002         18.4440  0.922319      1.000000

   No.  Code     H   K   L  Mult      Hw      ETA/M    2theta/TOF     Icalc       Iobs      Sigma     StrFactor^2    d-hkl       CORR

    241   1      9   1   1     8  0.158044  1.672321     113.578       12.2       12.6      0.495       2408.4641  0.920664      1.000000
    242   1      3   4   5     8  0.160666  1.681980     114.234       18.8       14.6      3.111       3680.9082  0.917241      1.000000
    243   1      7   0   5     4  0.162908  1.690023     114.780        1.1        0.8      0.217        431.1859  0.914433      1.000000
    244   1      8   3   0     4  0.163301  1.691413     114.874        0.2        0.1      0.034         63.5984  0.913952      1.000000
    245   1      1   5   4     8  0.164288  1.694880     115.110        9.2        7.6      1.304       1785.4370  0.912756      1.000000
    246   1      2   2   7     8  0.165083  1.697650     115.298       15.0       13.2      1.580       2899.9724  0.911806      1.000000
    247   1      9   0   2     4  0.166550  1.702699     115.641       19.6       21.6      2.141       7543.5571  0.910084      1.000000
    248   1      8   2   3     8  0.167874  1.707193     115.946        0.1        0.1      0.007         19.5948  0.908565      1.000000
    249   1      8   3   1     8  0.170006  1.714309     116.429       33.6       35.7      2.296       6416.2539  0.906182      1.000000
    250   1      8   0   4     4  0.170307  1.715303     116.497        7.4        7.8      0.453       2840.5471  0.905852      1.000000
    251   1      5   5   1     8  0.172261  1.721679     116.930        2.6        2.6      0.090        489.4075  0.903745      1.000000
    252   1      5   4   4     8  0.172570  1.722677     116.998        2.0        1.9      0.124        377.5012  0.903417      1.000000
    253   1      5   2   6     8  0.172983  1.724008     117.088        0.8        0.7      0.101        157.3245  0.902981      1.000000
    254   1      7   1   5     8  0.174300  1.728213     117.374       14.1       14.6      0.627       2663.7668  0.901609      1.000000
    255   1      4   0   7     4  0.175100  1.730744     117.546       43.1       41.9      1.325      16225.1123  0.900788      1.000000
    256   1      0   6   0     2  0.175468  1.731902     117.624       26.0       23.8      1.847      19535.5527  0.900414      1.000000
    257   1      6   4   3     8  0.175562  1.732196     117.644        0.0        0.0      0.002          5.3585  0.900319      1.000000
    258   1      9   1   2     8  0.178462  1.741180     118.254       10.9       11.3      0.520       2042.2606  0.897440      1.000000
    259   1      2   5   4     8  0.178589  1.741571     118.281        5.5        5.7      0.283       1018.4584  0.897316      1.000000
    260   1      6   0   6     4  0.178656  1.741776     118.295       10.0       10.4      0.555       3714.3801  0.897251      1.000000
    261   1      7   4   1     8  0.181359  1.749932     118.849        0.7        0.8      0.133        134.2674  0.894677      1.000000
    262   1      8   1   4     8  0.182759  1.754086     119.131        0.1        0.1      0.037         14.3628  0.893381      1.000000
    263   1      4   5   3     8  0.187281  1.767174     120.020        0.0        0.0      0.009          8.3303  0.889354      1.000000
    264   1      4   1   7     8  0.188250  1.769917     120.206        0.0        0.0      0.002          1.3776  0.888522      1.000000
    265   1      1   6   1     8  0.188772  1.771386     120.306        0.1        0.1      0.019         22.8144  0.888078      1.000000
    266   1      3   2   7     8  0.190565  1.776387     120.645       12.3       11.8      0.625       2223.6255  0.886574      1.000000
    267   1      4   3   6     8  0.190780  1.776979     120.686       45.9       44.0      2.101       8267.9951  0.886396      1.000000
    268   1      6   1   6     8  0.192331  1.781241     120.975       41.6       42.8      1.449       7469.8345  0.885126      1.000000
    269   1      8   3   2     8  0.193717  1.785007     121.231        0.0        0.0      0.001          4.0771  0.884012      1.000000
    270   1      9   2   1     8  0.194994  1.788441     121.464        0.8        0.8      0.055        133.8404  0.883001      1.000000
    271   1      4   4   5     8  0.196428  1.792257     121.723       69.6       68.6      1.295      12365.8857  0.881886      1.000000
    272   1      5   5   2     8  0.196606  1.792729     121.755       37.0       36.6      0.640       6573.1699  0.881748      1.000000
    273   1      2   6   0     4  0.197850  1.796003     121.978       12.5       12.3      0.267       4431.4346  0.880798      1.000000
    274   1      0   4   6     4  0.198484  1.797658     122.090       43.2       43.2      0.685      15254.3613  0.880319      1.000000
    275   1      1   4   6     8  0.204966  1.814171     123.212        0.9        0.6      0.159        149.7158  0.875620      1.000000
    276   1      2   6   1     8  0.207557  1.820561     123.646       19.4       21.0      1.687       3344.7124  0.873837      1.000000
    277   1      9   0   3     4  0.207972  1.821573     123.714        1.9        2.0      0.064        665.2572  0.873557      1.000000
    278   1      7   4   2     8  0.208322  1.822425     123.772       56.1       56.0      0.968       9638.0283  0.873321      1.000000
    279   1      3   5   4     8  0.208447  1.822730     123.793       31.5       31.3      0.555       5410.0527  0.873236      1.000000
    280   1      0   6   2     4  0.210699  1.828159     124.162        9.3       10.1      0.871       3160.0906  0.871743      1.000000
    281   1      0   3   7     4  0.212055  1.831388     124.381       18.7       19.3      0.639       6354.7656  0.870862      1.000000
    282   1      7   3   4     8  0.212131  1.831567     124.393       19.4       20.1      0.651       3311.7854  0.870813      1.000000
    283   1      0   0   8     2  0.212511  1.832466     124.454       11.9       12.2      0.317       8095.3223  0.870568      1.000000
    284   1      6   3   5     8  0.214725  1.837660     124.807       30.1       30.7      0.764       5085.2461  0.869163      1.000000
    285   1      1   6   2     8  0.217943  1.845077     125.311       48.6       50.0      1.562       8147.6582  0.867179      1.000000
    286   1      1   3   7     8  0.219386  1.848352     125.533       13.7       14.0      0.398       2285.5991  0.866311      1.000000
    287   1      7   2   5     8  0.219658  1.848964     125.575        0.1        0.1      0.002         10.0466  0.866149      1.000000
    288   1      1   0   8     4  0.219871  1.849445     125.607       25.2       25.8      0.739       8397.7080  0.866023      1.000000
    289   1      9   2   2     8  0.226077  1.863151     126.538       55.5       65.4     10.576       9093.7227  0.862451      1.000000
    290   1      9   1   3     8  0.226248  1.863520     126.563       54.7       63.7      9.536       8953.9033  0.862356      1.000000
    291   1      2   4   6     8  0.226960  1.865057     126.668       23.4       26.4      3.172       3818.6550  0.861961      1.000000
    292   1      8   2   4     8  0.232760  1.877331     127.501       15.2       16.8      1.713       2439.3369  0.858846      1.000000
    293   1      6   5   0     4  0.233239  1.878325     127.569       27.6       30.7      3.159       8897.3936  0.858597      1.000000
    294   1      5   0   7     4  0.233783  1.879453     127.645        6.4        7.2      0.770       2057.7461  0.858315      1.000000
    295   1      1   1   8     8  0.240185  1.892435     128.527        7.0        8.2      1.288       1111.1146  0.855106      1.000000
    296   1      4   2   7     8  0.241382  1.894809     128.688       63.7       68.4      4.688      10018.5498  0.854527      1.000000
    297   1      2   6   2     8  0.242682  1.897369     128.862        4.8        5.0      0.210        756.2793  0.853906      1.000000
    298   1      0   5   5     4  0.243019  1.898029     128.907       20.5       21.4      0.969       6418.8877  0.853746      1.000000
    299   1      2   3   7     8  0.244441  1.900802     129.095       30.0       33.9      3.909       4693.2876  0.853077      1.000000
    300   1      2   0   8     4  0.245032  1.901949     129.173        1.7        1.9      0.283        516.1375  0.852801      1.000000

   No.  Code     H   K   L  Mult      Hw      ETA/M    2theta/TOF     Icalc       Iobs      Sigma     StrFactor^2    d-hkl       CORR

    301   1      6   5   1     8  0.246452  1.904685     129.359       47.3       51.9      4.591       7351.3169  0.852146      1.000000
    302   1      6   4   4     8  0.247052  1.905836     129.437        4.3        4.7      0.371        668.2281  0.851871      1.000000
    303   1      3   6   1     8  0.247751  1.907171     129.528       12.1       12.7      0.637       1870.9485  0.851553      1.000000
    304   1      6   2   6     8  0.247857  1.907373     129.542       32.5       34.2      1.643       5028.8530  0.851505      1.000000
    305   1      8   3   3     8  0.250276  1.911950     129.852        0.0        0.0      0.002          2.5600  0.850421      1.000000
    306   1      1   5   5     8  0.252471  1.916052     130.131       11.4       13.2      1.847       1741.9570  0.849458      1.000000
    307   1     10   0   0     2  0.254536  1.919865     130.390        9.3       10.4      1.174       5650.8892  0.848568      1.000000
    308   1      5   5   3     8  0.254917  1.920564     130.437       16.8       18.7      1.985       2548.5120  0.848406      1.000000
    309   1      5   1   7     8  0.256628  1.923685     130.649        1.7        1.8      0.168        251.4412  0.847683      1.000000
    310   1      5   3   6     8  0.261121  1.931744     131.197        0.1        0.1      0.004          8.5212  0.845837      1.000000
    311   1      8   0   5     4  0.266068  1.940398     131.785        0.0        0.0      0.010         10.7750  0.843884      1.000000
    312   1      4   5   4     8  0.269530  1.946324     132.187       15.1       17.2      2.188       2207.0967  0.842565      1.000000
    313   1      2   1   8     8  0.270049  1.947203     132.247       21.7       23.3      1.705       3162.6423  0.842371      1.000000
    314   1     10   0   1     4  0.270135  1.947348     132.257        4.7        5.0      0.343       1359.7784  0.842339      1.000000
    315   1      5   4   5     8  0.271276  1.949271     132.387       12.5       12.9      0.586       1816.1895  0.841915      1.000000
    316   1      7   4   3     8  0.274075  1.953943     132.704        6.2        6.8      0.705        887.3994  0.840891      1.000000
    317   1      3   4   6     8  0.275016  1.955500     132.810        0.1        0.2      0.016         20.1329  0.840552      1.000000
    318   1      7   0   6     4  0.281192  1.965531     133.491        0.5        0.5      0.034        141.5109  0.838389      1.000000
    319   1     10   1   0     4  0.281482  1.965994     133.523       26.6       28.4      1.971       7510.7812  0.838291      1.000000
    320   1      2   5   5     8  0.285418  1.972220     133.946       37.1       32.4      3.828       5171.9653  0.836970      1.000000
    321   1      1   6   3     8  0.290249  1.979699     134.454        2.2        2.5      0.264        306.4394  0.835404      1.000000
    322   1      8   4   0     4  0.294079  1.985508     134.848       60.2       69.1      9.275      16412.3086  0.834203      1.000000
    323   1      8   1   5     8  0.295477  1.987602     134.990       46.2       51.9      5.854       6269.4937  0.833774      1.000000
    324   1      6   5   2     8  0.295944  1.988298     135.038       12.4       13.8      1.487       1680.6699  0.833631      1.000000
    325   1      3   6   2     8  0.297779  1.991020     135.223        4.1        4.6      0.591        551.0033  0.833076      1.000000
    326   1      3   3   7     8  0.300366  1.994817     135.480        1.8        2.2      0.381        243.3568  0.832307      1.000000
    327   1     10   1   1     8  0.300446  1.994934     135.488       34.2       40.7      7.111       4581.1094  0.832283      1.000000
    328   1      3   0   8     4  0.301237  1.996086     135.567        2.1        2.5      0.399        559.6027  0.832051      1.000000
    329   1      9   2   3     8  0.304266  2.000456     135.863        3.1        3.3      0.151        416.7042  0.831174      1.000000
    330   1      9   3   1     8  0.310798  2.009678     136.490       11.7       13.2      1.536       1525.0659  0.829349      1.000000
    331   1      9   0   4     4  0.311729  2.010971     136.578       23.4       25.7      2.344       6082.9775  0.829096      1.000000
    332   1      4   6   0     4  0.312655  2.012251     136.665        0.0        0.0      0.001          6.2511  0.828846      1.000000
    333   1      0   2   8     4  0.313575  2.013517     136.750       15.3       15.0      0.560       3956.0120  0.828599      1.000000
    334   1      7   1   6     8  0.314048  2.014166     136.795        0.8        0.8      0.041        109.3564  0.828473      1.000000
    335   1      8   4   1     8  0.314762  2.015143     136.861        0.0        0.0      0.001          3.4549  0.828283      1.000000
    336   1      1   2   8     8  0.329059  2.034076     138.147       57.7       54.5      3.084       7158.6392  0.824677      1.000000
    337   1     10   0   2     4  0.330036  2.035328     138.232        2.7        2.6      0.110        664.5073  0.824443      1.000000
    338   1      2   6   3     8  0.333973  2.040318     138.571        0.2        0.2      0.007         19.2490  0.823517      1.000000
    339   1      4   6   1     8  0.336055  2.042923     138.748       70.8       74.9      4.238       8630.9141  0.823038      1.000000
    340   1      3   1   8     8  0.339070  2.046656     139.001       48.2       45.3      2.604       5828.9990  0.822355      1.000000
    341   1      9   1   4     8  0.352365  2.062569     140.082       18.0       16.1      1.725       2099.9482  0.819502      1.000000
    342   1      5   2   7     8  0.359788  2.071085     140.660       10.9        9.8      1.051       1255.6780  0.818013      1.000000
    343   1      3   5   5     8  0.363325  2.075055     140.930        9.2        8.1      1.040       1052.0371  0.817328      1.000000
    344   1      7   3   5     8  0.374055  2.086767     141.725       19.7       17.9      1.651       2178.5159  0.815339      1.000000
    345   1     10   1   2     8  0.375915  2.088748     141.860       15.8       13.6      1.853       1738.7537  0.815008      1.000000
    346   1      6   0   7     4  0.383197  2.096369     142.378        9.8        8.9      0.884       2127.4797  0.813745      1.000000
    347   1      2   2   8     8  0.386229  2.099480     142.589        9.1        9.1      0.343        978.7839  0.813236      1.000000
    348   1      4   4   6     8  0.387094  2.100362     142.649        0.0        0.0      0.001          3.2889  0.813092      1.000000
    349   1      9   3   2     8  0.392244  2.105549     143.001       14.9       15.2      0.612       1581.6072  0.812252      1.000000
    350   1      8   4   2     8  0.398594  2.111810     143.426       33.1       32.4      1.255       3457.7864  0.811250      1.000000
    351   1     10   2   0     4  0.409850  2.122559     144.156       19.6       18.7      1.073       3990.3118  0.809562      1.000000
    352   1      8   3   4     8  0.412095  2.124650     144.298        0.1        0.1      0.006         10.9475  0.809239      1.000000
    353   1      5   5   4     8  0.424643  2.136040     145.072       56.4       45.6      8.412       5539.6885  0.807501      1.000000
    354   1      4   6   2     8  0.433699  2.143956     145.609        0.1        0.1      0.010          8.4152  0.806320      1.000000
    355   1      4   3   7     8  0.439265  2.148700     145.932        0.2        0.2      0.005         15.7804  0.805622      1.000000
    356   1      8   2   5     8  0.440322  2.149591     145.992        0.1        0.1      0.003          7.1828  0.805492      1.000000
    357   1      4   0   8     4  0.441154  2.150290     146.040        0.1        0.1      0.005         18.0251  0.805390      1.000000
    358   1      6   5   3     8  0.442004  2.151002     146.088        0.3        0.4      0.022         31.2298  0.805287      1.000000
    359   1      3   6   3     8  0.446160  2.154455     146.323       95.7       95.4      1.373       8961.5713  0.804786      1.000000
    360   1      6   1   7     8  0.447150  2.155270     146.378       43.1       42.7      0.754       4029.1101  0.804668      1.000000

   No.  Code     H   K   L  Mult      Hw      ETA/M    2theta/TOF     Icalc       Iobs      Sigma     StrFactor^2    d-hkl       CORR

    361   1     10   2   1     8  0.451596  2.158899     146.624       27.9       26.4      1.408       2578.8860  0.804148      1.000000
    362   1      6   3   6     8  0.460971  2.166377     147.132       59.8       60.4      1.119       5413.1353  0.803089      1.000000
    363   1      7   5   1     8  0.478470  2.179740     148.040       10.2       11.0      0.784        894.1569  0.801242      1.000000
    364   1      7   4   4     8  0.480745  2.181423     148.154       63.9       66.7      3.073       5549.5044  0.801014      1.000000
    365   1      7   2   6     8  0.483815  2.183675     148.307        0.4        0.4      0.009         32.7334  0.800709      1.000000
    366   1      0   6   4     4  0.493323  2.190514     148.772       13.9       13.4      0.560       2341.8054  0.799796      1.000000
    367   1      6   4   5     8  0.494032  2.191016     148.806       34.2       33.0      1.302       2882.0081  0.799729      1.000000
    368   1      1   4   7     8  0.519249  2.208179     149.971        4.8        5.3      0.568        385.9519  0.797506      1.000000
    369   1     10   0   3     4  0.525494  2.212234     150.247        0.3        0.3      0.012         45.8839  0.796995      1.000000
    370   1      4   1   8     8  0.530604  2.215496     150.468       13.3       13.1      0.354       1041.4763  0.796587      1.000000
    371   1      1   6   4     8  0.534703  2.218077     150.644       84.6       78.1      6.294       6571.8447  0.796267      1.000000
    372   1      3   2   8     8  0.549177  2.226952     151.246        6.4        6.6      0.243        491.5238  0.795182      1.000000
    373   1      9   2   4     8  0.587801  2.248943     152.740      105.8      122.1     17.480       8290.5791  0.792602      1.000000
    374   1      4   5   5     8  0.597537  2.254130     153.092        0.1        0.1      0.004          4.4137  0.792015      1.000000

     -----------------------------------------------------
     BRAGG R-Factors and weight fractions for Pattern #  1
     -----------------------------------------------------

 => Phase:  1      PbSO4
 => Bragg R-factor:   4.48       Vol:  319.281( 0.008)  Fract(%):  100.00( 0.66)
 => Rf-factor=  3.34             ATZ:        1213.030   Brindley:  1.0000

     -----------------------------------------------------------------
      SYMBOLIC NAMES AND FINAL VALUES AND SIGMA OF REFINED PARAMETERS:
     -----------------------------------------------------------------

      ->  Parameter number    1 :       Scale_ph1_pat1    0.47310730E-03( +/-    0.22223967E-05 )
      ->  Parameter number    2 :            Zero_pat1    0.60879281E-02( +/-    0.77782635E-03 )
      ->  Parameter number    3 :           Bck_0_pat1     128.29031    ( +/-    0.98912632     )
      ->  Parameter number    4 :           Bck_1_pat1     34.607895    ( +/-     2.7061667     )
      ->  Parameter number    5 :           Bck_2_pat1    -65.824677    ( +/-     4.0513453     )
      ->  Parameter number    6 :           Bck_3_pat1    -23.005754    ( +/-     4.4484973     )
      ->  Parameter number    7 :           Bck_4_pat1     89.003952    ( +/-     5.9214635     )
      ->  Parameter number    8 :           Bck_5_pat1    -29.911854    ( +/-     1.8665963     )
      ->  Parameter number    9 :      Cell_A_ph1_pat1     8.4856844    ( +/-    0.12956408E-03 )
      ->  Parameter number   10 :      Cell_B_ph1_pat1     5.4024825    ( +/-    0.80592348E-04 )
      ->  Parameter number   11 :      Cell_C_ph1_pat1     6.9645481    ( +/-    0.10675303E-03 )
      ->  Parameter number   12 :      U-Cagl_ph1_pat1    0.30989164E-01( +/-    0.11206387E-02 )
      ->  Parameter number   13 :      V-Cagl_ph1_pat1   -0.51981185E-01( +/-    0.14026043E-02 )
      ->  Parameter number   14 :      W-Cagl_ph1_pat1    0.32000355E-01( +/-    0.42370282E-03 )
      ->  Parameter number   15 :       X-tan_ph1_pat1    0.14723945E-01( +/-    0.13900909E-03 )
      ->  Parameter number   16 :       Asym1_ph1_pat1   -0.37024176    ( +/-    0.17762613E-01 )
      ->  Parameter number   17 :             X_Pb_ph1    0.18796770    ( +/-    0.96906566E-04 )
      ->  Parameter number   18 :             Z_Pb_ph1    0.16754147    ( +/-    0.13954523E-03 )
      ->  Parameter number   19 :              X_S_ph1    0.64667061E-01( +/-    0.56845957E-03 )
      ->  Parameter number   20 :              Z_S_ph1    0.68299669    ( +/-    0.75866311E-03 )
      ->  Parameter number   21 :             X_O1_ph1    0.90705824    ( +/-    0.12318288E-02 )
      ->  Parameter number   22 :             Z_O1_ph1    0.59672302    ( +/-    0.14252337E-02 )
      ->  Parameter number   23 :             X_O2_ph1    0.18641832    ( +/-    0.14120160E-02 )
      ->  Parameter number   24 :             Z_O2_ph1    0.54268467    ( +/-    0.17540093E-02 )
      ->  Parameter number   25 :             X_O3_ph1    0.80249168E-01( +/-    0.84670889E-03 )
      ->  Parameter number   26 :             Y_O3_ph1    0.29605912E-01( +/-    0.12066282E-02 )
      ->  Parameter number   27 :             Z_O3_ph1    0.81207711    ( +/-    0.12304517E-02 )
      ->  Parameter number   28 :          Biso_Pb_ph1     1.3612641    ( +/-    0.24278639E-01 )
      ->  Parameter number   29 :           Biso_S_ph1    0.89889830    ( +/-    0.10379624     )
      ->  Parameter number   30 :          Biso_O1_ph1    0.56095731    ( +/-    0.25630140     )
      ->  Parameter number   31 :          Biso_O2_ph1     1.0019053    ( +/-    0.25676912     )
      ->  Parameter number   32 :          Biso_O3_ph1     1.0688692    ( +/-    0.18756403     )
      ->  Parameter number   33 :       Asym2_ph1_pat1    0.73631159E-02( +/-    0.11788325E-02 )
      ->  Parameter number   34 :       Asym3_ph1_pat1     1.2302324    ( +/-    0.36866359E-01 )

 ------------------------------------------------------------------
 => Number of bytes for floating point variables: 4
 => Dimensions of dynamic allocated arrays in this run of FullProf:
 ------------------------------------------------------------------

 => Total approximate array memory (dynamic + static):  92103993 bytes

    MaxPOINT=    60000 Max.num. of points(+int. Inten.)/diffraction pattern       
    MaxREFLT=    20000 Max.num. of reflections/diffraction pattern               
    MaxPARAM=      300 Max.num. of refinable parameters                          
    MaxOVERL=     2096 Max.num. of overlapping reflections                       

 ----------------------------------------------------------
 => Number of bytes for floating point arrays: 4
 => Dimensions of fixed arrays in this release of FullProf:
 ----------------------------------------------------------

    NPATT   =       80 Max.num. of powder diffraction patterns                    
    NATS    =      830 Max.num. of atoms (all kind) in asymmetric unit            
    MPAR    =      800 Max.num. of non atomic parameters/phase                    
    IEXCL   =       30 Max.num. of excluded regions                               
    IBACP   =      277 Max.num. of background points for interpolation            
    NPHT    =       16 Max.num. of phases                                         
    NMAGM   =        8 Max.num. of rotation-matrices sets for magnetic structure  
    NBASIS  =       12 Max.num. of basis functions associated to a single atom    
    NIREPS  =        9 Max.num. of irreducible representations to be combined     
    N_EQ    =      384 Max.num. of user-supplied symmetry operators/propagation vectors
    NGL     =      300 Max.num. of global parameters/diffraction pattern          
    N_LINC  =       30 Max.num. of global linear restraints                        
    NAT_P   =       64 Max.num. of atomic parameters per atom                     
    NCONST  =      500 Max.num. of slack constraints per phase                    
    N_SPE   =       16 Max.num. of different chemical species                     
    N_FORM  =       60 Max.num. of scattering factor values in a table            
    NPR     =      150 Max.num. of points defining a numerical profile            
    INPR    =       25 Max.num. of different numerical peak shapes                
    NPRC    =      150 Max.num. of terms in the table for correcting intensities  
    NSOL    =       10 Max.num. of solutions to be stored in Montecarlo searchs   

 
              CPU Time:     0.672 seconds
                            0.011 minutes

 => Run finished at:     Date: 11/05/2014  Time: 23:50:57.930                              
